Log file open, 11/22/18 13:01:47
LogWindows: Failed to load 'aqProf.dll' (GetLastError=126)
LogWindows: File 'aqProf.dll' does not exist
LogWindows: Failed to load 'VSPerf140.dll' (GetLastError=126)
LogWindows: File 'VSPerf140.dll' does not exist
LogWindows: Failed to load 'VtuneApi.dll' (GetLastError=126)
LogWindows: File 'VtuneApi.dll' does not exist
LogWindows: Failed to load 'VtuneApi32e.dll' (GetLastError=126)
LogWindows: File 'VtuneApi32e.dll' does not exist
LogInit: Display: Running engine for game: MyFirst2DProject
LogPlatformFile: Not using cached read wrapper
LogTaskGraph: Started task graph with 5 named threads and 23 total threads with 3 sets of task threads.
LogStats: Stats thread started at 3.015626
LogD3D11RHI: Loaded GFSDK_Aftermath_Lib.x64.dll
LogICUInternationalization: Display: ICU TimeZone Detection - Raw Offset: +8:00, Platform Override: ''
LogPluginManager: Mounting plugin Paper2D
LogPluginManager: Mounting plugin AISupport
LogPluginManager: Mounting plugin LightPropagationVolume
LogPluginManager: Mounting plugin CLionSourceCodeAccess
LogPluginManager: Mounting plugin CodeLiteSourceCodeAccess
LogPluginManager: Mounting plugin GitSourceControl
LogPluginManager: Mounting plugin KDevelopSourceCodeAccess
LogPluginManager: Mounting plugin NullSourceCodeAccess
LogPluginManager: Mounting plugin PerforceSourceControl
LogPluginManager: Mounting plugin SubversionSourceControl
LogPluginManager: Mounting plugin UObjectPlugin
LogPluginManager: Mounting plugin VisualStudioCodeSourceCodeAccess
LogPluginManager: Mounting plugin VisualStudioSourceCodeAccess
LogPluginManager: Mounting plugin XCodeSourceCodeAccess
LogPluginManager: Mounting plugin AssetManagerEditor
LogPluginManager: Mounting plugin CryptoKeys
LogPluginManager: Mounting plugin DataValidation
LogPluginManager: Mounting plugin FacialAnimation
LogPluginManager: Mounting plugin GameplayTagsEditor
LogPluginManager: Mounting plugin MacGraphicsSwitching
LogPluginManager: Mounting plugin MeshEditor
LogPluginManager: Mounting plugin MobileLauncherProfileWizard
LogPluginManager: Mounting plugin PluginBrowser
LogPluginManager: Mounting plugin SpeedTreeImporter
LogPluginManager: Mounting plugin DatasmithContent
LogPluginManager: Mounting plugin AlembicImporter
LogPluginManager: Mounting plugin AppleImageUtils
LogPluginManager: Mounting plugin AppleVision
LogPluginManager: Mounting plugin BackChannel
LogPluginManager: Mounting plugin CharacterAI
LogPluginManager: Mounting plugin GeometryCache
LogPluginManager: Mounting plugin HTML5Networking
LogPluginManager: Mounting plugin ProxyLODPlugin
LogPluginManager: Mounting plugin MagicLeap
LogPluginManager: Mounting plugin MagicLeapEmulator
LogPluginManager: Mounting plugin MagicLeapMedia
LogPluginManager: Mounting plugin AndroidMedia
LogPluginManager: Mounting plugin AvfMedia
LogPluginManager: Mounting plugin ImgMedia
LogPluginManager: Mounting plugin LinearTimecode
LogPluginManager: Mounting plugin MediaCompositing
LogPluginManager: Mounting plugin MediaPlayerEditor
LogPluginManager: Mounting plugin WmfMedia
LogPluginManager: Mounting plugin TcpMessaging
LogPluginManager: Mounting plugin UdpMessaging
LogPluginManager: Mounting plugin ActorSequence
LogPluginManager: Mounting plugin LevelSequenceEditor
LogPluginManager: Mounting plugin MatineeToLevelSequence
LogPluginManager: Mounting plugin NetcodeUnitTest
LogPluginManager: Mounting plugin NUTUnrealEngine4
LogPluginManager: Mounting plugin OnlineSubsystemGooglePlay
LogPluginManager: Mounting plugin OnlineSubsystemIOS
LogPluginManager: Mounting plugin OnlineSubsystem
LogPluginManager: Mounting plugin OnlineSubsystemNull
LogPluginManager: Mounting plugin OnlineSubsystemUtils
LogPluginManager: Mounting plugin LauncherChunkInstaller
LogPluginManager: Mounting plugin AndroidDeviceProfileSelector
LogPluginManager: Mounting plugin AndroidMoviePlayer
LogPluginManager: Mounting plugin AndroidPermission
LogPluginManager: Mounting plugin AppleMoviePlayer
LogPluginManager: Mounting plugin ArchVisCharacter
LogPluginManager: Mounting plugin AudioCapture
LogPluginManager: Mounting plugin CableComponent
LogPluginManager: Mounting plugin CustomMeshComponent
LogPluginManager: Mounting plugin EditableMesh
LogPluginManager: Mounting plugin ExampleDeviceProfileSelector
LogPluginManager: Mounting plugin GoogleCloudMessaging
LogPluginManager: Mounting plugin ImmediatePhysics
LogPluginManager: Mounting plugin IOSDeviceProfileSelector
LogPluginManager: Mounting plugin LinuxDeviceProfileSelector
LogPluginManager: Mounting plugin LocationServicesBPLibrary
LogPluginManager: Mounting plugin MobilePatchingUtils
LogPluginManager: Mounting plugin OculusVR
LogPluginManager: Plugin shader directory ../../../Engine/Plugins/Runtime/Oculus/OculusVR/Shaders found
LogPluginManager: Mapping shader source directory ../../../Engine/Plugins/Runtime/Oculus/OculusVR/Shaders to virtual directory /Plugin/OculusVR
LogPluginManager: Mounting plugin PhysXVehicles
LogPluginManager: Mounting plugin ProceduralMeshComponent
LogPluginManager: Mounting plugin RuntimePhysXCooking
LogPluginManager: Mounting plugin SteamVR
LogPluginManager: Mounting plugin WindowsMoviePlayer
LogStreaming: Display: Took  0.390s to configure plugins.
LogInit: Using libcurl 7.55.1-DEV
LogInit:  - built for x86_64-pc-win32
LogInit:  - supports SSL with OpenSSL/1.0.2h
LogInit:  - supports HTTP deflate (compression) using libz 1.2.8
LogInit:  - other features:
LogInit:      CURL_VERSION_SSL
LogInit:      CURL_VERSION_LIBZ
LogInit:      CURL_VERSION_IPV6
LogInit:      CURL_VERSION_ASYNCHDNS
LogInit:      CURL_VERSION_LARGEFILE
LogInit:      CURL_VERSION_IDN
LogInit:  CurlRequestOptions (configurable via config and command line):
LogInit:  - bVerifyPeer = false  - Libcurl will NOT verify peer certificate
LogInit:  - bUseHttpProxy = false  - Libcurl will NOT use HTTP proxy
LogInit:  - bDontReuseConnections = false  - Libcurl will reuse connections
LogInit:  - CertBundlePath = nullptr  - Libcurl will use whatever was configured at build time.
LogInit:  - MaxHostConnections = 16  - Libcurl will limit the number of connections to a host
LogInit:  - LocalHostAddr = Default
LogInit:  - BufferSize = 65536
LogInit: WinSock: version 1.1 (2.2), MaxSocks=32767, MaxUdp=65467
LogInit: Build: ++UE4+Release-4.20-CL-4302132
LogInit: Engine Version: 4.20.2-4302132+++UE4+Release-4.20
LogInit: Compatible Engine Version: 4.20.0-4212847+++UE4+Release-4.20
LogInit: Net CL: 4212847
LogInit: OS: Windows 10 (), CPU: Intel(R) Core(TM) i7-6700HQ CPU @ 2.60GHz, GPU: Intel(R) HD Graphics 530
LogInit: Compiled (64-bit): Aug 21 2018 02:06:06
LogInit: Compiled with Visual C++: 19.13.26129.00
LogInit: Build Configuration: Development
LogInit: Branch Name: ++UE4+Release-4.20
LogInit: Command Line: 
LogInit: Base Directory: D:/unreal/Unrealengine/UE_4.20/Engine/Binaries/Win64/
LogInit: Installed Engine Build: 1
LogDevObjectVersion: Number of dev versions registered: 20
LogDevObjectVersion:   Dev-Blueprints (B0D832E4-1F89-4F0D-ACCF-7EB736FD4AA2): 10
LogDevObjectVersion:   Dev-Build (E1C64328-A22C-4D53-A36C-8E866417BD8C): 0
LogDevObjectVersion:   Dev-Core (375EC13C-06E4-48FB-B500-84F0262A717E): 2
LogDevObjectVersion:   Dev-Editor (E4B068ED-F494-42E9-A231-DA0B2E46BB41): 24
LogDevObjectVersion:   Dev-Framework (CFFC743F-43B0-4480-9391-14DF171D2073): 34
LogDevObjectVersion:   Dev-Mobile (B02B49B5-BB20-44E9-A304-32B752E40360): 2
LogDevObjectVersion:   Dev-Networking (A4E4105C-59A1-49B5-A7C5-40C4547EDFEE): 0
LogDevObjectVersion:   Dev-Online (39C831C9-5AE6-47DC-9A44-9C173E1C8E7C): 0
LogDevObjectVersion:   Dev-Physics (78F01B33-EBEA-4F98-B9B4-84EACCB95AA2): 0
LogDevObjectVersion:   Dev-Platform (6631380F-2D4D-43E0-8009-CF276956A95A): 0
LogDevObjectVersion:   Dev-Rendering (12F88B9F-8875-4AFC-A67C-D90C383ABD29): 26
LogDevObjectVersion:   Dev-Sequencer (7B5AE74C-D270-4C10-A958-57980B212A5A): 9
LogDevObjectVersion:   Dev-VR (D7296918-1DD6-4BDD-9DE2-64A83CC13884): 2
LogDevObjectVersion:   Dev-LoadTimes (C2A15278-BFE7-4AFE-6C17-90FF531DF755): 1
LogDevObjectVersion:   Private-Geometry (6EACA3D4-40EC-4CC1-B786-8BED09428FC5): 3
LogDevObjectVersion:   Dev-AnimPhys (29E575DD-E0A3-4627-9D10-D276232CDCEA): 17
LogDevObjectVersion:   Dev-ReflectionCapture (6B266CEC-1EC7-4B8F-A30B-E4D90942FC07): 1
LogDevObjectVersion:   Dev-Automation (0DF73D61-A23F-47EA-B727-89E90C41499A): 1
LogDevObjectVersion:   FortniteMain (601D1886-AC64-4F84-AA16-D3DE0DEAC7D6): 12
LogDevObjectVersion:   Dev-Enterprise (9DFFBCD6-494F-0158-E221-12823C92A888): 1
LogStreaming: Display: Took  0.036s to delete old logs.
LogInit: Presizing for max 8388607 objects, including 0 objects not considered by GC, pre-allocating 0 bytes for permanent pool.
LogInit: Object subsystem initialized
[2018.11.22-05.01.50:846][  0]LogInit: Selected Device Profile: [Windows]
[2018.11.22-05.01.50:847][  0]LogInit: Applying CVar settings loaded from the selected device profile: [Windows]
[2018.11.22-05.01.50:903][  0]LogHAL: Display: Platform has ~ 8 GB [8474361856 / 8589934592 / 8], which maps to Default [LargestMinGB=32, LargerMinGB=12, DefaultMinGB=8, SmallerMinGB=6, SmallestMinGB=0)
[2018.11.22-05.01.50:909][  0]LogInit: Setting Device Profile CVar: [[r.Vulkan.UseRealUBs:1]]
[2018.11.22-05.01.50:917][  0]LogInit: Going up to parent DeviceProfile []
[2018.11.22-05.01.50:943][  0]LogInit: Computer: LAPTOP-JLSSE705
[2018.11.22-05.01.50:943][  0]LogInit: User: 李仁杰
[2018.11.22-05.01.50:943][  0]LogInit: CPU Page size=4096, Cores=4
[2018.11.22-05.01.50:943][  0]LogInit: High frequency timer resolution =2.531249 MHz
[2018.11.22-05.01.50:943][  0]LogMemory: Memory total: Physical=7.9GB (8GB approx)
[2018.11.22-05.01.50:943][  0]LogMemory: Platform Memory Stats for Windows
[2018.11.22-05.01.50:943][  0]LogMemory: Process Physical Memory: 100.47 MB used, 100.47 MB peak
[2018.11.22-05.01.50:943][  0]LogMemory: Process Virtual Memory: 91.39 MB used, 91.39 MB peak
[2018.11.22-05.01.50:943][  0]LogMemory: Physical Memory: 3364.14 MB used,  4717.64 MB free, 8081.78 MB total
[2018.11.22-05.01.50:944][  0]LogMemory: Virtual Memory: 4645.54 MB used,  4717.64 MB free, 134217728.00 MB total
[2018.11.22-05.01.51:790][  0]LogInit: Overriding language with editor language configuration option (en).
[2018.11.22-05.01.51:790][  0]LogInit: Overriding locale with editor locale configuration option (en).
[2018.11.22-05.01.52:655][  0]LogStreaming: Display: Took  0.840s to InitEngineTextLocalization.
[2018.11.22-05.01.52:661][  0]LogInit: Setting process to per monitor DPI aware
[2018.11.22-05.01.53:234][  0]LogSlate: New Slate User Created.  User Index 0, Is Virtual User: 0
[2018.11.22-05.01.53:234][  0]LogSlate: Slate User Registered.  User Index 0, Is Virtual User: 0
[2018.11.22-05.01.57:006][  0]LogHMD: Failed to initialize OpenVR with code 110
[2018.11.22-05.01.57:006][  0]LogD3D11RHI: D3D11 adapters:
[2018.11.22-05.01.57:553][  0]LogD3D11RHI:    0. 'NVIDIA GeForce GTX 965M' (Feature Level 11_0)
[2018.11.22-05.01.57:553][  0]LogD3D11RHI:       4053/0/4040 MB DedicatedVideo/DedicatedSystem/SharedSystem, Outputs:1, VendorId:0x10de
[2018.11.22-05.01.57:626][  0]LogD3D11RHI:    1. 'Intel(R) HD Graphics 530' (Feature Level 11_0)
[2018.11.22-05.01.57:626][  0]LogD3D11RHI:       128/0/4040 MB DedicatedVideo/DedicatedSystem/SharedSystem, Outputs:0, VendorId:0x8086
[2018.11.22-05.01.57:629][  0]LogD3D11RHI:    2. 'Microsoft Basic Render Driver' (Feature Level 11_0)
[2018.11.22-05.01.57:629][  0]LogD3D11RHI:       0/0/4040 MB DedicatedVideo/DedicatedSystem/SharedSystem, Outputs:0, VendorId:0x1414
[2018.11.22-05.01.57:629][  0]LogD3D11RHI: Chosen D3D11 Adapter: 0
[2018.11.22-05.01.57:680][  0]LogD3D11RHI: Creating new Direct3DDevice
[2018.11.22-05.01.57:680][  0]LogD3D11RHI:     GPU DeviceId: 0x1427 (for the marketing name, search the web for "GPU Device Id")
[2018.11.22-05.01.57:688][  0]LogWindows: EnumDisplayDevices:
[2018.11.22-05.01.57:688][  0]LogWindows:    0. 'Intel(R) HD Graphics 530' (P:1 D:1)
[2018.11.22-05.01.57:688][  0]LogWindows:    1. 'Intel(R) HD Graphics 530' (P:0 D:0)
[2018.11.22-05.01.57:689][  0]LogWindows:    2. 'Intel(R) HD Graphics 530' (P:0 D:0)
[2018.11.22-05.01.57:689][  0]LogWindows:    3. 'NVIDIA GeForce GTX 965M' (P:0 D:0)
[2018.11.22-05.01.57:689][  0]LogWindows: DebugString: PrimaryIsNotTheChoosenAdapter PrimaryIsNotTheChoosenAdapter PrimaryIsNotTheChoosenAdapter 
[2018.11.22-05.01.57:689][  0]LogD3D11RHI:     Adapter Name: NVIDIA GeForce GTX 965M
[2018.11.22-05.01.57:690][  0]LogD3D11RHI:   Driver Version: 398.36 (internal:24.21.13.9836, unified:398.36)
[2018.11.22-05.01.57:690][  0]LogD3D11RHI:      Driver Date: 6-24-2018
[2018.11.22-05.01.57:690][  0]LogRHI: Texture pool is 2837 MB (70% of 4053 MB)
[2018.11.22-05.01.57:743][  0]LogD3D11RHI: Async texture creation enabled
[2018.11.22-05.01.58:016][  0]LogD3D11RHI: GPU Timing Frequency: 1000.000000 (Debug: 2 2)
[2018.11.22-05.01.58:052][  0]LogShaderCompilers: Guid format shader working directory is -47 characters bigger than the processId version (../../../../../../unreal projects/JiuSeLu-master1118/JiuSeLu-master1112/JiuSeLu-master1112/Intermediate/Shaders/WorkingDirectory/21912/).
[2018.11.22-05.01.58:052][  0]LogShaderCompilers: Cleaned the shader compiler working directory 'C:/Users/李仁杰/AppData/Local/Temp/UnrealShaderWorkingDir/AEF33F664BD0765B6AF6EC83827CE85C/'.
[2018.11.22-05.01.59:156][  0]LogTemp: Display: Loaded TP AllDesktopTargetPlatform
[2018.11.22-05.01.59:208][  0]LogTemp: Display: Loaded TP MacClientTargetPlatform
[2018.11.22-05.01.59:244][  0]LogTemp: Display: Loaded TP MacNoEditorTargetPlatform
[2018.11.22-05.01.59:276][  0]LogTemp: Display: Loaded TP MacServerTargetPlatform
[2018.11.22-05.01.59:339][  0]LogTemp: Display: Loaded TP MacTargetPlatform
[2018.11.22-05.01.59:463][  0]LogTemp: Display: Loaded TP WindowsClientTargetPlatform
[2018.11.22-05.01.59:498][  0]LogTemp: Display: Loaded TP WindowsNoEditorTargetPlatform
[2018.11.22-05.01.59:531][  0]LogTemp: Display: Loaded TP WindowsServerTargetPlatform
[2018.11.22-05.01.59:558][  0]LogTemp: Display: Loaded TP WindowsTargetPlatform
[2018.11.22-05.01.59:696][  0]LogTemp: Display: Loaded TP AndroidTargetPlatform
[2018.11.22-05.01.59:696][  0]LogTemp: Display: Loaded TP AndroidTargetPlatform
[2018.11.22-05.01.59:696][  0]LogTemp: Display: Loaded TP AndroidTargetPlatform
[2018.11.22-05.01.59:696][  0]LogTemp: Display: Loaded TP AndroidTargetPlatform
[2018.11.22-05.01.59:696][  0]LogTemp: Display: Loaded TP AndroidTargetPlatform
[2018.11.22-05.01.59:696][  0]LogTemp: Display: Loaded TP AndroidTargetPlatform
[2018.11.22-05.01.59:696][  0]LogTemp: Display: Loaded TP AndroidTargetPlatform
[2018.11.22-05.01.59:696][  0]LogTemp: Display: Loaded TP AndroidTargetPlatform
[2018.11.22-05.01.59:696][  0]LogTemp: Display: Loaded TP AndroidTargetPlatform
[2018.11.22-05.01.59:696][  0]LogTemp: Display: Loaded TP AndroidTargetPlatform
[2018.11.22-05.01.59:696][  0]LogTemp: Display: Loaded TP AndroidTargetPlatform
[2018.11.22-05.01.59:696][  0]LogTemp: Display: Loaded TP AndroidTargetPlatform
[2018.11.22-05.01.59:696][  0]LogTemp: Display: Loaded TP AndroidTargetPlatform
[2018.11.22-05.01.59:696][  0]LogTemp: Display: Loaded TP AndroidTargetPlatform
[2018.11.22-05.01.59:696][  0]LogTemp: Display: Loaded TP AndroidTargetPlatform
[2018.11.22-05.01.59:696][  0]LogTemp: Display: Loaded TP AndroidTargetPlatform
[2018.11.22-05.01.59:696][  0]LogTemp: Display: Loaded TP AndroidTargetPlatform
[2018.11.22-05.01.59:696][  0]LogTemp: Display: Loaded TP AndroidTargetPlatform
[2018.11.22-05.01.59:728][  0]LogTemp: Display: Loaded TP HTML5TargetPlatform
[2018.11.22-05.01.59:939][  0]LogTemp: Display: Loaded TP IOSTargetPlatform
[2018.11.22-05.01.59:939][  0]LogTemp: Display: Loaded TP IOSTargetPlatform
[2018.11.22-05.01.59:992][  0]LogTemp: Display: Loaded TP TVOSTargetPlatform
[2018.11.22-05.01.59:993][  0]LogTemp: Display: Loaded TP TVOSTargetPlatform
[2018.11.22-05.02.00:038][  0]LogTemp: Display: Loaded TP LinuxClientTargetPlatform
[2018.11.22-05.02.00:070][  0]LogTemp: Display: Loaded TP LinuxNoEditorTargetPlatform
[2018.11.22-05.02.00:115][  0]LogTemp: Display: Loaded TP LinuxServerTargetPlatform
[2018.11.22-05.02.00:161][  0]LogTemp: Display: Loaded TP LinuxTargetPlatform
[2018.11.22-05.02.00:200][  0]LogTemp: Display: Loaded TP LuminTargetPlatform
[2018.11.22-05.02.00:200][  0]LogTargetPlatformManager: Display: Building Assets For Windows
[2018.11.22-05.02.01:159][  0]LogXGEController: Cleaning working directory: C:/Users/李仁杰/AppData/Local/Temp/UnrealXGEWorkingDir/
[2018.11.22-05.02.01:159][  0]LogXGEController: Cannot use XGE Controller as Incredibuild is not installed on this machine.
[2018.11.22-05.02.01:159][  0]LogShaderCompilers: Cannot use XGE Shader Compiler as Incredibuild is not installed on this machine.
[2018.11.22-05.02.01:159][  0]LogShaderCompilers: Display: Using Local Shader Compiler.
[2018.11.22-05.02.05:623][  0]LogDerivedDataCache: Display: Max Cache Size: 512 MB
[2018.11.22-05.02.05:962][  0]LogDerivedDataCache: Loaded boot cache 0.33s 71MB C:/Users/李仁杰/AppData/Local/UnrealEngine/4.20/DerivedDataCache/Boot.ddc.
[2018.11.22-05.02.05:962][  0]LogDerivedDataCache: Display: Loaded Boot cache: C:/Users/李仁杰/AppData/Local/UnrealEngine/4.20/DerivedDataCache/Boot.ddc
[2018.11.22-05.02.05:962][  0]LogDerivedDataCache: FDerivedDataBackendGraph:  Pak pak cache file ../../../../../../unreal projects/JiuSeLu-master1118/JiuSeLu-master1112/JiuSeLu-master1112/DerivedDataCache/DDC.ddp not found, will not use a pak cache.
[2018.11.22-05.02.05:962][  0]LogDerivedDataCache: Unable to find inner node Pak for hierarchical cache Hierarchy.
[2018.11.22-05.02.05:962][  0]LogDerivedDataCache: FDerivedDataBackendGraph:  CompressedPak pak cache file ../../../../../../unreal projects/JiuSeLu-master1118/JiuSeLu-master1112/JiuSeLu-master1112/DerivedDataCache/Compressed.ddp not found, will not use a pak cache.
[2018.11.22-05.02.05:962][  0]LogDerivedDataCache: Unable to find inner node CompressedPak for hierarchical cache Hierarchy.
[2018.11.22-05.02.06:115][  0]LogDerivedDataCache: Display: Pak cache opened for reading ../../../Engine/DerivedDataCache/Compressed.ddp.
[2018.11.22-05.02.06:128][  0]LogDerivedDataCache: Using Local data cache path C:/Users/李仁杰/AppData/Local/UnrealEngine/Common/DerivedDataCache: Writable
[2018.11.22-05.02.06:128][  0]LogDerivedDataCache: Shared data cache path not found in *engine.ini, will not use an Shared cache.
[2018.11.22-05.02.06:128][  0]LogDerivedDataCache: Unable to find inner node Shared for hierarchical cache Hierarchy.
[2018.11.22-05.02.06:194][  0]LogMaterial: Verifying Global Shaders for PCD3D_SM5
[2018.11.22-05.02.06:238][  0]LogSlate: Using FreeType 2.6.0
[2018.11.22-05.02.06:318][  0]LogSlate: SlateFontServices - WITH_FREETYPE: 1, WITH_HARFBUZZ: 1
[2018.11.22-05.02.06:905][  0]LogAssetRegistry: FAssetRegistry took 0.0316 seconds to start up
[2018.11.22-05.02.09:769][  0]LogInit: Selected Device Profile: [Windows]
[2018.11.22-05.02.12:218][  0]LogSimplygon: Simplygon DLL not present - disabling.
[2018.11.22-05.02.12:395][  0]LogMeshReduction: Using SimplygonSwarm for distributed automatic mesh merging
[2018.11.22-05.02.12:395][  0]LogMeshReduction: Using ProxyLODMeshReduction for automatic mesh merging
[2018.11.22-05.02.12:403][  0]LogMeshReduction: Using QuadricMeshReduction for automatic static mesh reduction
[2018.11.22-05.02.12:403][  0]LogMeshReduction: No automatic skeletal mesh reduction module available
[2018.11.22-05.02.12:715][  0]LogNetVersion: MyFirst2DProject 1.0.0, NetCL: 4212847, EngineNetVer: 5, GameNetVer: 0 (Checksum: 2512067949)
[2018.11.22-05.02.16:919][  0]LogPackageLocalizationCache: Processed 11 localized package path(s) for 1 prioritized culture(s) in 0.164780 seconds
[2018.11.22-05.02.16:986][  0]LogUObjectArray: 38425 objects as part of root set at end of initial load.
[2018.11.22-05.02.16:986][  0]LogUObjectAllocator: 6690864 out of 0 bytes used by permanent object pool.
[2018.11.22-05.02.16:986][  0]LogUObjectArray: CloseDisregardForGC: 0/0 objects in disregard for GC pool
[2018.11.22-05.02.29:736][  0]LogTcpMessaging: Initializing TcpMessaging bridge
[2018.11.22-05.02.29:783][  0]LogUdpMessaging: Initializing bridge on interface 0.0.0.0:0 to multicast group 230.0.0.1:6666.
[2018.11.22-05.02.30:971][  0]SourceControl: Source control is disabled
[2018.11.22-05.02.30:982][  0]SourceControl: Source control is disabled
[2018.11.22-05.02.31:119][  0]SourceControl: Source control is disabled
[2018.11.22-05.02.31:146][  0]SourceControl: Source control is disabled
[2018.11.22-05.02.32:665][  0]LogAndroidPermission: UAndroidPermissionCallbackProxy::GetInstance
[2018.11.22-05.02.32:956][  0]LogOcInput: OculusInput pre-init called
[2018.11.22-05.02.33:502][  0]LogEngine: Initializing Engine...
[2018.11.22-05.02.33:529][  0]LogHMD: Failed to initialize OpenVR with code 110
[2018.11.22-05.02.33:553][  0]LogStats: UGameplayTagsManager::ConstructGameplayTagTree: ImportINI prefixes -  0.001 s
[2018.11.22-05.02.33:553][  0]LogStats: UGameplayTagsManager::ConstructGameplayTagTree: Construct from data asset -  0.000 s
[2018.11.22-05.02.33:553][  0]LogStats: UGameplayTagsManager::ConstructGameplayTagTree: ImportINI -  0.000 s
[2018.11.22-05.02.33:553][  0]LogStats: UGameplayTagsManager::ConstructGameplayTagTree: GameplayTagTreeChangedEvent.Broadcast -  0.000 s
[2018.11.22-05.02.34:373][  0]LogInit: Initializing FReadOnlyCVARCache
[2018.11.22-05.02.34:662][  0]LogAIModule: Creating AISystem for world Untitled
[2018.11.22-05.02.34:827][  0]LogInit: XAudio2 using '喇叭/耳机 (Realtek High Definition Audio)' : 2 channels at 48 kHz using 32 bits per sample (channel mask 0x3)
[2018.11.22-05.02.36:042][  0]LogInit: FAudioDevice initialized.
[2018.11.22-05.02.36:042][  0]LogNetVersion: Set ProjectVersion to 1.0.0.0. Version Checksum will be recalculated on next use.
[2018.11.22-05.02.36:129][  0]LogDerivedDataCache: Saved boot cache 0.09s 71MB C:/Users/李仁杰/AppData/Local/UnrealEngine/4.20/DerivedDataCache/Boot.ddc.
[2018.11.22-05.02.36:151][  0]LogInit: Texture streaming: Enabled
[2018.11.22-05.02.36:339][  0]LogEngineSessionManager: EngineSessionManager initialized
[2018.11.22-05.02.36:640][  0]LogInit: Transaction tracking system initialized
[2018.11.22-05.02.37:449][  0]BlueprintLog: New page: Editor Load
[2018.11.22-05.02.39:842][  0]LocalizationService: Localization service is disabled
[2018.11.22-05.02.44:205][  0]LogFileCache: Scanning file cache for directory 'D:/unreal projects/JiuSeLu-master1118/JiuSeLu-master1112/JiuSeLu-master1112/Content/' took 0.07s
[2018.11.22-05.02.44:205][  0]LogCook: Display: Max memory allowance for cook 16384mb min free memory 0mb
[2018.11.22-05.02.44:208][  0]LogCook: Display: Mobile HDR setting 1
[2018.11.22-05.02.44:220][  0]LogGameplayTags: Display: UGameplayTagsManager::DoneAddingNativeTags. DelegateIsBound: 0
[2018.11.22-05.02.44:220][  0]LogStats: UGameplayTagsManager::ConstructGameplayTagTree: ImportINI prefixes -  0.000 s
[2018.11.22-05.02.44:220][  0]LogStats: UGameplayTagsManager::ConstructGameplayTagTree: Construct from data asset -  0.000 s
[2018.11.22-05.02.44:220][  0]LogStats: UGameplayTagsManager::ConstructGameplayTagTree: ImportINI -  0.000 s
[2018.11.22-05.02.44:220][  0]LogStats: UGameplayTagsManager::ConstructGameplayTagTree: GameplayTagTreeChangedEvent.Broadcast -  0.000 s
[2018.11.22-05.02.48:607][  0]SourceControl: Source control is disabled
[2018.11.22-05.02.48:645][  0]Cmd: MAP LOAD FILE="../../../../../../unreal projects/JiuSeLu-master1118/JiuSeLu-master1112/JiuSeLu-master1112/Content/cxd/Maps/2DSideScrollerExampleMap.umap" TEMPLATE=0 SHOWPROGRESS=1 FEATURELEVEL=3
[2018.11.22-05.02.48:665][  0]LightingResults: New page: Lighting Build
[2018.11.22-05.02.48:987][  0]MapCheck: New page: Map Check
[2018.11.22-05.02.48:987][  0]LightingResults: New page: Lighting Build
[2018.11.22-05.02.53:539][  0]LogAIModule: Creating AISystem for world 2DSideScrollerExampleMap
[2018.11.22-05.02.54:516][  0]LogEditorServer: Finished looking for orphan Actors (0.000 secs)
[2018.11.22-05.02.54:807][  0]Cmd: MAP CHECKDEP NOCLEARLOG
[2018.11.22-05.02.54:890][  0]MapCheck: Map check complete: 0 Error(s), 0 Warning(s), took 83.946ms to complete.
[2018.11.22-05.02.54:891][  0]LogFileHelpers: Loading map '2DSideScrollerExampleMap' took 6.261
[2018.11.22-05.02.56:581][  0]LogSlate: Updating window title bar state: overlay mode, drag disabled, window buttons hidden, title bar hidden
[2018.11.22-05.02.56:591][  0]LogSlate: Updating window title bar state: overlay mode, drag disabled, window buttons hidden, title bar hidden
[2018.11.22-05.02.56:601][  0]LogSlate: Updating window title bar state: overlay mode, drag disabled, window buttons hidden, title bar hidden
[2018.11.22-05.02.56:609][  0]LogSlate: Updating window title bar state: overlay mode, drag disabled, window buttons hidden, title bar hidden
[2018.11.22-05.02.56:685][  0]LogCollectionManager: Loaded 0 collections in 0.001139 seconds
[2018.11.22-05.02.56:833][  0]LogFileCache: Scanning file cache for directory 'D:/unreal projects/JiuSeLu-master1118/JiuSeLu-master1112/JiuSeLu-master1112/Saved/Collections/' took 0.01s
[2018.11.22-05.02.56:833][  0]LogFileCache: Scanning file cache for directory 'D:/unreal projects/JiuSeLu-master1118/JiuSeLu-master1112/JiuSeLu-master1112/Content/Developers/李仁杰/Collections/' took 0.01s
[2018.11.22-05.02.56:833][  0]LogFileCache: Scanning file cache for directory 'D:/unreal projects/JiuSeLu-master1118/JiuSeLu-master1112/JiuSeLu-master1112/Content/Collections/' took 0.01s
[2018.11.22-05.02.56:833][  0]LogCollectionManager: Rebuilt the GUID cache for 0 collections in 0.000001 seconds
[2018.11.22-05.02.56:845][  0]LogContentBrowser: Native class hierarchy populated in 0.0116 seconds. Added 2572 classes and 603 folders.
[2018.11.22-05.02.56:934][  0]LogContentBrowser: Native class hierarchy updated for 'WidgetCarousel' in 0.0002 seconds. Added 0 classes and 0 folders.
[2018.11.22-05.02.59:937][  0]LogContentBrowser: Native class hierarchy updated for 'AddContentDialog' in 0.0003 seconds. Added 0 classes and 0 folders.
[2018.11.22-05.02.59:982][  0]LogContentBrowser: Native class hierarchy updated for 'SceneOutliner' in 0.0003 seconds. Added 1 classes and 2 folders.
[2018.11.22-05.03.00:724][  0]LogSlate: Took 0.017466 seconds to synchronously load lazily loaded font '../../../Engine/Content/Slate/Fonts/Roboto-Regular.ttf' (155K)
[2018.11.22-05.03.00:765][  0]LogSlate: Took 0.028446 seconds to synchronously load lazily loaded font '../../../Engine/Content/Slate/Fonts/Roboto-Bold.ttf' (160K)
[2018.11.22-05.03.00:832][  0]LogSlate: Took 0.013180 seconds to synchronously load lazily loaded font '../../../Engine/Content/Editor/Slate/Fonts/FontAwesome.ttf' (139K)
[2018.11.22-05.03.01:518][  0]LogRenderer: Reallocating scene render targets to support 964x436 Format 10 NumSamples 1 (Frame:1).
[2018.11.22-05.03.02:410][  0]LogContentBrowser: Native class hierarchy updated for 'HierarchicalLODOutliner' in 0.0004 seconds. Added 0 classes and 0 folders.
[2018.11.22-05.03.02:410][  0]LogLoad: (Engine Initialization) Total time: 91.51 seconds
[2018.11.22-05.03.02:410][  0]LogLoad: (Engine Initialization) Total Blueprint compile time: 0.00 seconds
[2018.11.22-05.03.02:616][  0]LogContentStreaming: Texture pool size now 1000 MB
[2018.11.22-05.03.02:781][  0]LogSlate: Took 0.045551 seconds to synchronously load lazily loaded font '../../../Engine/Content/Slate/Fonts/Roboto-Light.ttf' (167K)
[2018.11.22-05.03.02:842][  1]LogFileCache: Retrieving MD5 hashes for directory 'D:/unreal projects/JiuSeLu-master1118/JiuSeLu-master1112/JiuSeLu-master1112/Content/' took 0.32s
[2018.11.22-05.03.02:995][  2]LogAssetRegistry: Asset discovery search completed in 56.1145 seconds
[2018.11.22-05.03.02:999][  2]LogCollectionManager: Rebuilt the object cache for 0 collections in 0.000000 seconds (found 0 objects)
[2018.11.22-05.03.03:000][  2]LogCollectionManager: Fixed up redirectors for 0 collections in 0.000090 seconds (updated 0 objects)
[2018.11.22-05.03.31:790][ 88]LogSlate: FSceneViewport::OnFocusLost() reason 0
[2018.11.22-05.03.34:129][228]LogSlate: Window 'Find in Blueprints' being destroyed
[2018.11.22-05.03.34:138][228]LogSlate: Window 'Find in Blueprints' being destroyed
[2018.11.22-05.03.43:123][756]LogSlate: FSceneViewport::OnFocusLost() reason 0
[2018.11.22-05.03.43:206][761]LogTemp: Repeating last play command: Selected Viewport
[2018.11.22-05.03.43:229][761]LogBlueprintUserMessages: Early PlayInEditor Detection: Level '/Game/cxd/Maps/2DSideScrollerExampleMap.2DSideScrollerExampleMap:PersistentLevel' has LevelScriptBlueprint '/Game/cxd/Maps/2DSideScrollerExampleMap.2DSideScrollerExampleMap:PersistentLevel.2DSideScrollerExampleMap' with GeneratedClass '/Game/cxd/Maps/2DSideScrollerExampleMap.2DSideScrollerExampleMap_C' with ClassGeneratedBy '/Game/cxd/Maps/2DSideScrollerExampleMap.2DSideScrollerExampleMap:PersistentLevel.2DSideScrollerExampleMap'
[2018.11.22-05.03.43:229][761]LogPlayLevel: PlayLevel: No blueprints needed recompiling
[2018.11.22-05.03.43:332][761]PIE: New page: PIE session: 2DSideScrollerExampleMap (Nov 22, 2018, 9:03:43 PM)
[2018.11.22-05.03.43:348][761]LogPlayLevel: Creating play world package: /Game/cxd/Maps/UEDPIE_0_2DSideScrollerExampleMap
[2018.11.22-05.03.43:385][761]LogPlayLevel: PIE: StaticDuplicateObject took: (0.036468s)
[2018.11.22-05.03.43:386][761]LogAIModule: Creating AISystem for world 2DSideScrollerExampleMap
[2018.11.22-05.03.43:387][761]LogPlayLevel: PIE: World Init took: (0.002052s)
[2018.11.22-05.03.43:387][761]LogPlayLevel: PIE: Created PIE world by copying editor world from /Game/cxd/Maps/2DSideScrollerExampleMap.2DSideScrollerExampleMap to /Game/cxd/Maps/UEDPIE_0_2DSideScrollerExampleMap.2DSideScrollerExampleMap (0.038895s)
[2018.11.22-05.03.43:445][761]LogScript: Warning: Accessed None trying to read property CallFunc_GetPlayerController_ReturnValue
	GameINS_C /Engine/Transient.UnrealEdEngine_0:GameINS_C_0
	Function /Game/LRJ/GameINS.GameINS_C:ExecuteUbergraph_GameINS:0D2D
[2018.11.22-05.03.43:453][761]LogInit: XAudio2 using '喇叭/耳机 (Realtek High Definition Audio)' : 2 channels at 48 kHz using 32 bits per sample (channel mask 0x3)
[2018.11.22-05.03.43:475][761]LogInit: FAudioDevice initialized.
[2018.11.22-05.03.43:537][761]LogLoad: Game class is '2DSideScrollerGameMode_C'
[2018.11.22-05.03.43:563][761]LogWorld: Bringing World /Game/cxd/Maps/UEDPIE_0_2DSideScrollerExampleMap.2DSideScrollerExampleMap up for play (max tick rate 60) at 2018.11.22-13.03.43
[2018.11.22-05.03.43:576][761]LogWorld: Bringing up level for play took: 0.020269
[2018.11.22-05.03.43:589][761]LogGameMode: FindPlayerStart: PATHS NOT DEFINED or NO PLAYERSTART with positive rating
[2018.11.22-05.03.43:661][761]LogContentBrowser: Native class hierarchy updated for 'MovieSceneCapture' in 0.0004 seconds. Added 10 classes and 0 folders.
[2018.11.22-05.03.43:675][761]PIE: Play in editor start time for /Game/cxd/Maps/UEDPIE_0_2DSideScrollerExampleMap 0.358
[2018.11.22-05.03.43:675][761]LogBlueprintUserMessages: Late PlayInEditor Detection: Level '/Game/cxd/Maps/2DSideScrollerExampleMap.2DSideScrollerExampleMap:PersistentLevel' has LevelScriptBlueprint '/Game/cxd/Maps/2DSideScrollerExampleMap.2DSideScrollerExampleMap:PersistentLevel.2DSideScrollerExampleMap' with GeneratedClass '/Game/cxd/Maps/2DSideScrollerExampleMap.2DSideScrollerExampleMap_C' with ClassGeneratedBy '/Game/cxd/Maps/2DSideScrollerExampleMap.2DSideScrollerExampleMap:PersistentLevel.2DSideScrollerExampleMap'
[2018.11.22-05.04.30:146][521]LogBlueprintUserMessages: [0] 1
[2018.11.22-05.04.40:294][128]LogSlate: FSceneViewport::OnFocusLost() reason 0
[2018.11.22-05.04.40:345][131]LogBlueprintUserMessages: Early EndPlayMap Detection: Level '/Game/cxd/Maps/2DSideScrollerExampleMap.2DSideScrollerExampleMap:PersistentLevel' has LevelScriptBlueprint '/Game/cxd/Maps/2DSideScrollerExampleMap.2DSideScrollerExampleMap:PersistentLevel.2DSideScrollerExampleMap' with GeneratedClass '/Game/cxd/Maps/2DSideScrollerExampleMap.2DSideScrollerExampleMap_C' with ClassGeneratedBy '/Game/cxd/Maps/2DSideScrollerExampleMap.2DSideScrollerExampleMap:PersistentLevel.2DSideScrollerExampleMap'
[2018.11.22-05.04.40:398][131]LogSlate: Updating window title bar state: overlay mode, drag disabled, window buttons hidden, title bar hidden
[2018.11.22-05.04.40:434][131]LogPlayLevel: Display: Shutting down PIE online subsystems
[2018.11.22-05.04.40:434][131]LogBlueprintUserMessages: Late EndPlayMap Detection: Level '/Game/cxd/Maps/2DSideScrollerExampleMap.2DSideScrollerExampleMap:PersistentLevel' has LevelScriptBlueprint '/Game/cxd/Maps/2DSideScrollerExampleMap.2DSideScrollerExampleMap:PersistentLevel.2DSideScrollerExampleMap' with GeneratedClass '/Game/cxd/Maps/2DSideScrollerExampleMap.2DSideScrollerExampleMap_C' with ClassGeneratedBy '/Game/cxd/Maps/2DSideScrollerExampleMap.2DSideScrollerExampleMap:PersistentLevel.2DSideScrollerExampleMap'
[2018.11.22-05.04.40:474][131]LogSlate: Updating window title bar state: overlay mode, drag disabled, window buttons hidden, title bar hidden
[2018.11.22-05.04.40:515][132]LogPlayLevel: Display: Destroying online subsystem :Context_1
[2018.11.22-05.04.41:316][180]LogTemp: Repeating last play command: Selected Viewport
[2018.11.22-05.04.41:339][180]LogBlueprintUserMessages: Early PlayInEditor Detection: Level '/Game/cxd/Maps/2DSideScrollerExampleMap.2DSideScrollerExampleMap:PersistentLevel' has LevelScriptBlueprint '/Game/cxd/Maps/2DSideScrollerExampleMap.2DSideScrollerExampleMap:PersistentLevel.2DSideScrollerExampleMap' with GeneratedClass '/Game/cxd/Maps/2DSideScrollerExampleMap.2DSideScrollerExampleMap_C' with ClassGeneratedBy '/Game/cxd/Maps/2DSideScrollerExampleMap.2DSideScrollerExampleMap:PersistentLevel.2DSideScrollerExampleMap'
[2018.11.22-05.04.41:339][180]LogPlayLevel: PlayLevel: No blueprints needed recompiling
[2018.11.22-05.04.41:340][180]PIE: New page: PIE session: 2DSideScrollerExampleMap (Nov 22, 2018, 9:04:41 PM)
[2018.11.22-05.04.41:340][180]LogPlayLevel: Creating play world package: /Game/cxd/Maps/UEDPIE_0_2DSideScrollerExampleMap
[2018.11.22-05.04.41:351][180]LogPlayLevel: PIE: StaticDuplicateObject took: (0.011398s)
[2018.11.22-05.04.41:352][180]LogAIModule: Creating AISystem for world 2DSideScrollerExampleMap
[2018.11.22-05.04.41:352][180]LogPlayLevel: PIE: World Init took: (0.000716s)
[2018.11.22-05.04.41:352][180]LogPlayLevel: PIE: Created PIE world by copying editor world from /Game/cxd/Maps/2DSideScrollerExampleMap.2DSideScrollerExampleMap to /Game/cxd/Maps/UEDPIE_0_2DSideScrollerExampleMap.2DSideScrollerExampleMap (0.012265s)
[2018.11.22-05.04.41:374][180]LogScript: Warning: Accessed None trying to read property CallFunc_GetPlayerController_ReturnValue
	GameINS_C /Engine/Transient.UnrealEdEngine_0:GameINS_C_1
	Function /Game/LRJ/GameINS.GameINS_C:ExecuteUbergraph_GameINS:0D2D
[2018.11.22-05.04.41:378][180]LogInit: XAudio2 using '喇叭/耳机 (Realtek High Definition Audio)' : 2 channels at 48 kHz using 32 bits per sample (channel mask 0x3)
[2018.11.22-05.04.41:402][180]LogInit: FAudioDevice initialized.
[2018.11.22-05.04.41:480][180]LogLoad: Game class is '2DSideScrollerGameMode_C'
[2018.11.22-05.04.41:486][180]LogWorld: Bringing World /Game/cxd/Maps/UEDPIE_0_2DSideScrollerExampleMap.2DSideScrollerExampleMap up for play (max tick rate 60) at 2018.11.22-13.04.41
[2018.11.22-05.04.41:487][180]LogWorld: Bringing up level for play took: 0.006023
[2018.11.22-05.04.41:499][180]LogGameMode: FindPlayerStart: PATHS NOT DEFINED or NO PLAYERSTART with positive rating
[2018.11.22-05.04.41:500][180]PIE: Play in editor start time for /Game/cxd/Maps/UEDPIE_0_2DSideScrollerExampleMap 0.184
[2018.11.22-05.04.41:500][180]LogBlueprintUserMessages: Late PlayInEditor Detection: Level '/Game/cxd/Maps/2DSideScrollerExampleMap.2DSideScrollerExampleMap:PersistentLevel' has LevelScriptBlueprint '/Game/cxd/Maps/2DSideScrollerExampleMap.2DSideScrollerExampleMap:PersistentLevel.2DSideScrollerExampleMap' with GeneratedClass '/Game/cxd/Maps/2DSideScrollerExampleMap.2DSideScrollerExampleMap_C' with ClassGeneratedBy '/Game/cxd/Maps/2DSideScrollerExampleMap.2DSideScrollerExampleMap:PersistentLevel.2DSideScrollerExampleMap'
[2018.11.22-05.05.01:927][404]LogBlueprintUserMessages: [Block_2] 1
[2018.11.22-05.05.10:299][906]LogBlueprintUserMessages: [Block2_5] 2
[2018.11.22-05.05.12:490][ 37]LogBlueprintUserMessages: [Block14_17] 1
[2018.11.22-05.05.13:907][122]LogBlueprintUserMessages: [Block2_5] 3
[2018.11.22-05.05.21:560][215]LogBlueprintUserMessages: [Block6_17] 4
[2018.11.22-05.05.22:362][262]LogSlate: FSceneViewport::OnFocusLost() reason 0
[2018.11.22-05.05.22:512][271]LogBlueprintUserMessages: Early EndPlayMap Detection: Level '/Game/cxd/Maps/2DSideScrollerExampleMap.2DSideScrollerExampleMap:PersistentLevel' has LevelScriptBlueprint '/Game/cxd/Maps/2DSideScrollerExampleMap.2DSideScrollerExampleMap:PersistentLevel.2DSideScrollerExampleMap' with GeneratedClass '/Game/cxd/Maps/2DSideScrollerExampleMap.2DSideScrollerExampleMap_C' with ClassGeneratedBy '/Game/cxd/Maps/2DSideScrollerExampleMap.2DSideScrollerExampleMap:PersistentLevel.2DSideScrollerExampleMap'
[2018.11.22-05.05.22:513][271]LogSlate: Updating window title bar state: overlay mode, drag disabled, window buttons hidden, title bar hidden
[2018.11.22-05.05.22:553][271]LogPlayLevel: Display: Shutting down PIE online subsystems
[2018.11.22-05.05.22:553][271]LogBlueprintUserMessages: Late EndPlayMap Detection: Level '/Game/cxd/Maps/2DSideScrollerExampleMap.2DSideScrollerExampleMap:PersistentLevel' has LevelScriptBlueprint '/Game/cxd/Maps/2DSideScrollerExampleMap.2DSideScrollerExampleMap:PersistentLevel.2DSideScrollerExampleMap' with GeneratedClass '/Game/cxd/Maps/2DSideScrollerExampleMap.2DSideScrollerExampleMap_C' with ClassGeneratedBy '/Game/cxd/Maps/2DSideScrollerExampleMap.2DSideScrollerExampleMap:PersistentLevel.2DSideScrollerExampleMap'
[2018.11.22-05.05.22:583][271]LogSlate: Updating window title bar state: overlay mode, drag disabled, window buttons hidden, title bar hidden
[2018.11.22-05.05.22:616][273]LogPlayLevel: Display: Destroying online subsystem :Context_2
[2018.11.22-05.05.23:951][352]LogSlate: FSceneViewport::OnFocusLost() reason 0
[2018.11.22-05.05.24:367][377]LogTemp: Repeating last play command: Selected Viewport
[2018.11.22-05.05.24:396][377]LogBlueprintUserMessages: Early PlayInEditor Detection: Level '/Game/cxd/Maps/2DSideScrollerExampleMap.2DSideScrollerExampleMap:PersistentLevel' has LevelScriptBlueprint '/Game/cxd/Maps/2DSideScrollerExampleMap.2DSideScrollerExampleMap:PersistentLevel.2DSideScrollerExampleMap' with GeneratedClass '/Game/cxd/Maps/2DSideScrollerExampleMap.2DSideScrollerExampleMap_C' with ClassGeneratedBy '/Game/cxd/Maps/2DSideScrollerExampleMap.2DSideScrollerExampleMap:PersistentLevel.2DSideScrollerExampleMap'
[2018.11.22-05.05.24:396][377]LogPlayLevel: PlayLevel: No blueprints needed recompiling
[2018.11.22-05.05.24:396][377]PIE: New page: PIE session: 2DSideScrollerExampleMap (Nov 22, 2018, 9:05:24 PM)
[2018.11.22-05.05.24:397][377]LogPlayLevel: Creating play world package: /Game/cxd/Maps/UEDPIE_0_2DSideScrollerExampleMap
[2018.11.22-05.05.24:417][377]LogPlayLevel: PIE: StaticDuplicateObject took: (0.020002s)
[2018.11.22-05.05.24:418][377]LogAIModule: Creating AISystem for world 2DSideScrollerExampleMap
[2018.11.22-05.05.24:418][377]LogPlayLevel: PIE: World Init took: (0.000778s)
[2018.11.22-05.05.24:418][377]LogPlayLevel: PIE: Created PIE world by copying editor world from /Game/cxd/Maps/2DSideScrollerExampleMap.2DSideScrollerExampleMap to /Game/cxd/Maps/UEDPIE_0_2DSideScrollerExampleMap.2DSideScrollerExampleMap (0.021024s)
[2018.11.22-05.05.24:442][377]LogScript: Warning: Accessed None trying to read property CallFunc_GetPlayerController_ReturnValue
	GameINS_C /Engine/Transient.UnrealEdEngine_0:GameINS_C_2
	Function /Game/LRJ/GameINS.GameINS_C:ExecuteUbergraph_GameINS:0D2D
[2018.11.22-05.05.24:445][377]LogInit: XAudio2 using '喇叭/耳机 (Realtek High Definition Audio)' : 2 channels at 48 kHz using 32 bits per sample (channel mask 0x3)
[2018.11.22-05.05.24:472][377]LogInit: FAudioDevice initialized.
[2018.11.22-05.05.24:505][377]LogLoad: Game class is '2DSideScrollerGameMode_C'
[2018.11.22-05.05.24:513][377]LogWorld: Bringing World /Game/cxd/Maps/UEDPIE_0_2DSideScrollerExampleMap.2DSideScrollerExampleMap up for play (max tick rate 60) at 2018.11.22-13.05.24
[2018.11.22-05.05.24:515][377]LogWorld: Bringing up level for play took: 0.008467
[2018.11.22-05.05.24:527][377]LogGameMode: FindPlayerStart: PATHS NOT DEFINED or NO PLAYERSTART with positive rating
[2018.11.22-05.05.24:528][377]PIE: Play in editor start time for /Game/cxd/Maps/UEDPIE_0_2DSideScrollerExampleMap -0.788
[2018.11.22-05.05.24:529][377]LogBlueprintUserMessages: Late PlayInEditor Detection: Level '/Game/cxd/Maps/2DSideScrollerExampleMap.2DSideScrollerExampleMap:PersistentLevel' has LevelScriptBlueprint '/Game/cxd/Maps/2DSideScrollerExampleMap.2DSideScrollerExampleMap:PersistentLevel.2DSideScrollerExampleMap' with GeneratedClass '/Game/cxd/Maps/2DSideScrollerExampleMap.2DSideScrollerExampleMap_C' with ClassGeneratedBy '/Game/cxd/Maps/2DSideScrollerExampleMap.2DSideScrollerExampleMap:PersistentLevel.2DSideScrollerExampleMap'
[2018.11.22-05.05.39:749][286]LogBlueprintUserMessages: [Block19_32] 1
[2018.11.22-05.05.41:900][415]LogBlueprintUserMessages: [Block19_32] 2
[2018.11.22-05.05.44:476][569]LogBlueprintUserMessages: [Block19_32] 3
[2018.11.22-05.05.47:442][747]LogSlate: FSceneViewport::OnFocusLost() reason 0
[2018.11.22-05.05.47:512][751]LogBlueprintUserMessages: Early EndPlayMap Detection: Level '/Game/cxd/Maps/2DSideScrollerExampleMap.2DSideScrollerExampleMap:PersistentLevel' has LevelScriptBlueprint '/Game/cxd/Maps/2DSideScrollerExampleMap.2DSideScrollerExampleMap:PersistentLevel.2DSideScrollerExampleMap' with GeneratedClass '/Game/cxd/Maps/2DSideScrollerExampleMap.2DSideScrollerExampleMap_C' with ClassGeneratedBy '/Game/cxd/Maps/2DSideScrollerExampleMap.2DSideScrollerExampleMap:PersistentLevel.2DSideScrollerExampleMap'
[2018.11.22-05.05.47:512][751]LogSlate: Updating window title bar state: overlay mode, drag disabled, window buttons hidden, title bar hidden
[2018.11.22-05.05.47:547][751]LogPlayLevel: Display: Shutting down PIE online subsystems
[2018.11.22-05.05.47:547][751]LogBlueprintUserMessages: Late EndPlayMap Detection: Level '/Game/cxd/Maps/2DSideScrollerExampleMap.2DSideScrollerExampleMap:PersistentLevel' has LevelScriptBlueprint '/Game/cxd/Maps/2DSideScrollerExampleMap.2DSideScrollerExampleMap:PersistentLevel.2DSideScrollerExampleMap' with GeneratedClass '/Game/cxd/Maps/2DSideScrollerExampleMap.2DSideScrollerExampleMap_C' with ClassGeneratedBy '/Game/cxd/Maps/2DSideScrollerExampleMap.2DSideScrollerExampleMap:PersistentLevel.2DSideScrollerExampleMap'
[2018.11.22-05.05.47:576][751]LogSlate: Updating window title bar state: overlay mode, drag disabled, window buttons hidden, title bar hidden
[2018.11.22-05.05.47:622][754]LogPlayLevel: Display: Destroying online subsystem :Context_3
[2018.11.22-05.05.49:933][887]LogSlate: FSceneViewport::OnFocusLost() reason 0
[2018.11.22-05.05.50:000][891]LogTemp: Repeating last play command: Selected Viewport
[2018.11.22-05.05.50:022][891]LogBlueprintUserMessages: Early PlayInEditor Detection: Level '/Game/cxd/Maps/2DSideScrollerExampleMap.2DSideScrollerExampleMap:PersistentLevel' has LevelScriptBlueprint '/Game/cxd/Maps/2DSideScrollerExampleMap.2DSideScrollerExampleMap:PersistentLevel.2DSideScrollerExampleMap' with GeneratedClass '/Game/cxd/Maps/2DSideScrollerExampleMap.2DSideScrollerExampleMap_C' with ClassGeneratedBy '/Game/cxd/Maps/2DSideScrollerExampleMap.2DSideScrollerExampleMap:PersistentLevel.2DSideScrollerExampleMap'
[2018.11.22-05.05.50:022][891]LogPlayLevel: PlayLevel: No blueprints needed recompiling
[2018.11.22-05.05.50:022][891]PIE: New page: PIE session: 2DSideScrollerExampleMap (Nov 22, 2018, 9:05:50 PM)
[2018.11.22-05.05.50:022][891]LogPlayLevel: Creating play world package: /Game/cxd/Maps/UEDPIE_0_2DSideScrollerExampleMap
[2018.11.22-05.05.50:033][891]LogPlayLevel: PIE: StaticDuplicateObject took: (0.010957s)
[2018.11.22-05.05.50:034][891]LogAIModule: Creating AISystem for world 2DSideScrollerExampleMap
[2018.11.22-05.05.50:034][891]LogPlayLevel: PIE: World Init took: (0.000690s)
[2018.11.22-05.05.50:034][891]LogPlayLevel: PIE: Created PIE world by copying editor world from /Game/cxd/Maps/2DSideScrollerExampleMap.2DSideScrollerExampleMap to /Game/cxd/Maps/UEDPIE_0_2DSideScrollerExampleMap.2DSideScrollerExampleMap (0.011772s)
[2018.11.22-05.05.50:057][891]LogScript: Warning: Accessed None trying to read property CallFunc_GetPlayerController_ReturnValue
	GameINS_C /Engine/Transient.UnrealEdEngine_0:GameINS_C_3
	Function /Game/LRJ/GameINS.GameINS_C:ExecuteUbergraph_GameINS:0D2D
[2018.11.22-05.05.50:061][891]LogInit: XAudio2 using '喇叭/耳机 (Realtek High Definition Audio)' : 2 channels at 48 kHz using 32 bits per sample (channel mask 0x3)
[2018.11.22-05.05.50:085][891]LogInit: FAudioDevice initialized.
[2018.11.22-05.05.50:124][891]LogLoad: Game class is '2DSideScrollerGameMode_C'
[2018.11.22-05.05.50:130][891]LogWorld: Bringing World /Game/cxd/Maps/UEDPIE_0_2DSideScrollerExampleMap.2DSideScrollerExampleMap up for play (max tick rate 60) at 2018.11.22-13.05.50
[2018.11.22-05.05.50:131][891]LogWorld: Bringing up level for play took: 0.005923
[2018.11.22-05.05.50:143][891]LogGameMode: FindPlayerStart: PATHS NOT DEFINED or NO PLAYERSTART with positive rating
[2018.11.22-05.05.50:144][891]PIE: Play in editor start time for /Game/cxd/Maps/UEDPIE_0_2DSideScrollerExampleMap 0.827
[2018.11.22-05.05.50:144][891]LogBlueprintUserMessages: Late PlayInEditor Detection: Level '/Game/cxd/Maps/2DSideScrollerExampleMap.2DSideScrollerExampleMap:PersistentLevel' has LevelScriptBlueprint '/Game/cxd/Maps/2DSideScrollerExampleMap.2DSideScrollerExampleMap:PersistentLevel.2DSideScrollerExampleMap' with GeneratedClass '/Game/cxd/Maps/2DSideScrollerExampleMap.2DSideScrollerExampleMap_C' with ClassGeneratedBy '/Game/cxd/Maps/2DSideScrollerExampleMap.2DSideScrollerExampleMap:PersistentLevel.2DSideScrollerExampleMap'
[2018.11.22-05.06.02:356][620]LogBlueprintUserMessages: [1] 1
[2018.11.22-05.06.12:035][199]LogSlate: FSceneViewport::OnFocusLost() reason 0
[2018.11.22-05.06.12:103][203]LogBlueprintUserMessages: Early EndPlayMap Detection: Level '/Game/cxd/Maps/2DSideScrollerExampleMap.2DSideScrollerExampleMap:PersistentLevel' has LevelScriptBlueprint '/Game/cxd/Maps/2DSideScrollerExampleMap.2DSideScrollerExampleMap:PersistentLevel.2DSideScrollerExampleMap' with GeneratedClass '/Game/cxd/Maps/2DSideScrollerExampleMap.2DSideScrollerExampleMap_C' with ClassGeneratedBy '/Game/cxd/Maps/2DSideScrollerExampleMap.2DSideScrollerExampleMap:PersistentLevel.2DSideScrollerExampleMap'
[2018.11.22-05.06.12:103][203]LogSlate: Updating window title bar state: overlay mode, drag disabled, window buttons hidden, title bar hidden
[2018.11.22-05.06.12:139][203]LogPlayLevel: Display: Shutting down PIE online subsystems
[2018.11.22-05.06.12:139][203]LogBlueprintUserMessages: Late EndPlayMap Detection: Level '/Game/cxd/Maps/2DSideScrollerExampleMap.2DSideScrollerExampleMap:PersistentLevel' has LevelScriptBlueprint '/Game/cxd/Maps/2DSideScrollerExampleMap.2DSideScrollerExampleMap:PersistentLevel.2DSideScrollerExampleMap' with GeneratedClass '/Game/cxd/Maps/2DSideScrollerExampleMap.2DSideScrollerExampleMap_C' with ClassGeneratedBy '/Game/cxd/Maps/2DSideScrollerExampleMap.2DSideScrollerExampleMap:PersistentLevel.2DSideScrollerExampleMap'
[2018.11.22-05.06.12:167][203]LogSlate: Updating window title bar state: overlay mode, drag disabled, window buttons hidden, title bar hidden
[2018.11.22-05.06.12:212][206]LogPlayLevel: Display: Destroying online subsystem :Context_4
[2018.11.22-05.06.14:630][334]LogEditorViewport: Clicking Background
[2018.11.22-05.06.14:644][334]LogEditorViewport: Clicking on Actor (LMB): Block_C (Block16)
[2018.11.22-05.06.15:457][351]LogEditorViewport: Clicking on Actor (LMB): Block_C (Block16)
[2018.11.22-05.06.15:996][382]LogEditorViewport: Clicking Background
[2018.11.22-05.06.21:646][705]LogSlate: FSceneViewport::OnFocusLost() reason 0
[2018.11.22-05.06.30:066][196]LogSlate: FSceneViewport::OnFocusLost() reason 0
[2018.11.22-05.06.30:339][206]LogBlueprint: Warning: [Compiler choseActor] No delegate property found for  NewEventDispatcher_0
[2018.11.22-05.06.30:348][206]LogBlueprint: Warning: [Compiler choseActor] [0299.44] Compile of choseActor successful, but with 1 Warning(s) [in 35 ms] (/Game/cxd/Maps/choseActor.choseActor)
[2018.11.22-05.06.30:402][206]LogSlate: Took 0.000467 seconds to synchronously load lazily loaded font '../../../Engine/Content/Slate/Fonts/Roboto-Light.ttf' (167K)
[2018.11.22-05.06.30:416][206]LogAssetEditorManager: Opening Asset editor for Blueprint /Game/cxd/Maps/choseActor.choseActor
[2018.11.22-05.06.31:425][206]LogContentBrowser: Native class hierarchy updated for 'BlueprintGraph' in 0.0006 seconds. Added 116 classes and 0 folders.
[2018.11.22-05.06.33:042][206]LogSlate: Took 0.016901 seconds to synchronously load lazily loaded font '../../../Engine/Content/Slate/Fonts/Roboto-BoldCondensed.ttf' (158K)
[2018.11.22-05.06.33:799][207]LogSlate: Took 0.056790 seconds to synchronously load lazily loaded font '../../../Engine/Content/Slate/Fonts/DroidSansFallback.ttf' (3848K)
[2018.11.22-05.06.33:810][207]LogSlate: Took 0.007287 seconds to synchronously load lazily loaded font '../../../Engine/Content/Slate/Fonts/Roboto-Italic.ttf' (157K)
[2018.11.22-05.06.36:475][350]BlueprintLog: New page: Compile choseActor
[2018.11.22-05.06.36:568][350]LogBlueprint: Warning: [Compiler choseActor] No delegate property found for  NewEventDispatcher_0
[2018.11.22-05.06.36:872][350]LogBlueprint: Warning: [Compiler choseActor] [0305.97] Compile of choseActor successful, but with 1 Warning(s) [in 397 ms] (/Game/cxd/Maps/choseActor.choseActor)
[2018.11.22-05.06.40:279][510]LogSlate: FSceneViewport::OnFocusLost() reason 0
[2018.11.22-05.06.40:427][518]LogAssetEditorManager: Opening Asset editor for Blueprint /Game/LRJ/Block.Block
[2018.11.22-05.06.47:638][873]LogAssetEditorManager: Opening Asset editor for Blueprint /Game/LRJ/GameINS.GameINS
[2018.11.22-05.06.56:926][393]LogSlate: FSceneViewport::OnFocusLost() reason 0
[2018.11.22-05.06.57:327][397]LogActorComponent: UnregisterComponent: (/Engine/Transient.EditorFloorComp) Not registered. Aborting.
[2018.11.22-05.06.57:415][397]LogSlate: Window 'MyFirst2DProject - Unreal Editor' being destroyed
[2018.11.22-05.06.57:420][397]LogWindowsTextInputMethodSystem: Display: IME system now activated using TSF (搜狗拼音输入法).
[2018.11.22-05.06.57:707][398]Cmd: QUIT_EDITOR
[2018.11.22-05.06.58:073][398]LogExit: Preparing to exit.
[2018.11.22-05.06.59:125][398]LogExit: Editor shut down
[2018.11.22-05.06.59:125][398]LogExit: Transaction tracking system shut down
[2018.11.22-05.07.00:073][398]LogExit: Object subsystem successfully closed.
[2018.11.22-05.07.00:120][398]LogShaderCompilers: Display: Shaders left to compile 0
[2018.11.22-05.07.00:128][398]LogD3D11RHI: Shutdown
[2018.11.22-05.07.00:128][398]LogD3D11RHI: CleanupD3DDevice
[2018.11.22-05.07.00:130][398]LogD3D11RHI: ~FD3D11DynamicRHI
[2018.11.22-05.07.00:500][398]LogModuleManager: Shutting down and abandoning module BlueprintGraph (616)
[2018.11.22-05.07.00:500][398]LogModuleManager: Shutting down and abandoning module MovieSceneCapture (614)
[2018.11.22-05.07.00:500][398]LogModuleManager: Shutting down and abandoning module Voice (612)
[2018.11.22-05.07.00:500][398]LogModuleManager: Shutting down and abandoning module HierarchicalLODOutliner (610)
[2018.11.22-05.07.00:500][398]LogModuleManager: Shutting down and abandoning module SceneOutliner (608)
[2018.11.22-05.07.00:500][398]LogModuleManager: Shutting down and abandoning module AddContentDialog (606)
[2018.11.22-05.07.00:500][398]LogModuleManager: Shutting down and abandoning module WidgetCarousel (605)
[2018.11.22-05.07.00:500][398]LogModuleManager: Shutting down and abandoning module EditorWidgets (602)
[2018.11.22-05.07.00:500][398]LogModuleManager: Shutting down and abandoning module CollectionManager (600)
[2018.11.22-05.07.00:500][398]LogModuleManager: Shutting down and abandoning module StatsViewer (598)
[2018.11.22-05.07.00:500][398]LogModuleManager: Shutting down and abandoning module FoliageEdit (596)
[2018.11.22-05.07.00:500][398]LogModuleManager: Shutting down and abandoning module LandscapeEditor (594)
[2018.11.22-05.07.00:539][398]LogModuleManager: Shutting down and abandoning module MeshPaintMode (592)
[2018.11.22-05.07.00:539][398]LogModuleManager: Shutting down and abandoning module SceneDepthPickerMode (590)
[2018.11.22-05.07.00:539][398]LogModuleManager: Shutting down and abandoning module ActorPickerMode (588)
[2018.11.22-05.07.00:539][398]LogModuleManager: Shutting down and abandoning module GeometryMode (586)
[2018.11.22-05.07.00:539][398]LogModuleManager: Shutting down and abandoning module TextureAlignMode (584)
[2018.11.22-05.07.00:539][398]LogModuleManager: Shutting down and abandoning module BspMode (582)
[2018.11.22-05.07.00:540][398]LogModuleManager: Shutting down and abandoning module PIEPreviewDeviceProfileSelector (580)
[2018.11.22-05.07.00:540][398]LogModuleManager: Shutting down and abandoning module SequenceRecorderSections (578)
[2018.11.22-05.07.00:540][398]LogModuleManager: Shutting down and abandoning module AutomationWorker (576)
[2018.11.22-05.07.00:540][398]LogModuleManager: Shutting down and abandoning module AudioCaptureEditor (574)
[2018.11.22-05.07.00:540][398]LogModuleManager: Shutting down and abandoning module SequenceRecorder (573)
[2018.11.22-05.07.00:540][398]LogModuleManager: Shutting down and abandoning module MatineeToLevelSequence (570)
[2018.11.22-05.07.00:540][398]LogModuleManager: Shutting down and abandoning module LevelSequenceEditor (568)
[2018.11.22-05.07.00:549][398]LogModuleManager: Shutting down and abandoning module PlacementMode (567)
[2018.11.22-05.07.00:549][398]LogModuleManager: Shutting down and abandoning module MaterialEditor (566)
[2018.11.22-05.07.00:574][398]LogModuleManager: Shutting down and abandoning module WmfMediaFactory (562)
[2018.11.22-05.07.00:574][398]LogModuleManager: Shutting down and abandoning module WmfMediaEditor (560)
[2018.11.22-05.07.00:574][398]LogModuleManager: Shutting down and abandoning module MediaPlayerEditor (558)
[2018.11.22-05.07.00:574][398]LogModuleManager: Shutting down and abandoning module OpenExrWrapper (556)
[2018.11.22-05.07.00:574][398]LogModuleManager: Shutting down and abandoning module ImgMediaFactory (554)
[2018.11.22-05.07.00:574][398]LogModuleManager: Shutting down and abandoning module ImgMediaEditor (552)
[2018.11.22-05.07.00:574][398]LogModuleManager: Shutting down and abandoning module AvfMediaFactory (550)
[2018.11.22-05.07.00:574][398]LogModuleManager: Shutting down and abandoning module AvfMediaEditor (548)
[2018.11.22-05.07.00:574][398]LogModuleManager: Shutting down and abandoning module AndroidMediaFactory (546)
[2018.11.22-05.07.00:574][398]LogModuleManager: Shutting down and abandoning module AndroidMediaEditor (544)
[2018.11.22-05.07.00:574][398]LogModuleManager: Shutting down and abandoning module MagicLeapCameraPreviewFactory (542)
[2018.11.22-05.07.00:574][398]LogModuleManager: Shutting down and abandoning module MagicLeapMediaFactory (540)
[2018.11.22-05.07.00:574][398]LogModuleManager: Shutting down and abandoning module MagicLeapMediaEditor (538)
[2018.11.22-05.07.00:574][398]LogModuleManager: Shutting down and abandoning module CharacterAI (536)
[2018.11.22-05.07.00:574][398]LogModuleManager: Shutting down and abandoning module SmartSnapping (534)
[2018.11.22-05.07.00:574][398]LogModuleManager: Shutting down and abandoning module SessionServices (532)
[2018.11.22-05.07.00:574][398]LogModuleManager: Shutting down and abandoning module ViewportSnapping (530)
[2018.11.22-05.07.00:574][398]LogModuleManager: Shutting down and abandoning module ViewportInteraction (528)
[2018.11.22-05.07.00:582][398]LogModuleManager: Shutting down and abandoning module ClothPainter (526)
[2018.11.22-05.07.00:582][398]LogModuleManager: Shutting down and abandoning module SkeletalMeshEditor (525)
[2018.11.22-05.07.00:605][398]LogModuleManager: Shutting down and abandoning module LogVisualizer (522)
[2018.11.22-05.07.00:610][398]LogModuleManager: Shutting down and abandoning module IntroTutorials (520)
[2018.11.22-05.07.00:610][398]LogModuleManager: Shutting down and abandoning module GameProjectGeneration (519)
[2018.11.22-05.07.00:620][398]LogModuleManager: Shutting down and abandoning module LuminPlatformEditor (516)
[2018.11.22-05.07.00:620][398]LogModuleManager: Shutting down and abandoning module IOSPlatformEditor (514)
[2018.11.22-05.07.00:620][398]LogModuleManager: Shutting down and abandoning module HTML5PlatformEditor (512)
[2018.11.22-05.07.00:620][398]LogModuleManager: Shutting down and abandoning module AndroidPlatformEditor (510)
[2018.11.22-05.07.00:620][398]LogModuleManager: Shutting down and abandoning module AndroidDeviceDetection (509)
[2018.11.22-05.07.01:692][398]LogModuleManager: Shutting down and abandoning module WindowsPlatformEditor (506)
[2018.11.22-05.07.01:692][398]LogModuleManager: Shutting down and abandoning module LuminRuntimeSettings (504)
[2018.11.22-05.07.01:692][398]LogModuleManager: Shutting down and abandoning module IOSRuntimeSettings (502)
[2018.11.22-05.07.01:692][398]LogModuleManager: Shutting down and abandoning module AndroidRuntimeSettings (500)
[2018.11.22-05.07.01:692][398]LogModuleManager: Shutting down and abandoning module InputBindingEditor (498)
[2018.11.22-05.07.01:732][398]LogModuleManager: Shutting down and abandoning module MergeActors (496)
[2018.11.22-05.07.01:732][398]LogModuleManager: Shutting down and abandoning module LocalizationDashboard (494)
[2018.11.22-05.07.01:732][398]LogModuleManager: Shutting down and abandoning module LocalizationService (493)
[2018.11.22-05.07.01:732][398]LogModuleManager: Shutting down and abandoning module HardwareTargeting (490)
[2018.11.22-05.07.01:732][398]LogModuleManager: Shutting down and abandoning module DeviceProfileEditor (488)
[2018.11.22-05.07.01:732][398]LogModuleManager: Shutting down and abandoning module UndoHistory (486)
[2018.11.22-05.07.01:732][398]LogModuleManager: Shutting down and abandoning module XmlParser (484)
[2018.11.22-05.07.01:732][398]LogModuleManager: Shutting down and abandoning module Blutility (482)
[2018.11.22-05.07.01:732][398]LogModuleManager: Shutting down and abandoning module ProjectSettingsViewer (480)
[2018.11.22-05.07.01:732][398]LogModuleManager: Shutting down and abandoning module ProjectTargetPlatformEditor (479)
[2018.11.22-05.07.01:732][398]LogModuleManager: Shutting down and abandoning module EditorSettingsViewer (476)
[2018.11.22-05.07.01:732][398]LogModuleManager: Shutting down and abandoning module SettingsEditor (474)
[2018.11.22-05.07.01:733][398]LogModuleManager: Shutting down and abandoning module ProjectLauncher (472)
[2018.11.22-05.07.01:751][398]LogModuleManager: Shutting down and abandoning module SessionFrontend (470)
[2018.11.22-05.07.01:751][398]LogModuleManager: Shutting down and abandoning module ProfilerClient (468)
[2018.11.22-05.07.01:760][398]LogModuleManager: Shutting down and abandoning module DeviceManager (466)
[2018.11.22-05.07.01:760][398]LogModuleManager: Shutting down and abandoning module TargetDeviceServices (465)
[2018.11.22-05.07.01:803][398]LogModuleManager: Shutting down and abandoning module AutomationController (462)
[2018.11.22-05.07.01:803][398]LogModuleManager: Shutting down and abandoning module AutomationWindow (460)
[2018.11.22-05.07.01:816][398]LogModuleManager: Shutting down and abandoning module Layers (458)
[2018.11.22-05.07.01:840][398]LogModuleManager: Shutting down and abandoning module ComponentVisualizers (456)
[2018.11.22-05.07.01:840][398]LogModuleManager: Shutting down and abandoning module DetailCustomizations (454)
[2018.11.22-05.07.01:840][398]LogModuleManager: Shutting down and abandoning module PackagesDialog (452)
[2018.11.22-05.07.01:844][398]LogModuleManager: Shutting down and abandoning module Persona (450)
[2018.11.22-05.07.01:863][398]LogModuleManager: Shutting down and abandoning module AdvancedPreviewScene (449)
[2018.11.22-05.07.01:863][398]LogModuleManager: Shutting down and abandoning module AnimGraph (447)
[2018.11.22-05.07.01:863][398]LogModuleManager: Shutting down and abandoning module Kismet (444)
[2018.11.22-05.07.01:868][398]LogModuleManager: Shutting down and abandoning module GraphEditor (442)
[2018.11.22-05.07.01:868][398]LogModuleManager: Shutting down and abandoning module ClassViewer (440)
[2018.11.22-05.07.01:868][398]LogModuleManager: Shutting down and abandoning module Toolbox (438)
[2018.11.22-05.07.01:868][398]LogModuleManager: Shutting down and abandoning module ModuleUI (436)
[2018.11.22-05.07.01:879][398]LogModuleManager: Shutting down and abandoning module MovieSceneTools (434)
[2018.11.22-05.07.01:879][398]LogModuleManager: Shutting down and abandoning module OutputLog (432)
[2018.11.22-05.07.01:879][398]LogModuleManager: Shutting down and abandoning module GammaUI (430)
[2018.11.22-05.07.01:889][398]LogModuleManager: Shutting down and abandoning module Documentation (428)
[2018.11.22-05.07.01:889][398]LogModuleManager: Shutting down and abandoning module MovieSceneTracks (426)
[2018.11.22-05.07.01:900][398]LogModuleManager: Shutting down and abandoning module MovieScene (424)
[2018.11.22-05.07.01:900][398]LogModuleManager: Shutting down and abandoning module StreamingPauseRendering (422)
[2018.11.22-05.07.01:900][398]LogModuleManager: Shutting down and abandoning module LauncherPlatform (420)
[2018.11.22-05.07.01:900][398]LogModuleManager: Shutting down and abandoning module AnalyticsET (418)
[2018.11.22-05.07.01:900][398]LogModuleManager: Shutting down and abandoning module PortalServices (416)
[2018.11.22-05.07.01:900][398]LogModuleManager: Shutting down and abandoning module PortalRpc (414)
[2018.11.22-05.07.01:900][398]LogModuleManager: Shutting down and abandoning module MessagingRpc (412)
[2018.11.22-05.07.01:900][398]LogModuleManager: Shutting down and abandoning module AIModule (410)
[2018.11.22-05.07.01:900][398]LogModuleManager: Shutting down and abandoning module GameplayDebugger (409)
[2018.11.22-05.07.01:900][398]LogModuleManager: Shutting down and abandoning module AITestSuite (407)
[2018.11.22-05.07.01:900][398]LogModuleManager: Shutting down and abandoning module NavigationSystem (405)
[2018.11.22-05.07.01:900][398]LogModuleManager: Shutting down and abandoning module DesktopPlatform (402)
[2018.11.22-05.07.01:900][398]LogModuleManager: Shutting down and abandoning module ProfilerService (400)
[2018.11.22-05.07.01:971][398]LogModuleManager: Shutting down and abandoning module TaskGraph (398)
[2018.11.22-05.07.01:971][398]LogModuleManager: Shutting down and abandoning module SteamVRController (396)
[2018.11.22-05.07.01:971][398]LogModuleManager: Shutting down and abandoning module ProceduralMeshComponentEditor (394)
[2018.11.22-05.07.01:971][398]LogModuleManager: Shutting down and abandoning module ProceduralMeshComponent (392)
[2018.11.22-05.07.01:971][398]LogModuleManager: Shutting down and abandoning module OculusInput (390)
[2018.11.22-05.07.01:971][398]LogModuleManager: Shutting down and abandoning module MobilePatchingUtils (388)
[2018.11.22-05.07.01:971][398]LogModuleManager: Shutting down and abandoning module EditableMesh (386)
[2018.11.22-05.07.01:971][398]LogModuleManager: Shutting down and abandoning module CustomMeshComponent (384)
[2018.11.22-05.07.01:971][398]LogModuleManager: Shutting down and abandoning module CableComponent (382)
[2018.11.22-05.07.01:972][398]LogModuleManager: Shutting down and abandoning module AudioCapture (380)
[2018.11.22-05.07.01:972][398]LogModuleManager: Shutting down and abandoning module ArchVisCharacter (378)
[2018.11.22-05.07.01:972][398]LogModuleManager: Shutting down and abandoning module AndroidPermission (376)
[2018.11.22-05.07.01:972][398]LogModuleManager: Shutting down and abandoning module NUTUnrealEngine4 (374)
[2018.11.22-05.07.01:972][398]LogModuleManager: Shutting down and abandoning module NetcodeUnitTest (372)
[2018.11.22-05.07.01:981][398]LogModuleManager: Shutting down and abandoning module MediaCompositingEditor (370)
[2018.11.22-05.07.01:981][398]LogModuleManager: Shutting down and abandoning module MediaCompositing (368)
[2018.11.22-05.07.01:982][398]LogModuleManager: Shutting down and abandoning module LinearTimecode (366)
[2018.11.22-05.07.01:982][398]LogModuleManager: Shutting down and abandoning module ImgMedia (364)
[2018.11.22-05.07.01:999][398]LogModuleManager: Shutting down and abandoning module HTML5Networking (362)
[2018.11.22-05.07.01:999][398]LogModuleManager: Shutting down and abandoning module GeometryCacheTracks (360)
[2018.11.22-05.07.01:999][398]LogModuleManager: Shutting down and abandoning module GeometryCacheSequencer (358)
[2018.11.22-05.07.01:999][398]LogModuleManager: Shutting down and abandoning module BackChannel (356)
[2018.11.22-05.07.02:006][398]LogModuleManager: Shutting down and abandoning module AppleVision (354)
[2018.11.22-05.07.02:006][398]LogModuleManager: Shutting down and abandoning module AppleImageUtils (352)
[2018.11.22-05.07.02:006][398]LogModuleManager: Shutting down and abandoning module AlembicImporter (350)
[2018.11.22-05.07.02:006][398]LogModuleManager: Shutting down and abandoning module AlembicLibrary (349)
[2018.11.22-05.07.02:006][398]LogModuleManager: Shutting down and abandoning module GeometryCache (348)
[2018.11.22-05.07.02:006][398]LogModuleManager: Shutting down and abandoning module GeometryCacheEd (347)
[2018.11.22-05.07.02:006][398]LogModuleManager: Shutting down and abandoning module DatasmithContentEditor (342)
[2018.11.22-05.07.02:006][398]LogModuleManager: Shutting down and abandoning module DatasmithContent (340)
[2018.11.22-05.07.02:007][398]LogModuleManager: Shutting down and abandoning module SpeedTreeImporter (338)
[2018.11.22-05.07.02:007][398]LogModuleManager: Shutting down and abandoning module PluginBrowser (336)
[2018.11.22-05.07.02:013][398]LogModuleManager: Shutting down and abandoning module MobileLauncherProfileWizard (334)
[2018.11.22-05.07.02:017][398]LogModuleManager: Shutting down and abandoning module PolygonModeling (332)
[2018.11.22-05.07.02:017][398]LogModuleManager: Shutting down and abandoning module MeshEditor (330)
[2018.11.22-05.07.02:017][398]LogModuleManager: Shutting down and abandoning module CryptoKeysOpenSSL (328)
[2018.11.22-05.07.02:017][398]LogModuleManager: Shutting down and abandoning module CryptoKeys (326)
[2018.11.22-05.07.02:017][398]LogModuleManager: Shutting down and abandoning module VisualStudioSourceCodeAccess (324)
[2018.11.22-05.07.02:017][398]LogModuleManager: Shutting down and abandoning module VisualStudioCodeSourceCodeAccess (322)
[2018.11.22-05.07.02:017][398]LogModuleManager: Shutting down and abandoning module UObjectPlugin (320)
[2018.11.22-05.07.02:017][398]LogModuleManager: Shutting down and abandoning module SubversionSourceControl (318)
[2018.11.22-05.07.02:017][398]LogModuleManager: Shutting down and abandoning module PerforceSourceControl (316)
[2018.11.22-05.07.02:024][398]LogModuleManager: Shutting down and abandoning module GitSourceControl (314)
[2018.11.22-05.07.02:024][398]LogModuleManager: Shutting down and abandoning module SourceControl (313)
[2018.11.22-05.07.02:024][398]LogModuleManager: Shutting down and abandoning module CLionSourceCodeAccess (310)
[2018.11.22-05.07.02:024][398]LogModuleManager: Shutting down and abandoning module LightPropagationVolumeEditor (308)
[2018.11.22-05.07.02:024][398]LogModuleManager: Shutting down and abandoning module PaperTiledImporter (306)
[2018.11.22-05.07.02:024][398]LogModuleManager: Shutting down and abandoning module PaperSpriteSheetImporter (304)
[2018.11.22-05.07.02:024][398]LogModuleManager: Shutting down and abandoning module Paper2DEditor (302)
[2018.11.22-05.07.02:041][398]LogModuleManager: Shutting down and abandoning module MeshPaint (301)
[2018.11.22-05.07.02:041][398]LogModuleManager: Shutting down and abandoning module RuntimePhysXCooking (298)
[2018.11.22-05.07.02:041][398]LogModuleManager: Shutting down and abandoning module PhysXVehiclesEditor (296)
[2018.11.22-05.07.02:041][398]LogModuleManager: Shutting down and abandoning module PhysXVehicles (294)
[2018.11.22-05.07.02:041][398]LogModuleManager: Shutting down and abandoning module OculusEditor (292)
[2018.11.22-05.07.02:041][398]LogModuleManager: Shutting down and abandoning module LocationServicesBPLibrary (290)
[2018.11.22-05.07.02:041][398]LogModuleManager: Shutting down and abandoning module ImmediatePhysicsEditor (288)
[2018.11.22-05.07.02:041][398]LogModuleManager: Shutting down and abandoning module ImmediatePhysics (286)
[2018.11.22-05.07.02:041][398]LogModuleManager: Shutting down and abandoning module ActorSequence (284)
[2018.11.22-05.07.02:041][398]LogModuleManager: Shutting down and abandoning module UdpMessaging (282)
[2018.11.22-05.07.02:142][398]LogModuleManager: Shutting down and abandoning module TcpMessaging (280)
[2018.11.22-05.07.02:242][398]LogModuleManager: Shutting down and abandoning module MagicLeapAudio (278)
[2018.11.22-05.07.02:242][398]LogModuleManager: Shutting down and abandoning module GameplayTagsEditor (276)
[2018.11.22-05.07.02:250][398]LogModuleManager: Shutting down and abandoning module FacialAnimationEditor (274)
[2018.11.22-05.07.02:250][398]LogModuleManager: Shutting down and abandoning module FacialAnimation (272)
[2018.11.22-05.07.02:250][398]LogModuleManager: Shutting down and abandoning module DataValidation (270)
[2018.11.22-05.07.02:250][398]LogModuleManager: Shutting down and abandoning module AssetManagerEditor (268)
[2018.11.22-05.07.02:263][398]LogModuleManager: Shutting down and abandoning module LevelEditor (267)
[2018.11.22-05.07.02:263][398]LogModuleManager: Shutting down and abandoning module PixelInspectorModule (266)
[2018.11.22-05.07.02:263][398]LogModuleManager: Shutting down and abandoning module CommonMenuExtensions (264)
[2018.11.22-05.07.02:263][398]LogModuleManager: Shutting down and abandoning module MainFrame (262)
[2018.11.22-05.07.02:263][398]LogModuleManager: Shutting down and abandoning module HotReload (261)
[2018.11.22-05.07.02:264][398]LogModuleManager: Shutting down and abandoning module ContentBrowser (257)
[2018.11.22-05.07.02:265][398]LogModuleManager: Shutting down and abandoning module TreeMap (255)
[2018.11.22-05.07.02:265][398]LogModuleManager: Shutting down and abandoning module LightPropagationVolumeRuntime (252)
[2018.11.22-05.07.02:265][398]LogModuleManager: Shutting down and abandoning module AISupportModule (250)
[2018.11.22-05.07.02:265][398]LogModuleManager: Shutting down and abandoning module Paper2D (248)
[2018.11.22-05.07.02:265][398]LogModuleManager: Shutting down and abandoning module WindowsMoviePlayer (246)
[2018.11.22-05.07.02:265][398]LogModuleManager: Shutting down and abandoning module WmfMedia (244)
[2018.11.22-05.07.02:277][398]LogModuleManager: Shutting down and abandoning module Media (243)
[2018.11.22-05.07.02:283][398]LogModuleManager: Shutting down and abandoning module PacketHandler (240)
[2018.11.22-05.07.02:283][398]LogModuleManager: Shutting down and abandoning module ClothingSystemEditor (238)
[2018.11.22-05.07.02:283][398]LogModuleManager: Shutting down and abandoning module ClothingSystemRuntime (236)
[2018.11.22-05.07.02:289][398]LogModuleManager: Shutting down and abandoning module MediaAssets (234)
[2018.11.22-05.07.02:289][398]LogModuleManager: Shutting down and abandoning module Overlay (232)
[2018.11.22-05.07.02:289][398]LogModuleManager: Shutting down and abandoning module OverlayEditor (231)
[2018.11.22-05.07.02:289][398]LogModuleManager: Shutting down and abandoning module VREditor (228)
[2018.11.22-05.07.02:298][398]LogModuleManager: Shutting down and abandoning module StringTableEditor (226)
[2018.11.22-05.07.02:308][398]LogModuleManager: Shutting down and abandoning module GameplayTasksEditor (224)
[2018.11.22-05.07.02:308][398]LogModuleManager: Shutting down and abandoning module BehaviorTreeEditor (222)
[2018.11.22-05.07.02:317][398]LogModuleManager: Shutting down and abandoning module FunctionalTesting (220)
[2018.11.22-05.07.02:317][398]LogModuleManager: Shutting down and abandoning module CollisionAnalyzer (218)
[2018.11.22-05.07.02:317][398]LogModuleManager: Shutting down and abandoning module WorkspaceMenuStructure (217)
[2018.11.22-05.07.02:317][398]LogModuleManager: Shutting down and abandoning module UMG (214)
[2018.11.22-05.07.02:326][398]LogModuleManager: Shutting down and abandoning module UMGEditor (213)
[2018.11.22-05.07.02:339][398]LogModuleManager: Shutting down and abandoning module Sequencer (212)
[2018.11.22-05.07.02:353][398]LogModuleManager: Shutting down and abandoning module MessageLog (209)
[2018.11.22-05.07.02:353][398]LogModuleManager: Shutting down and abandoning module SlateReflector (204)
[2018.11.22-05.07.02:370][398]LogModuleManager: Shutting down and abandoning module Slate (202)
[2018.11.22-05.07.02:370][398]LogModuleManager: Shutting down and abandoning module EditorStyle (200)
[2018.11.22-05.07.02:373][398]LogModuleManager: Shutting down and abandoning module MRMesh (198)
[2018.11.22-05.07.02:373][398]LogModuleManager: Shutting down and abandoning module SourceCodeAccess (196)
[2018.11.22-05.07.02:373][398]LogModuleManager: Shutting down and abandoning module HeadMountedDisplay (194)
[2018.11.22-05.07.02:373][398]LogModuleManager: Shutting down and abandoning module XAudio2 (192)
[2018.11.22-05.07.02:373][398]LogModuleManager: Shutting down and abandoning module Networking (190)
[2018.11.22-05.07.02:373][398]LogModuleManager: Shutting down and abandoning module Core (188)
[2018.11.22-05.07.02:373][398]LogModuleManager: Shutting down and abandoning module LevelSequence (186)
[2018.11.22-05.07.02:373][398]LogModuleManager: Shutting down and abandoning module KismetCompiler (184)
[2018.11.22-05.07.02:373][398]LogModuleManager: Shutting down and abandoning module MeshUtilities (182)
[2018.11.22-05.07.02:373][398]LogModuleManager: Shutting down and abandoning module MeshMergeUtilities (181)
[2018.11.22-05.07.02:373][398]LogModuleManager: Shutting down and abandoning module MeshReductionInterface (180)
[2018.11.22-05.07.02:373][398]LogModuleManager: Shutting down and abandoning module SimplygonSwarm (179)
[2018.11.22-05.07.02:377][398]LogModuleManager: Shutting down and abandoning module ProxyLODMeshReduction (177)
[2018.11.22-05.07.02:388][398]LogModuleManager: Shutting down and abandoning module SimplygonMeshReduction (175)
[2018.11.22-05.07.02:388][398]LogModuleManager: Shutting down and abandoning module QuadricMeshReduction (173)
[2018.11.22-05.07.02:398][398]LogModuleManager: Shutting down and abandoning module MaterialBaking (169)
[2018.11.22-05.07.02:398][398]LogModuleManager: Shutting down and abandoning module DirectoryWatcher (165)
[2018.11.22-05.07.02:398][398]LogModuleManager: Shutting down and abandoning module DerivedDataCache (162)
[2018.11.22-05.07.02:449][398]LogDerivedDataCache: Shutdown
[2018.11.22-05.07.02:449][398]LogModuleManager: Shutting down and abandoning module XGEController (160)
[2018.11.22-05.07.02:449][398]LogXGEController: Cleaning working directory: C:/Users/李仁杰/AppData/Local/Temp/UnrealXGEWorkingDir/
[2018.11.22-05.07.02:450][398]LogModuleManager: Shutting down and abandoning module TargetPlatform (158)
[2018.11.22-05.07.02:450][398]LogModuleManager: Shutting down and abandoning module VulkanShaderFormat (157)
[2018.11.22-05.07.02:450][398]LogModuleManager: Shutting down and abandoning module ShaderFormatVectorVM (155)
[2018.11.22-05.07.02:450][398]LogModuleManager: Shutting down and abandoning module ShaderFormatOpenGL (153)
[2018.11.22-05.07.02:459][398]LogModuleManager: Shutting down and abandoning module ShaderFormatD3D (151)
[2018.11.22-05.07.02:459][398]LogModuleManager: Shutting down and abandoning module MetalShaderFormat (149)
[2018.11.22-05.07.02:468][398]LogModuleManager: Shutting down and abandoning module TextureFormatUncompressed (147)
[2018.11.22-05.07.02:468][398]LogModuleManager: Shutting down and abandoning module TextureFormatPVR (145)
[2018.11.22-05.07.02:468][398]LogModuleManager: Shutting down and abandoning module TextureFormatDXT (143)
[2018.11.22-05.07.02:468][398]LogModuleManager: Shutting down and abandoning module TextureFormatIntelISPCTexComp (141)
[2018.11.22-05.07.02:468][398]LogModuleManager: Shutting down and abandoning module TextureFormatASTC (139)
[2018.11.22-05.07.02:468][398]LogModuleManager: Shutting down and abandoning module ImageWrapper (138)
[2018.11.22-05.07.02:468][398]LogModuleManager: Shutting down and abandoning module TextureFormatAndroid (135)
[2018.11.22-05.07.02:468][398]LogModuleManager: Shutting down and abandoning module AudioFormatOpus (133)
[2018.11.22-05.07.02:468][398]LogModuleManager: Shutting down and abandoning module AudioFormatOgg (131)
[2018.11.22-05.07.02:468][398]LogModuleManager: Shutting down and abandoning module AudioFormatADPCM (129)
[2018.11.22-05.07.02:468][398]LogModuleManager: Shutting down and abandoning module LuminTargetPlatform (127)
[2018.11.22-05.07.02:468][398]LogModuleManager: Shutting down and abandoning module LinuxTargetPlatform (125)
[2018.11.22-05.07.02:468][398]LogModuleManager: Shutting down and abandoning module LinuxServerTargetPlatform (123)
[2018.11.22-05.07.02:468][398]LogModuleManager: Shutting down and abandoning module LinuxNoEditorTargetPlatform (121)
[2018.11.22-05.07.02:468][398]LogModuleManager: Shutting down and abandoning module LinuxClientTargetPlatform (119)
[2018.11.22-05.07.02:468][398]LogModuleManager: Shutting down and abandoning module TVOSTargetPlatform (117)
[2018.11.22-05.07.02:469][398]LogModuleManager: Shutting down and abandoning module Messaging (115)
[2018.11.22-05.07.02:469][398]LogModuleManager: Shutting down and abandoning module IOSTargetPlatform (113)
[2018.11.22-05.07.02:470][398]LogModuleManager: Shutting down and abandoning module HTML5TargetPlatform (111)
[2018.11.22-05.07.02:470][398]LogModuleManager: Shutting down and abandoning module AndroidTargetPlatform (109)
[2018.11.22-05.07.02:475][398]LogModuleManager: Shutting down and abandoning module WindowsTargetPlatform (107)
[2018.11.22-05.07.02:475][398]LogModuleManager: Shutting down and abandoning module WindowsServerTargetPlatform (105)
[2018.11.22-05.07.02:475][398]LogModuleManager: Shutting down and abandoning module WindowsNoEditorTargetPlatform (103)
[2018.11.22-05.07.02:475][398]LogModuleManager: Shutting down and abandoning module WindowsClientTargetPlatform (101)
[2018.11.22-05.07.02:475][398]LogModuleManager: Shutting down and abandoning module MacTargetPlatform (99)
[2018.11.22-05.07.02:475][398]LogModuleManager: Shutting down and abandoning module MacServerTargetPlatform (97)
[2018.11.22-05.07.02:475][398]LogModuleManager: Shutting down and abandoning module MacNoEditorTargetPlatform (95)
[2018.11.22-05.07.02:475][398]LogModuleManager: Shutting down and abandoning module MacClientTargetPlatform (93)
[2018.11.22-05.07.02:475][398]LogModuleManager: Shutting down and abandoning module AllDesktopTargetPlatform (91)
[2018.11.22-05.07.02:475][398]LogModuleManager: Shutting down and abandoning module InputCore (88)
[2018.11.22-05.07.02:475][398]LogModuleManager: Shutting down and abandoning module Settings (86)
[2018.11.22-05.07.02:476][398]LogModuleManager: Shutting down and abandoning module PhysXCooking (84)
[2018.11.22-05.07.02:476][398]LogModuleManager: Shutting down and abandoning module SteamVR (82)
[2018.11.22-05.07.02:476][398]LogModuleManager: Shutting down and abandoning module OculusHMD (80)
[2018.11.22-05.07.02:476][398]LogModuleManager: Shutting down and abandoning module ExampleDeviceProfileSelector (78)
[2018.11.22-05.07.02:476][398]LogModuleManager: Shutting down and abandoning module LauncherChunkInstaller (76)
[2018.11.22-05.07.02:476][398]LogModuleManager: Shutting down and abandoning module OnlineBlueprintSupport (74)
[2018.11.22-05.07.02:476][398]LogModuleManager: Shutting down and abandoning module OnlineSubsystem (70)
[2018.11.22-05.07.02:476][398]LogModuleManager: Shutting down and abandoning module XMPP (65)
[2018.11.22-05.07.02:482][398]LogModuleManager: Shutting down and abandoning module WebSockets (64)
[2018.11.22-05.07.02:534][398]LogModuleManager: Shutting down and abandoning module HTTP (61)
[2018.11.22-05.07.02:534][398]LogHttp: Display: Http module shutting down, but needs to wait on 1 outstanding Http requests:
[2018.11.22-05.07.02:534][398]LogHttp: Display: 	verb=[POST] url=[https://datarouter.ol.epicgames.com/datarouter/api/v1/public/data?SessionID=%7B1CAA474A-447F-4387-D0A7-3E82FA054580%7D&AppID=UEEditor.Rocket.Release&AppVersion=4.20.2-4302132%2B%2B%2BUE4%2BRelease-4.20&UserID=13d9fa7b41c1559305e9a79df4d54a11%7C96a361a4deaf442095fbbdfc4237100f%7C55280819-2524-4757-bde6-a0477dea7ea0&AppEnvironment=datacollector-binary&UploadType=eteventstream] status=Processing
[2018.11.22-05.07.02:548][398]LogModuleManager: Shutting down and abandoning module SSL (60)
[2018.11.22-05.07.02:549][398]LogModuleManager: Shutting down and abandoning module MagicLeapEmulator (56)
[2018.11.22-05.07.02:549][398]LogModuleManager: Shutting down and abandoning module MagicLeapPrivileges (54)
[2018.11.22-05.07.02:549][398]LogModuleManager: Shutting down and abandoning module MagicLeapIdentity (52)
[2018.11.22-05.07.02:549][398]LogModuleManager: Shutting down and abandoning module MagicLeapHelperVulkan (50)
[2018.11.22-05.07.02:549][398]LogModuleManager: Shutting down and abandoning module MagicLeapHelperOpenGL (48)
[2018.11.22-05.07.02:549][398]LogModuleManager: Shutting down and abandoning module MagicLeapSecureStorage (46)
[2018.11.22-05.07.02:549][398]LogModuleManager: Shutting down and abandoning module MagicLeapGestures (44)
[2018.11.22-05.07.02:549][398]LogModuleManager: Shutting down and abandoning module MagicLeapEyeTracker (42)
[2018.11.22-05.07.02:549][398]LogModuleManager: Shutting down and abandoning module MagicLeapController (40)
[2018.11.22-05.07.02:549][398]LogSlate: Slate User Destroyed.  User Index 0, Is Virtual User: 0
[2018.11.22-05.07.02:549][398]LogModuleManager: Shutting down and abandoning module MagicLeap (38)
[2018.11.22-05.07.02:549][398]LogModuleManager: Shutting down and abandoning module AnimationModifiers (36)
[2018.11.22-05.07.02:555][398]LogModuleManager: Shutting down and abandoning module PropertyEditor (35)
[2018.11.22-05.07.02:555][398]LogModuleManager: Shutting down and abandoning module AudioEditor (32)
[2018.11.22-05.07.02:564][398]LogModuleManager: Shutting down and abandoning module TextureCompressor (30)
[2018.11.22-05.07.02:566][398]LogModuleManager: Shutting down and abandoning module ShaderCore (28)
[2018.11.22-05.07.02:566][398]LogModuleManager: Shutting down and abandoning module Landscape (26)
[2018.11.22-05.07.02:566][398]LogModuleManager: Shutting down and abandoning module SlateRHIRenderer (24)
[2018.11.22-05.07.02:577][398]LogModuleManager: Shutting down and abandoning module OpenGLDrv (22)
[2018.11.22-05.07.02:583][398]LogModuleManager: Shutting down and abandoning module D3D11RHI (20)
[2018.11.22-05.07.02:583][398]LogModuleManager: Shutting down and abandoning module AnimGraphRuntime (18)
[2018.11.22-05.07.02:583][398]LogModuleManager: Shutting down and abandoning module Renderer (16)
[2018.11.22-05.07.02:584][398]LogModuleManager: Shutting down and abandoning module Engine (14)
[2018.11.22-05.07.02:584][398]LogModuleManager: Shutting down and abandoning module CoreUObject (12)
[2018.11.22-05.07.02:584][398]LogModuleManager: Shutting down and abandoning module NetworkFile (10)
[2018.11.22-05.07.02:584][398]LogModuleManager: Shutting down and abandoning module CookedIterativeFile (8)
[2018.11.22-05.07.02:584][398]LogModuleManager: Shutting down and abandoning module StreamingFile (6)
[2018.11.22-05.07.02:584][398]LogModuleManager: Shutting down and abandoning module SandboxFile (4)
[2018.11.22-05.07.02:584][398]LogModuleManager: Shutting down and abandoning module PakFile (2)
[2018.11.22-05.07.02:593][398]LogExit: Exiting.
[2018.11.22-05.07.02:606][398]Log file closed, 11/22/18 13:07:02
