Log file open, 11/23/18 18:41:03
LogWindows: Failed to load 'aqProf.dll' (GetLastError=126)
LogWindows: File 'aqProf.dll' does not exist
LogWindows: Failed to load 'VSPerf140.dll' (GetLastError=126)
LogWindows: File 'VSPerf140.dll' does not exist
LogWindows: Failed to load 'VtuneApi.dll' (GetLastError=126)
LogWindows: File 'VtuneApi.dll' does not exist
LogWindows: Failed to load 'VtuneApi32e.dll' (GetLastError=126)
LogWindows: File 'VtuneApi32e.dll' does not exist
LogInit: Display: Running engine for game: MyFirst2DProject
LogPlatformFile: Not using cached read wrapper
LogTaskGraph: Started task graph with 5 named threads and 23 total threads with 3 sets of task threads.
LogStats: Stats thread started at 3.058084
LogD3D11RHI: Loaded GFSDK_Aftermath_Lib.x64.dll
LogICUInternationalization: Display: ICU TimeZone Detection - Raw Offset: +8:00, Platform Override: ''
LogPluginManager: Mounting plugin Paper2D
LogPluginManager: Mounting plugin AISupport
LogPluginManager: Mounting plugin LightPropagationVolume
LogPluginManager: Mounting plugin CLionSourceCodeAccess
LogPluginManager: Mounting plugin CodeLiteSourceCodeAccess
LogPluginManager: Mounting plugin GitSourceControl
LogPluginManager: Mounting plugin KDevelopSourceCodeAccess
LogPluginManager: Mounting plugin NullSourceCodeAccess
LogPluginManager: Mounting plugin PerforceSourceControl
LogPluginManager: Mounting plugin SubversionSourceControl
LogPluginManager: Mounting plugin UObjectPlugin
LogPluginManager: Mounting plugin VisualStudioCodeSourceCodeAccess
LogPluginManager: Mounting plugin VisualStudioSourceCodeAccess
LogPluginManager: Mounting plugin XCodeSourceCodeAccess
LogPluginManager: Mounting plugin AssetManagerEditor
LogPluginManager: Mounting plugin CryptoKeys
LogPluginManager: Mounting plugin DataValidation
LogPluginManager: Mounting plugin FacialAnimation
LogPluginManager: Mounting plugin GameplayTagsEditor
LogPluginManager: Mounting plugin MacGraphicsSwitching
LogPluginManager: Mounting plugin MeshEditor
LogPluginManager: Mounting plugin MobileLauncherProfileWizard
LogPluginManager: Mounting plugin PluginBrowser
LogPluginManager: Mounting plugin SpeedTreeImporter
LogPluginManager: Mounting plugin DatasmithContent
LogPluginManager: Mounting plugin AlembicImporter
LogPluginManager: Mounting plugin AppleImageUtils
LogPluginManager: Mounting plugin AppleVision
LogPluginManager: Mounting plugin BackChannel
LogPluginManager: Mounting plugin CharacterAI
LogPluginManager: Mounting plugin GeometryCache
LogPluginManager: Mounting plugin HTML5Networking
LogPluginManager: Mounting plugin ProxyLODPlugin
LogPluginManager: Mounting plugin MagicLeap
LogPluginManager: Mounting plugin MagicLeapEmulator
LogPluginManager: Mounting plugin MagicLeapMedia
LogPluginManager: Mounting plugin AndroidMedia
LogPluginManager: Mounting plugin AvfMedia
LogPluginManager: Mounting plugin ImgMedia
LogPluginManager: Mounting plugin LinearTimecode
LogPluginManager: Mounting plugin MediaCompositing
LogPluginManager: Mounting plugin MediaPlayerEditor
LogPluginManager: Mounting plugin WmfMedia
LogPluginManager: Mounting plugin TcpMessaging
LogPluginManager: Mounting plugin UdpMessaging
LogPluginManager: Mounting plugin ActorSequence
LogPluginManager: Mounting plugin LevelSequenceEditor
LogPluginManager: Mounting plugin MatineeToLevelSequence
LogPluginManager: Mounting plugin NetcodeUnitTest
LogPluginManager: Mounting plugin NUTUnrealEngine4
LogPluginManager: Mounting plugin OnlineSubsystemGooglePlay
LogPluginManager: Mounting plugin OnlineSubsystemIOS
LogPluginManager: Mounting plugin OnlineSubsystem
LogPluginManager: Mounting plugin OnlineSubsystemNull
LogPluginManager: Mounting plugin OnlineSubsystemUtils
LogPluginManager: Mounting plugin LauncherChunkInstaller
LogPluginManager: Mounting plugin AndroidDeviceProfileSelector
LogPluginManager: Mounting plugin AndroidMoviePlayer
LogPluginManager: Mounting plugin AndroidPermission
LogPluginManager: Mounting plugin AppleMoviePlayer
LogPluginManager: Mounting plugin ArchVisCharacter
LogPluginManager: Mounting plugin AudioCapture
LogPluginManager: Mounting plugin CableComponent
LogPluginManager: Mounting plugin CustomMeshComponent
LogPluginManager: Mounting plugin EditableMesh
LogPluginManager: Mounting plugin ExampleDeviceProfileSelector
LogPluginManager: Mounting plugin GoogleCloudMessaging
LogPluginManager: Mounting plugin ImmediatePhysics
LogPluginManager: Mounting plugin IOSDeviceProfileSelector
LogPluginManager: Mounting plugin LinuxDeviceProfileSelector
LogPluginManager: Mounting plugin LocationServicesBPLibrary
LogPluginManager: Mounting plugin MobilePatchingUtils
LogPluginManager: Mounting plugin OculusVR
LogPluginManager: Plugin shader directory ../../../Engine/Plugins/Runtime/Oculus/OculusVR/Shaders found
LogPluginManager: Mapping shader source directory ../../../Engine/Plugins/Runtime/Oculus/OculusVR/Shaders to virtual directory /Plugin/OculusVR
LogPluginManager: Mounting plugin PhysXVehicles
LogPluginManager: Mounting plugin ProceduralMeshComponent
LogPluginManager: Mounting plugin RuntimePhysXCooking
LogPluginManager: Mounting plugin SteamVR
LogPluginManager: Mounting plugin WindowsMoviePlayer
LogStreaming: Display: Took  0.432s to configure plugins.
LogInit: Using libcurl 7.55.1-DEV
LogInit:  - built for x86_64-pc-win32
LogInit:  - supports SSL with OpenSSL/1.0.2h
LogInit:  - supports HTTP deflate (compression) using libz 1.2.8
LogInit:  - other features:
LogInit:      CURL_VERSION_SSL
LogInit:      CURL_VERSION_LIBZ
LogInit:      CURL_VERSION_IPV6
LogInit:      CURL_VERSION_ASYNCHDNS
LogInit:      CURL_VERSION_LARGEFILE
LogInit:      CURL_VERSION_IDN
LogInit:  CurlRequestOptions (configurable via config and command line):
LogInit:  - bVerifyPeer = false  - Libcurl will NOT verify peer certificate
LogInit:  - bUseHttpProxy = false  - Libcurl will NOT use HTTP proxy
LogInit:  - bDontReuseConnections = false  - Libcurl will reuse connections
LogInit:  - CertBundlePath = nullptr  - Libcurl will use whatever was configured at build time.
LogInit:  - MaxHostConnections = 16  - Libcurl will limit the number of connections to a host
LogInit:  - LocalHostAddr = Default
LogInit:  - BufferSize = 65536
LogInit: WinSock: version 1.1 (2.2), MaxSocks=32767, MaxUdp=65467
LogInit: Build: ++UE4+Release-4.20-CL-4302132
LogInit: Engine Version: 4.20.2-4302132+++UE4+Release-4.20
LogInit: Compatible Engine Version: 4.20.0-4212847+++UE4+Release-4.20
LogInit: Net CL: 4212847
LogInit: OS: Windows 10 (), CPU: Intel(R) Core(TM) i7-6700HQ CPU @ 2.60GHz, GPU: Intel(R) HD Graphics 530
LogInit: Compiled (64-bit): Aug 21 2018 02:06:06
LogInit: Compiled with Visual C++: 19.13.26129.00
LogInit: Build Configuration: Development
LogInit: Branch Name: ++UE4+Release-4.20
LogInit: Command Line: 
LogInit: Base Directory: D:/unreal/Unrealengine/UE_4.20/Engine/Binaries/Win64/
LogInit: Installed Engine Build: 1
LogDevObjectVersion: Number of dev versions registered: 20
LogDevObjectVersion:   Dev-Blueprints (B0D832E4-1F89-4F0D-ACCF-7EB736FD4AA2): 10
LogDevObjectVersion:   Dev-Build (E1C64328-A22C-4D53-A36C-8E866417BD8C): 0
LogDevObjectVersion:   Dev-Core (375EC13C-06E4-48FB-B500-84F0262A717E): 2
LogDevObjectVersion:   Dev-Editor (E4B068ED-F494-42E9-A231-DA0B2E46BB41): 24
LogDevObjectVersion:   Dev-Framework (CFFC743F-43B0-4480-9391-14DF171D2073): 34
LogDevObjectVersion:   Dev-Mobile (B02B49B5-BB20-44E9-A304-32B752E40360): 2
LogDevObjectVersion:   Dev-Networking (A4E4105C-59A1-49B5-A7C5-40C4547EDFEE): 0
LogDevObjectVersion:   Dev-Online (39C831C9-5AE6-47DC-9A44-9C173E1C8E7C): 0
LogDevObjectVersion:   Dev-Physics (78F01B33-EBEA-4F98-B9B4-84EACCB95AA2): 0
LogDevObjectVersion:   Dev-Platform (6631380F-2D4D-43E0-8009-CF276956A95A): 0
LogDevObjectVersion:   Dev-Rendering (12F88B9F-8875-4AFC-A67C-D90C383ABD29): 26
LogDevObjectVersion:   Dev-Sequencer (7B5AE74C-D270-4C10-A958-57980B212A5A): 9
LogDevObjectVersion:   Dev-VR (D7296918-1DD6-4BDD-9DE2-64A83CC13884): 2
LogDevObjectVersion:   Dev-LoadTimes (C2A15278-BFE7-4AFE-6C17-90FF531DF755): 1
LogDevObjectVersion:   Private-Geometry (6EACA3D4-40EC-4CC1-B786-8BED09428FC5): 3
LogDevObjectVersion:   Dev-AnimPhys (29E575DD-E0A3-4627-9D10-D276232CDCEA): 17
LogDevObjectVersion:   Dev-ReflectionCapture (6B266CEC-1EC7-4B8F-A30B-E4D90942FC07): 1
LogDevObjectVersion:   Dev-Automation (0DF73D61-A23F-47EA-B727-89E90C41499A): 1
LogDevObjectVersion:   FortniteMain (601D1886-AC64-4F84-AA16-D3DE0DEAC7D6): 12
LogDevObjectVersion:   Dev-Enterprise (9DFFBCD6-494F-0158-E221-12823C92A888): 1
LogStreaming: Display: Took  0.016s to delete old logs.
LogInit: Presizing for max 8388607 objects, including 0 objects not considered by GC, pre-allocating 0 bytes for permanent pool.
LogInit: Object subsystem initialized
[2018.11.23-10.41.06:678][  0]LogInit: Selected Device Profile: [Windows]
[2018.11.23-10.41.06:678][  0]LogInit: Applying CVar settings loaded from the selected device profile: [Windows]
[2018.11.23-10.41.06:769][  0]LogHAL: Display: Platform has ~ 8 GB [8474361856 / 8589934592 / 8], which maps to Default [LargestMinGB=32, LargerMinGB=12, DefaultMinGB=8, SmallerMinGB=6, SmallestMinGB=0)
[2018.11.23-10.41.06:774][  0]LogInit: Setting Device Profile CVar: [[r.Vulkan.UseRealUBs:1]]
[2018.11.23-10.41.06:781][  0]LogInit: Going up to parent DeviceProfile []
[2018.11.23-10.41.06:816][  0]LogInit: Computer: LAPTOP-JLSSE705
[2018.11.23-10.41.06:816][  0]LogInit: User: 李仁杰
[2018.11.23-10.41.06:816][  0]LogInit: CPU Page size=4096, Cores=4
[2018.11.23-10.41.06:816][  0]LogInit: High frequency timer resolution =2.531249 MHz
[2018.11.23-10.41.06:817][  0]LogMemory: Memory total: Physical=7.9GB (8GB approx)
[2018.11.23-10.41.06:817][  0]LogMemory: Platform Memory Stats for Windows
[2018.11.23-10.41.06:817][  0]LogMemory: Process Physical Memory: 100.55 MB used, 100.55 MB peak
[2018.11.23-10.41.06:817][  0]LogMemory: Process Virtual Memory: 85.04 MB used, 85.04 MB peak
[2018.11.23-10.41.06:817][  0]LogMemory: Physical Memory: 5099.20 MB used,  2982.58 MB free, 8081.78 MB total
[2018.11.23-10.41.06:817][  0]LogMemory: Virtual Memory: 4639.10 MB used,  2982.58 MB free, 134217728.00 MB total
[2018.11.23-10.41.07:858][  0]LogInit: Overriding language with editor language configuration option (en).
[2018.11.23-10.41.07:858][  0]LogInit: Overriding locale with editor locale configuration option (en).
[2018.11.23-10.41.09:187][  0]LogStreaming: Display: Took  1.312s to InitEngineTextLocalization.
[2018.11.23-10.41.09:193][  0]LogInit: Setting process to per monitor DPI aware
[2018.11.23-10.41.09:890][  0]LogSlate: New Slate User Created.  User Index 0, Is Virtual User: 0
[2018.11.23-10.41.09:890][  0]LogSlate: Slate User Registered.  User Index 0, Is Virtual User: 0
[2018.11.23-10.41.18:090][  0]LogHMD: Failed to initialize OpenVR with code 110
[2018.11.23-10.41.18:090][  0]LogD3D11RHI: D3D11 adapters:
[2018.11.23-10.41.18:747][  0]LogD3D11RHI:    0. 'NVIDIA GeForce GTX 965M' (Feature Level 11_0)
[2018.11.23-10.41.18:747][  0]LogD3D11RHI:       4053/0/4040 MB DedicatedVideo/DedicatedSystem/SharedSystem, Outputs:1, VendorId:0x10de
[2018.11.23-10.41.18:820][  0]LogD3D11RHI:    1. 'Intel(R) HD Graphics 530' (Feature Level 11_0)
[2018.11.23-10.41.18:820][  0]LogD3D11RHI:       128/0/4040 MB DedicatedVideo/DedicatedSystem/SharedSystem, Outputs:0, VendorId:0x8086
[2018.11.23-10.41.18:827][  0]LogD3D11RHI:    2. 'Microsoft Basic Render Driver' (Feature Level 11_0)
[2018.11.23-10.41.18:827][  0]LogD3D11RHI:       0/0/4040 MB DedicatedVideo/DedicatedSystem/SharedSystem, Outputs:0, VendorId:0x1414
[2018.11.23-10.41.18:827][  0]LogD3D11RHI: Chosen D3D11 Adapter: 0
[2018.11.23-10.41.18:906][  0]LogD3D11RHI: Creating new Direct3DDevice
[2018.11.23-10.41.18:906][  0]LogD3D11RHI:     GPU DeviceId: 0x1427 (for the marketing name, search the web for "GPU Device Id")
[2018.11.23-10.41.18:911][  0]LogWindows: EnumDisplayDevices:
[2018.11.23-10.41.18:911][  0]LogWindows:    0. 'Intel(R) HD Graphics 530' (P:1 D:1)
[2018.11.23-10.41.18:911][  0]LogWindows:    1. 'Intel(R) HD Graphics 530' (P:0 D:0)
[2018.11.23-10.41.18:912][  0]LogWindows:    2. 'Intel(R) HD Graphics 530' (P:0 D:0)
[2018.11.23-10.41.18:912][  0]LogWindows:    3. 'NVIDIA GeForce GTX 965M' (P:0 D:0)
[2018.11.23-10.41.18:914][  0]LogWindows: DebugString: PrimaryIsNotTheChoosenAdapter PrimaryIsNotTheChoosenAdapter PrimaryIsNotTheChoosenAdapter 
[2018.11.23-10.41.18:914][  0]LogD3D11RHI:     Adapter Name: NVIDIA GeForce GTX 965M
[2018.11.23-10.41.18:914][  0]LogD3D11RHI:   Driver Version: 398.36 (internal:24.21.13.9836, unified:398.36)
[2018.11.23-10.41.18:914][  0]LogD3D11RHI:      Driver Date: 6-24-2018
[2018.11.23-10.41.18:914][  0]LogRHI: Texture pool is 2837 MB (70% of 4053 MB)
[2018.11.23-10.41.19:012][  0]LogD3D11RHI: Async texture creation enabled
[2018.11.23-10.41.19:355][  0]LogD3D11RHI: GPU Timing Frequency: 1000.000000 (Debug: 2 2)
[2018.11.23-10.41.19:417][  0]LogShaderCompilers: Guid format shader working directory is -47 characters bigger than the processId version (../../../../../../unreal projects/JiuSeLu-master1118/JiuSeLu-master1112/JiuSeLu-master1112/Intermediate/Shaders/WorkingDirectory/16808/).
[2018.11.23-10.41.19:418][  0]LogShaderCompilers: Cleaned the shader compiler working directory 'C:/Users/李仁杰/AppData/Local/Temp/UnrealShaderWorkingDir/09420ECB485BFDC4EE5152835E75E893/'.
[2018.11.23-10.41.20:961][  0]LogTemp: Display: Loaded TP AllDesktopTargetPlatform
[2018.11.23-10.41.21:043][  0]LogTemp: Display: Loaded TP MacClientTargetPlatform
[2018.11.23-10.41.21:103][  0]LogTemp: Display: Loaded TP MacNoEditorTargetPlatform
[2018.11.23-10.41.21:165][  0]LogTemp: Display: Loaded TP MacServerTargetPlatform
[2018.11.23-10.41.21:254][  0]LogTemp: Display: Loaded TP MacTargetPlatform
[2018.11.23-10.41.21:336][  0]LogTemp: Display: Loaded TP WindowsClientTargetPlatform
[2018.11.23-10.41.21:396][  0]LogTemp: Display: Loaded TP WindowsNoEditorTargetPlatform
[2018.11.23-10.41.21:463][  0]LogTemp: Display: Loaded TP WindowsServerTargetPlatform
[2018.11.23-10.41.21:515][  0]LogTemp: Display: Loaded TP WindowsTargetPlatform
[2018.11.23-10.41.21:767][  0]LogTemp: Display: Loaded TP AndroidTargetPlatform
[2018.11.23-10.41.21:767][  0]LogTemp: Display: Loaded TP AndroidTargetPlatform
[2018.11.23-10.41.21:767][  0]LogTemp: Display: Loaded TP AndroidTargetPlatform
[2018.11.23-10.41.21:767][  0]LogTemp: Display: Loaded TP AndroidTargetPlatform
[2018.11.23-10.41.21:767][  0]LogTemp: Display: Loaded TP AndroidTargetPlatform
[2018.11.23-10.41.21:767][  0]LogTemp: Display: Loaded TP AndroidTargetPlatform
[2018.11.23-10.41.21:768][  0]LogTemp: Display: Loaded TP AndroidTargetPlatform
[2018.11.23-10.41.21:768][  0]LogTemp: Display: Loaded TP AndroidTargetPlatform
[2018.11.23-10.41.21:768][  0]LogTemp: Display: Loaded TP AndroidTargetPlatform
[2018.11.23-10.41.21:768][  0]LogTemp: Display: Loaded TP AndroidTargetPlatform
[2018.11.23-10.41.21:768][  0]LogTemp: Display: Loaded TP AndroidTargetPlatform
[2018.11.23-10.41.21:768][  0]LogTemp: Display: Loaded TP AndroidTargetPlatform
[2018.11.23-10.41.21:768][  0]LogTemp: Display: Loaded TP AndroidTargetPlatform
[2018.11.23-10.41.21:768][  0]LogTemp: Display: Loaded TP AndroidTargetPlatform
[2018.11.23-10.41.21:768][  0]LogTemp: Display: Loaded TP AndroidTargetPlatform
[2018.11.23-10.41.21:768][  0]LogTemp: Display: Loaded TP AndroidTargetPlatform
[2018.11.23-10.41.21:768][  0]LogTemp: Display: Loaded TP AndroidTargetPlatform
[2018.11.23-10.41.21:768][  0]LogTemp: Display: Loaded TP AndroidTargetPlatform
[2018.11.23-10.41.21:826][  0]LogTemp: Display: Loaded TP HTML5TargetPlatform
[2018.11.23-10.41.22:133][  0]LogTemp: Display: Loaded TP IOSTargetPlatform
[2018.11.23-10.41.22:133][  0]LogTemp: Display: Loaded TP IOSTargetPlatform
[2018.11.23-10.41.22:242][  0]LogTemp: Display: Loaded TP TVOSTargetPlatform
[2018.11.23-10.41.22:242][  0]LogTemp: Display: Loaded TP TVOSTargetPlatform
[2018.11.23-10.41.22:331][  0]LogTemp: Display: Loaded TP LinuxClientTargetPlatform
[2018.11.23-10.41.22:396][  0]LogTemp: Display: Loaded TP LinuxNoEditorTargetPlatform
[2018.11.23-10.41.22:477][  0]LogTemp: Display: Loaded TP LinuxServerTargetPlatform
[2018.11.23-10.41.22:572][  0]LogTemp: Display: Loaded TP LinuxTargetPlatform
[2018.11.23-10.41.22:637][  0]LogTemp: Display: Loaded TP LuminTargetPlatform
[2018.11.23-10.41.22:638][  0]LogTargetPlatformManager: Display: Building Assets For Windows
[2018.11.23-10.41.24:093][  0]LogXGEController: Cleaning working directory: C:/Users/李仁杰/AppData/Local/Temp/UnrealXGEWorkingDir/
[2018.11.23-10.41.24:093][  0]LogXGEController: Cannot use XGE Controller as Incredibuild is not installed on this machine.
[2018.11.23-10.41.24:093][  0]LogShaderCompilers: Cannot use XGE Shader Compiler as Incredibuild is not installed on this machine.
[2018.11.23-10.41.24:093][  0]LogShaderCompilers: Display: Using Local Shader Compiler.
[2018.11.23-10.41.32:157][  0]LogDerivedDataCache: Display: Max Cache Size: 512 MB
[2018.11.23-10.41.32:752][  0]LogDerivedDataCache: Loaded boot cache 0.59s 71MB C:/Users/李仁杰/AppData/Local/UnrealEngine/4.20/DerivedDataCache/Boot.ddc.
[2018.11.23-10.41.32:754][  0]LogDerivedDataCache: Display: Loaded Boot cache: C:/Users/李仁杰/AppData/Local/UnrealEngine/4.20/DerivedDataCache/Boot.ddc
[2018.11.23-10.41.32:754][  0]LogDerivedDataCache: FDerivedDataBackendGraph:  Pak pak cache file ../../../../../../unreal projects/JiuSeLu-master1118/JiuSeLu-master1112/JiuSeLu-master1112/DerivedDataCache/DDC.ddp not found, will not use a pak cache.
[2018.11.23-10.41.32:754][  0]LogDerivedDataCache: Unable to find inner node Pak for hierarchical cache Hierarchy.
[2018.11.23-10.41.32:755][  0]LogDerivedDataCache: FDerivedDataBackendGraph:  CompressedPak pak cache file ../../../../../../unreal projects/JiuSeLu-master1118/JiuSeLu-master1112/JiuSeLu-master1112/DerivedDataCache/Compressed.ddp not found, will not use a pak cache.
[2018.11.23-10.41.32:755][  0]LogDerivedDataCache: Unable to find inner node CompressedPak for hierarchical cache Hierarchy.
[2018.11.23-10.41.32:843][  0]LogDerivedDataCache: Display: Pak cache opened for reading ../../../Engine/DerivedDataCache/Compressed.ddp.
[2018.11.23-10.41.32:862][  0]LogDerivedDataCache: Using Local data cache path C:/Users/李仁杰/AppData/Local/UnrealEngine/Common/DerivedDataCache: Writable
[2018.11.23-10.41.32:862][  0]LogDerivedDataCache: Shared data cache path not found in *engine.ini, will not use an Shared cache.
[2018.11.23-10.41.32:862][  0]LogDerivedDataCache: Unable to find inner node Shared for hierarchical cache Hierarchy.
[2018.11.23-10.41.32:952][  0]LogMaterial: Verifying Global Shaders for PCD3D_SM5
[2018.11.23-10.41.32:994][  0]LogSlate: Using FreeType 2.6.0
[2018.11.23-10.41.33:107][  0]LogSlate: SlateFontServices - WITH_FREETYPE: 1, WITH_HARFBUZZ: 1
[2018.11.23-10.41.34:394][  0]LogAssetRegistry: FAssetRegistry took 0.0379 seconds to start up
[2018.11.23-10.41.37:631][  0]LogInit: Selected Device Profile: [Windows]
[2018.11.23-10.41.39:992][  0]LogSimplygon: Simplygon DLL not present - disabling.
[2018.11.23-10.41.40:200][  0]LogMeshReduction: Using SimplygonSwarm for distributed automatic mesh merging
[2018.11.23-10.41.40:200][  0]LogMeshReduction: Using ProxyLODMeshReduction for automatic mesh merging
[2018.11.23-10.41.40:210][  0]LogMeshReduction: Using QuadricMeshReduction for automatic static mesh reduction
[2018.11.23-10.41.40:210][  0]LogMeshReduction: No automatic skeletal mesh reduction module available
[2018.11.23-10.41.40:566][  0]LogNetVersion: MyFirst2DProject 1.0.0, NetCL: 4212847, EngineNetVer: 5, GameNetVer: 0 (Checksum: 2512067949)
[2018.11.23-10.41.46:068][  0]LogPackageLocalizationCache: Processed 11 localized package path(s) for 1 prioritized culture(s) in 0.272213 seconds
[2018.11.23-10.41.46:101][  0]LogUObjectArray: 38425 objects as part of root set at end of initial load.
[2018.11.23-10.41.46:101][  0]LogUObjectAllocator: 6690864 out of 0 bytes used by permanent object pool.
[2018.11.23-10.41.46:101][  0]LogUObjectArray: CloseDisregardForGC: 0/0 objects in disregard for GC pool
[2018.11.23-10.42.03:960][  0]LogTcpMessaging: Initializing TcpMessaging bridge
[2018.11.23-10.42.04:024][  0]LogUdpMessaging: Initializing bridge on interface 0.0.0.0:0 to multicast group 230.0.0.1:6666.
[2018.11.23-10.42.05:551][  0]SourceControl: Source control is disabled
[2018.11.23-10.42.05:557][  0]SourceControl: Source control is disabled
[2018.11.23-10.42.05:734][  0]SourceControl: Source control is disabled
[2018.11.23-10.42.05:766][  0]SourceControl: Source control is disabled
[2018.11.23-10.42.07:851][  0]LogAndroidPermission: UAndroidPermissionCallbackProxy::GetInstance
[2018.11.23-10.42.08:269][  0]LogOcInput: OculusInput pre-init called
[2018.11.23-10.42.08:885][  0]LogEngine: Initializing Engine...
[2018.11.23-10.42.08:911][  0]LogHMD: Failed to initialize OpenVR with code 110
[2018.11.23-10.42.08:930][  0]LogStats: UGameplayTagsManager::ConstructGameplayTagTree: ImportINI prefixes -  0.000 s
[2018.11.23-10.42.08:930][  0]LogStats: UGameplayTagsManager::ConstructGameplayTagTree: Construct from data asset -  0.000 s
[2018.11.23-10.42.08:930][  0]LogStats: UGameplayTagsManager::ConstructGameplayTagTree: ImportINI -  0.000 s
[2018.11.23-10.42.08:931][  0]LogStats: UGameplayTagsManager::ConstructGameplayTagTree: GameplayTagTreeChangedEvent.Broadcast -  0.000 s
[2018.11.23-10.42.10:099][  0]LogInit: Initializing FReadOnlyCVARCache
[2018.11.23-10.42.10:419][  0]LogAIModule: Creating AISystem for world Untitled
[2018.11.23-10.42.10:630][  0]LogInit: XAudio2 using '喇叭/耳机 (Realtek High Definition Audio)' : 2 channels at 48 kHz using 32 bits per sample (channel mask 0x3)
[2018.11.23-10.42.10:667][  0]LogInit: FAudioDevice initialized.
[2018.11.23-10.42.10:667][  0]LogNetVersion: Set ProjectVersion to 1.0.0.0. Version Checksum will be recalculated on next use.
[2018.11.23-10.42.10:783][  0]LogDerivedDataCache: Saved boot cache 0.12s 71MB C:/Users/李仁杰/AppData/Local/UnrealEngine/4.20/DerivedDataCache/Boot.ddc.
[2018.11.23-10.42.10:813][  0]LogInit: Texture streaming: Enabled
[2018.11.23-10.42.10:997][  0]LogEngineSessionManager: EngineSessionManager initialized
[2018.11.23-10.42.11:422][  0]LogInit: Transaction tracking system initialized
[2018.11.23-10.42.13:349][  0]BlueprintLog: New page: Editor Load
[2018.11.23-10.42.15:666][  0]LocalizationService: Localization service is disabled
[2018.11.23-10.42.20:722][  0]LogCook: Display: Max memory allowance for cook 16384mb min free memory 0mb
[2018.11.23-10.42.20:746][  0]LogCook: Display: Mobile HDR setting 1
[2018.11.23-10.42.20:777][  0]LogFileCache: Scanning file cache for directory 'D:/unreal projects/JiuSeLu-master1118/JiuSeLu-master1112/JiuSeLu-master1112/Content/' took 0.10s
[2018.11.23-10.42.20:777][  0]LogGameplayTags: Display: UGameplayTagsManager::DoneAddingNativeTags. DelegateIsBound: 0
[2018.11.23-10.42.20:778][  0]LogStats: UGameplayTagsManager::ConstructGameplayTagTree: ImportINI prefixes -  0.000 s
[2018.11.23-10.42.20:778][  0]LogStats: UGameplayTagsManager::ConstructGameplayTagTree: Construct from data asset -  0.000 s
[2018.11.23-10.42.20:779][  0]LogStats: UGameplayTagsManager::ConstructGameplayTagTree: ImportINI -  0.001 s
[2018.11.23-10.42.20:779][  0]LogStats: UGameplayTagsManager::ConstructGameplayTagTree: GameplayTagTreeChangedEvent.Broadcast -  0.000 s
[2018.11.23-10.42.27:833][  0]SourceControl: Source control is disabled
[2018.11.23-10.42.27:862][  0]Cmd: MAP LOAD FILE="../../../../../../unreal projects/JiuSeLu-master1118/JiuSeLu-master1112/JiuSeLu-master1112/Content/cxd/Maps/2DSideScrollerExampleMap.umap" TEMPLATE=0 SHOWPROGRESS=1 FEATURELEVEL=3
[2018.11.23-10.42.28:023][  0]LightingResults: New page: Lighting Build
[2018.11.23-10.42.28:270][  0]MapCheck: New page: Map Check
[2018.11.23-10.42.28:270][  0]LightingResults: New page: Lighting Build
[2018.11.23-10.42.33:615][  0]LogAIModule: Creating AISystem for world 2DSideScrollerExampleMap
[2018.11.23-10.42.34:408][  0]LogEditorServer: Finished looking for orphan Actors (0.000 secs)
[2018.11.23-10.42.34:665][  0]Cmd: MAP CHECKDEP NOCLEARLOG
[2018.11.23-10.42.34:882][  0]MapCheck: Map check complete: 0 Error(s), 0 Warning(s), took 216.048ms to complete.
[2018.11.23-10.42.34:882][  0]LogFileHelpers: Loading map '2DSideScrollerExampleMap' took 7.036
[2018.11.23-10.42.37:239][  0]LogSlate: Updating window title bar state: overlay mode, drag disabled, window buttons hidden, title bar hidden
[2018.11.23-10.42.37:279][  0]LogSlate: Updating window title bar state: overlay mode, drag disabled, window buttons hidden, title bar hidden
[2018.11.23-10.42.37:297][  0]LogSlate: Updating window title bar state: overlay mode, drag disabled, window buttons hidden, title bar hidden
[2018.11.23-10.42.37:316][  0]LogSlate: Updating window title bar state: overlay mode, drag disabled, window buttons hidden, title bar hidden
[2018.11.23-10.42.37:398][  0]LogCollectionManager: Loaded 0 collections in 0.001499 seconds
[2018.11.23-10.42.37:603][  0]LogFileCache: Scanning file cache for directory 'D:/unreal projects/JiuSeLu-master1118/JiuSeLu-master1112/JiuSeLu-master1112/Saved/Collections/' took 0.01s
[2018.11.23-10.42.37:604][  0]LogFileCache: Scanning file cache for directory 'D:/unreal projects/JiuSeLu-master1118/JiuSeLu-master1112/JiuSeLu-master1112/Content/Developers/李仁杰/Collections/' took 0.02s
[2018.11.23-10.42.37:604][  0]LogFileCache: Scanning file cache for directory 'D:/unreal projects/JiuSeLu-master1118/JiuSeLu-master1112/JiuSeLu-master1112/Content/Collections/' took 0.01s
[2018.11.23-10.42.37:604][  0]LogCollectionManager: Rebuilt the GUID cache for 0 collections in 0.000004 seconds
[2018.11.23-10.42.37:626][  0]LogContentBrowser: Native class hierarchy populated in 0.0208 seconds. Added 2572 classes and 603 folders.
[2018.11.23-10.42.37:760][  0]LogContentBrowser: Native class hierarchy updated for 'WidgetCarousel' in 0.0003 seconds. Added 0 classes and 0 folders.
[2018.11.23-10.42.42:187][  0]LogContentBrowser: Native class hierarchy updated for 'AddContentDialog' in 0.0007 seconds. Added 0 classes and 0 folders.
[2018.11.23-10.42.42:269][  0]LogContentBrowser: Native class hierarchy updated for 'SceneOutliner' in 0.0012 seconds. Added 1 classes and 2 folders.
[2018.11.23-10.42.43:825][  0]LogSlate: Took 0.056243 seconds to synchronously load lazily loaded font '../../../Engine/Content/Slate/Fonts/Roboto-Regular.ttf' (155K)
[2018.11.23-10.42.43:902][  0]LogSlate: Took 0.069416 seconds to synchronously load lazily loaded font '../../../Engine/Content/Slate/Fonts/Roboto-Bold.ttf' (160K)
[2018.11.23-10.42.44:054][  0]LogSlate: Took 0.033438 seconds to synchronously load lazily loaded font '../../../Engine/Content/Editor/Slate/Fonts/FontAwesome.ttf' (139K)
[2018.11.23-10.42.45:823][  0]LogRenderer: Reallocating scene render targets to support 964x436 Format 10 NumSamples 1 (Frame:1).
[2018.11.23-10.42.47:689][  0]LogContentBrowser: Native class hierarchy updated for 'HierarchicalLODOutliner' in 0.0014 seconds. Added 0 classes and 0 folders.
[2018.11.23-10.42.47:689][  0]LogLoad: (Engine Initialization) Total time: 122.21 seconds
[2018.11.23-10.42.47:689][  0]LogLoad: (Engine Initialization) Total Blueprint compile time: 0.00 seconds
[2018.11.23-10.42.47:925][  0]LogContentStreaming: Texture pool size now 1000 MB
[2018.11.23-10.42.48:153][  1]LogFileCache: Retrieving MD5 hashes for directory 'D:/unreal projects/JiuSeLu-master1118/JiuSeLu-master1112/JiuSeLu-master1112/Content/' took 0.36s
[2018.11.23-10.42.48:621][  6]LogAssetRegistry: Asset discovery search completed in 74.2449 seconds
[2018.11.23-10.42.48:631][  6]LogCollectionManager: Rebuilt the object cache for 0 collections in 0.000001 seconds (found 0 objects)
[2018.11.23-10.42.48:631][  6]LogCollectionManager: Fixed up redirectors for 0 collections in 0.000193 seconds (updated 0 objects)
[2018.11.23-10.42.52:427][ 17]LogSlate: Took 0.029892 seconds to synchronously load lazily loaded font '../../../Engine/Content/Slate/Fonts/Roboto-Light.ttf' (167K)
[2018.11.23-10.43.08:593][246]LogSlate: FSceneViewport::OnFocusLost() reason 0
[2018.11.23-10.43.11:317][341]LogSlate: FSceneViewport::OnFocusLost() reason 0
[2018.11.23-10.43.13:100][434]LogSlate: Took 0.026294 seconds to synchronously load lazily loaded font '../../../Engine/Content/Slate/Fonts/Roboto-Italic.ttf' (157K)
[2018.11.23-10.43.14:282][499]LogEditorViewport: Clicking on Actor (LMB): MirrorBlock_C (MirrorBlock)
[2018.11.23-10.43.15:422][564]Cmd: DELETE
[2018.11.23-10.43.15:423][564]Cmd: ACTOR DELETE
[2018.11.23-10.43.15:490][564]LogEditorActor: Deleted Actor: MirrorBlock_C
[2018.11.23-10.43.15:537][564]LogEditorActor: Deleted 1 Actors (0.078 secs)
[2018.11.23-10.43.21:403][792]LogSlate: FSceneViewport::OnFocusLost() reason 0
[2018.11.23-10.43.22:506][833]LogSlate: Took 0.000358 seconds to synchronously load lazily loaded font '../../../Engine/Content/Slate/Fonts/Roboto-Light.ttf' (167K)
[2018.11.23-10.43.22:534][833]LogAssetEditorManager: Opening Asset editor for Blueprint /Game/LRJ/MirrorBlock.MirrorBlock
[2018.11.23-10.43.24:859][833]LogContentBrowser: Native class hierarchy updated for 'BlueprintGraph' in 0.0085 seconds. Added 116 classes and 0 folders.
[2018.11.23-10.43.28:168][833]LogSlate: Took 0.028569 seconds to synchronously load lazily loaded font '../../../Engine/Content/Slate/Fonts/Roboto-BoldCondensed.ttf' (158K)
[2018.11.23-10.43.30:792][868]LogSlate: Window 'MirrorBlock' being destroyed
[2018.11.23-10.43.32:103][907]LogAssetEditorManager: Opening Asset editor for Blueprint /Game/LRJ/Block.Block
[2018.11.23-10.43.33:744][908]LogSlate: Took 0.064919 seconds to synchronously load lazily loaded font '../../../Engine/Content/Slate/Fonts/DroidSansFallback.ttf' (3848K)
[2018.11.23-10.43.35:903][970]LogAssetEditorManager: Opening Asset editor for Blueprint /Game/2DSideScrollerBP/Blueprints/2DSideScrollerCharacter.2DSideScrollerCharacter
[2018.11.23-10.43.38:386][998]LogRenderer: Reallocating scene render targets to support 1204x544 Format 10 NumSamples 1 (Frame:424).
[2018.11.23-10.43.39:712][ 31]LogSlate: Window '2DSideScrollerCharacter' being destroyed
[2018.11.23-10.46.54:663][234]LogAssetEditorManager: Opening Asset editor for Blueprint /Game/cxd/Maps/gameManager.gameManager
[2018.11.23-10.47.35:752][411]BlueprintLog: New page: Compile Block
[2018.11.23-10.47.39:127][513]LogTemp: Repeating last play command: Selected Viewport
[2018.11.23-10.47.39:229][513]LogBlueprintUserMessages: Early PlayInEditor Detection: Level '/Game/cxd/Maps/2DSideScrollerExampleMap.2DSideScrollerExampleMap:PersistentLevel' has LevelScriptBlueprint '/Game/cxd/Maps/2DSideScrollerExampleMap.2DSideScrollerExampleMap:PersistentLevel.2DSideScrollerExampleMap' with GeneratedClass '/Game/cxd/Maps/2DSideScrollerExampleMap.2DSideScrollerExampleMap_C' with ClassGeneratedBy '/Game/cxd/Maps/2DSideScrollerExampleMap.2DSideScrollerExampleMap:PersistentLevel.2DSideScrollerExampleMap'
[2018.11.23-10.47.39:230][513]LogPlayLevel: PlayLevel: No blueprints needed recompiling
[2018.11.23-10.47.39:302][513]PIE: New page: PIE session: 2DSideScrollerExampleMap (Nov 24, 2018, 2:47:39 AM)
[2018.11.23-10.47.39:399][513]LogPlayLevel: Creating play world package: /Game/cxd/Maps/UEDPIE_0_2DSideScrollerExampleMap
[2018.11.23-10.47.39:435][513]LogPlayLevel: PIE: StaticDuplicateObject took: (0.035540s)
[2018.11.23-10.47.39:435][513]LogAIModule: Creating AISystem for world 2DSideScrollerExampleMap
[2018.11.23-10.47.39:435][513]LogPlayLevel: PIE: World Init took: (0.000649s)
[2018.11.23-10.47.39:436][513]LogPlayLevel: PIE: Created PIE world by copying editor world from /Game/cxd/Maps/2DSideScrollerExampleMap.2DSideScrollerExampleMap to /Game/cxd/Maps/UEDPIE_0_2DSideScrollerExampleMap.2DSideScrollerExampleMap (0.036532s)
[2018.11.23-10.47.39:503][513]LogScript: Warning: Accessed None trying to read property CallFunc_GetPlayerController_ReturnValue
	GameINS_C /Engine/Transient.UnrealEdEngine_0:GameINS_C_0
	Function /Game/LRJ/GameINS.GameINS_C:ExecuteUbergraph_GameINS:0D2D
[2018.11.23-10.47.39:512][513]LogInit: XAudio2 using '喇叭/耳机 (Realtek High Definition Audio)' : 2 channels at 48 kHz using 32 bits per sample (channel mask 0x3)
[2018.11.23-10.47.39:537][513]LogInit: FAudioDevice initialized.
[2018.11.23-10.47.39:575][513]LogSlate: Updating window title bar state: overlay mode, drag disabled, window buttons hidden, title bar hidden
[2018.11.23-10.47.39:728][513]LogLoad: Game class is '2DSideScrollerGameMode_C'
[2018.11.23-10.47.39:759][513]LogWorld: Bringing World /Game/cxd/Maps/UEDPIE_0_2DSideScrollerExampleMap.2DSideScrollerExampleMap up for play (max tick rate 60) at 2018.11.23-18.47.39
[2018.11.23-10.47.39:761][513]LogWorld: Bringing up level for play took: 0.012099
[2018.11.23-10.47.39:779][513]LogGameMode: FindPlayerStart: PATHS NOT DEFINED or NO PLAYERSTART with positive rating
[2018.11.23-10.47.39:836][513]LogContentBrowser: Native class hierarchy updated for 'MovieSceneCapture' in 0.0005 seconds. Added 10 classes and 0 folders.
[2018.11.23-10.47.39:849][513]PIE: Play in editor start time for /Game/cxd/Maps/UEDPIE_0_2DSideScrollerExampleMap 0.415
[2018.11.23-10.47.39:849][513]LogBlueprintUserMessages: Late PlayInEditor Detection: Level '/Game/cxd/Maps/2DSideScrollerExampleMap.2DSideScrollerExampleMap:PersistentLevel' has LevelScriptBlueprint '/Game/cxd/Maps/2DSideScrollerExampleMap.2DSideScrollerExampleMap:PersistentLevel.2DSideScrollerExampleMap' with GeneratedClass '/Game/cxd/Maps/2DSideScrollerExampleMap.2DSideScrollerExampleMap_C' with ClassGeneratedBy '/Game/cxd/Maps/2DSideScrollerExampleMap.2DSideScrollerExampleMap:PersistentLevel.2DSideScrollerExampleMap'
[2018.11.23-10.47.40:219][513]LogRenderer: Reallocating scene render targets to support 1204x576 Format 10 NumSamples 1 (Frame:1).
[2018.11.23-10.47.42:003][589]LogBlueprintUserMessages: [0] 1
[2018.11.23-10.47.42:338][605]LogBlueprintUserMessages: [3] 2
[2018.11.23-10.47.43:441][658]LogBlueprintUserMessages: [4] 3
[2018.11.23-10.47.43:599][666]LogBlueprintUserMessages: [4] 4
[2018.11.23-10.47.43:763][674]LogBlueprintUserMessages: [4] 5
[2018.11.23-10.47.43:933][683]LogBlueprintUserMessages: [4] 1
[2018.11.23-10.47.44:322][703]LogBlueprintUserMessages: [4] 2
[2018.11.23-10.47.44:499][712]LogBlueprintUserMessages: [4] 3
[2018.11.23-10.47.44:683][721]LogBlueprintUserMessages: [4] 4
[2018.11.23-10.47.46:358][801]LogBlueprintUserMessages: [Block_2] 1
[2018.11.23-10.47.46:546][811]LogBlueprintUserMessages: [Block_2] 2
[2018.11.23-10.47.46:709][819]LogBlueprintUserMessages: [Block_2] 3
[2018.11.23-10.47.46:876][827]LogBlueprintUserMessages: [Block_2] 4
[2018.11.23-10.47.47:055][836]LogBlueprintUserMessages: [Block_2] 5
[2018.11.23-10.47.47:278][847]LogBlueprintUserMessages: [Block_2] 6
[2018.11.23-10.47.49:345][945]LogBlueprintUserMessages: [Block8_23] 1
[2018.11.23-10.47.49:530][955]LogBlueprintUserMessages: [Block8_23] 2
[2018.11.23-10.47.49:698][963]LogBlueprintUserMessages: [Block8_23] 3
[2018.11.23-10.47.49:863][971]LogBlueprintUserMessages: [Block8_23] 4
[2018.11.23-10.47.50:050][980]LogBlueprintUserMessages: [Block8_23] 5
[2018.11.23-10.47.50:313][993]LogBlueprintUserMessages: [Block8_23] 6
[2018.11.23-10.47.50:605][  7]LogBlueprintUserMessages: [Block8_23] 7
[2018.11.23-10.47.51:334][ 43]LogSlate: FSceneViewport::OnFocusLost() reason 0
[2018.11.23-10.47.51:426][ 46]LogSlate: Window 'MyFirst2DProject Game Preview Standalone (64-bit/PCD3D_SM5)' being destroyed
[2018.11.23-10.47.51:435][ 46]LogBlueprintUserMessages: Early EndPlayMap Detection: Level '/Game/cxd/Maps/2DSideScrollerExampleMap.2DSideScrollerExampleMap:PersistentLevel' has LevelScriptBlueprint '/Game/cxd/Maps/2DSideScrollerExampleMap.2DSideScrollerExampleMap:PersistentLevel.2DSideScrollerExampleMap' with GeneratedClass '/Game/cxd/Maps/2DSideScrollerExampleMap.2DSideScrollerExampleMap_C' with ClassGeneratedBy '/Game/cxd/Maps/2DSideScrollerExampleMap.2DSideScrollerExampleMap:PersistentLevel.2DSideScrollerExampleMap'
[2018.11.23-10.47.51:548][ 46]LogPlayLevel: Display: Shutting down PIE online subsystems
[2018.11.23-10.47.51:548][ 46]LogBlueprintUserMessages: Late EndPlayMap Detection: Level '/Game/cxd/Maps/2DSideScrollerExampleMap.2DSideScrollerExampleMap:PersistentLevel' has LevelScriptBlueprint '/Game/cxd/Maps/2DSideScrollerExampleMap.2DSideScrollerExampleMap:PersistentLevel.2DSideScrollerExampleMap' with GeneratedClass '/Game/cxd/Maps/2DSideScrollerExampleMap.2DSideScrollerExampleMap_C' with ClassGeneratedBy '/Game/cxd/Maps/2DSideScrollerExampleMap.2DSideScrollerExampleMap:PersistentLevel.2DSideScrollerExampleMap'
[2018.11.23-10.47.51:882][ 47]LogPlayLevel: Display: Destroying online subsystem :Context_5
[2018.11.23-10.49.28:326][ 91]LogSlate: Took 0.017767 seconds to synchronously load lazily loaded font '../../../Engine/Content/Slate/Fonts/Roboto-BoldCondensedItalic.ttf' (160K)
[2018.11.23-10.52.40:042][802]BlueprintLog: New page: Compile MirrorBlock
[2018.11.23-10.55.25:195][ 26]BlueprintLog: New page: Compile MirrorBlock
[2018.11.23-10.55.37:778][672]Cmd: TRANSACTION UNDO
[2018.11.23-10.55.37:778][672]LogEditorTransaction: Undo Create Pin Link
[2018.11.23-10.55.40:769][826]BlueprintLog: New page: Compile 2DSideScrollerCharacter
[2018.11.23-10.56.28:227][513]BlueprintLog: New page: Compile MirrorBlock
[2018.11.23-10.56.37:468][ 21]LogSlate: FSceneViewport::OnFocusLost() reason 0
[2018.11.23-10.56.40:965][200]LogSlate: FSceneViewport::OnFocusLost() reason 0
[2018.11.23-10.56.56:980][141]LogEditorViewport: Clicking on Actor (LMB): Block_C (Block15)
[2018.11.23-10.56.58:492][225]LogEditorViewport: Clicking on Actor (LMB): MirrorBlock_C (MirrorBlock)
[2018.11.23-10.56.59:657][291]LogSlate: FSceneViewport::OnFocusLost() reason 0
[2018.11.23-10.57.01:935][420]LogAssetEditorManager: Opening Asset editor for Blueprint /Game/LRJ/GameINS.GameINS
[2018.11.23-10.57.35:822][ 63]LogSavePackage: Moving '../../../../../../unreal projects/JiuSeLu-master1118/JiuSeLu-master1112/JiuSeLu-master1112/Saved/2DSideScrollerExampleMap_Auto1C8B3A18C4C7EF557B81928BCF6841257.tmp' to '../../../../../../unreal projects/JiuSeLu-master1118/JiuSeLu-master1112/JiuSeLu-master1112/Saved/Autosaves/Game/cxd/Maps/2DSideScrollerExampleMap_Auto1.umap'
[2018.11.23-10.57.35:863][ 63]LogFileHelpers: Editor autosave (incl. sublevels) for '/Game/cxd/Maps/2DSideScrollerExampleMap' took 0.915
[2018.11.23-10.57.35:863][ 63]LogFileHelpers: Editor autosave (incl. sublevels) for all levels took 0.915
[2018.11.23-10.57.35:871][ 63]OBJ SavePackage: Generating thumbnails for [0] asset(s) in package [/Game/2DSideScrollerBP/Blueprints/2DSideScrollerCharacter] ([1] browsable assets)...
[2018.11.23-10.57.35:871][ 63]OBJ SavePackage: Finished generating thumbnails for package [/Game/2DSideScrollerBP/Blueprints/2DSideScrollerCharacter]
[2018.11.23-10.57.36:017][ 63]LogSavePackage: Moving '../../../../../../unreal projects/JiuSeLu-master1118/JiuSeLu-master1112/JiuSeLu-master1112/Saved/2DSideScrollerCharacter_Auto1E94F6F4D4194B0692A05C3B7FBF0D2BD.tmp' to '../../../../../../unreal projects/JiuSeLu-master1118/JiuSeLu-master1112/JiuSeLu-master1112/Saved/Autosaves/Game/2DSideScrollerBP/Blueprints/2DSideScrollerCharacter_Auto1.uasset'
[2018.11.23-10.57.36:021][ 63]OBJ SavePackage: Generating thumbnails for [0] asset(s) in package [/Game/LRJ/Block] ([1] browsable assets)...
[2018.11.23-10.57.36:021][ 63]OBJ SavePackage: Finished generating thumbnails for package [/Game/LRJ/Block]
[2018.11.23-10.57.36:284][ 63]LogSavePackage: Moving '../../../../../../unreal projects/JiuSeLu-master1118/JiuSeLu-master1112/JiuSeLu-master1112/Saved/Block_Auto17D09689F4D66FA889DCB61A670F89771.tmp' to '../../../../../../unreal projects/JiuSeLu-master1118/JiuSeLu-master1112/JiuSeLu-master1112/Saved/Autosaves/Game/LRJ/Block_Auto1.uasset'
[2018.11.23-10.57.36:300][ 63]OBJ SavePackage: Generating thumbnails for [0] asset(s) in package [/Game/LRJ/MirrorBlock] ([1] browsable assets)...
[2018.11.23-10.57.36:300][ 63]OBJ SavePackage: Finished generating thumbnails for package [/Game/LRJ/MirrorBlock]
[2018.11.23-10.57.36:397][ 63]LogSavePackage: Moving '../../../../../../unreal projects/JiuSeLu-master1118/JiuSeLu-master1112/JiuSeLu-master1112/Saved/MirrorBlock_Auto1CF5E344F4FAE11C31100409B2B815291.tmp' to '../../../../../../unreal projects/JiuSeLu-master1118/JiuSeLu-master1112/JiuSeLu-master1112/Saved/Autosaves/Game/LRJ/MirrorBlock_Auto1.uasset'
[2018.11.23-10.57.36:401][ 63]LogFileHelpers: Auto-saving content packages took 0.532
[2018.11.23-10.57.44:304][495]BlueprintLog: New page: Compile GameINS
[2018.11.23-10.57.47:434][645]LogSlate: FSceneViewport::OnFocusLost() reason 0
[2018.11.23-10.57.47:500][649]LogTemp: Repeating last play command: Selected Viewport
[2018.11.23-10.57.47:534][649]LogBlueprintUserMessages: Early PlayInEditor Detection: Level '/Game/cxd/Maps/2DSideScrollerExampleMap.2DSideScrollerExampleMap:PersistentLevel' has LevelScriptBlueprint '/Game/cxd/Maps/2DSideScrollerExampleMap.2DSideScrollerExampleMap:PersistentLevel.2DSideScrollerExampleMap' with GeneratedClass '/Game/cxd/Maps/2DSideScrollerExampleMap.2DSideScrollerExampleMap_C' with ClassGeneratedBy '/Game/cxd/Maps/2DSideScrollerExampleMap.2DSideScrollerExampleMap:PersistentLevel.2DSideScrollerExampleMap'
[2018.11.23-10.57.47:534][649]LogPlayLevel: PlayLevel: No blueprints needed recompiling
[2018.11.23-10.57.47:534][649]PIE: New page: PIE session: 2DSideScrollerExampleMap (Nov 24, 2018, 2:57:47 AM)
[2018.11.23-10.57.47:535][649]LogPlayLevel: Creating play world package: /Game/cxd/Maps/UEDPIE_0_2DSideScrollerExampleMap
[2018.11.23-10.57.47:549][649]LogPlayLevel: PIE: StaticDuplicateObject took: (0.014342s)
[2018.11.23-10.57.47:550][649]LogAIModule: Creating AISystem for world 2DSideScrollerExampleMap
[2018.11.23-10.57.47:550][649]LogPlayLevel: PIE: World Init took: (0.000847s)
[2018.11.23-10.57.47:550][649]LogPlayLevel: PIE: Created PIE world by copying editor world from /Game/cxd/Maps/2DSideScrollerExampleMap.2DSideScrollerExampleMap to /Game/cxd/Maps/UEDPIE_0_2DSideScrollerExampleMap.2DSideScrollerExampleMap (0.015357s)
[2018.11.23-10.57.47:598][649]LogScript: Warning: Accessed None trying to read property CallFunc_GetPlayerController_ReturnValue
	GameINS_C /Engine/Transient.UnrealEdEngine_0:GameINS_C_1
	Function /Game/LRJ/GameINS.GameINS_C:ExecuteUbergraph_GameINS:0D2D
[2018.11.23-10.57.47:602][649]LogInit: XAudio2 using '喇叭/耳机 (Realtek High Definition Audio)' : 2 channels at 48 kHz using 32 bits per sample (channel mask 0x3)
[2018.11.23-10.57.47:630][649]LogInit: FAudioDevice initialized.
[2018.11.23-10.57.47:701][649]LogLoad: Game class is '2DSideScrollerGameMode_C'
[2018.11.23-10.57.47:711][649]LogWorld: Bringing World /Game/cxd/Maps/UEDPIE_0_2DSideScrollerExampleMap.2DSideScrollerExampleMap up for play (max tick rate 60) at 2018.11.23-18.57.47
[2018.11.23-10.57.47:713][649]LogWorld: Bringing up level for play took: 0.011496
[2018.11.23-10.57.47:727][649]LogGameMode: FindPlayerStart: PATHS NOT DEFINED or NO PLAYERSTART with positive rating
[2018.11.23-10.57.47:728][649]PIE: Play in editor start time for /Game/cxd/Maps/UEDPIE_0_2DSideScrollerExampleMap 0.293
[2018.11.23-10.57.47:728][649]LogBlueprintUserMessages: Late PlayInEditor Detection: Level '/Game/cxd/Maps/2DSideScrollerExampleMap.2DSideScrollerExampleMap:PersistentLevel' has LevelScriptBlueprint '/Game/cxd/Maps/2DSideScrollerExampleMap.2DSideScrollerExampleMap:PersistentLevel.2DSideScrollerExampleMap' with GeneratedClass '/Game/cxd/Maps/2DSideScrollerExampleMap.2DSideScrollerExampleMap_C' with ClassGeneratedBy '/Game/cxd/Maps/2DSideScrollerExampleMap.2DSideScrollerExampleMap:PersistentLevel.2DSideScrollerExampleMap'
[2018.11.23-10.57.49:379][745]LogBlueprintUserMessages: Early EndPlayMap Detection: Level '/Game/cxd/Maps/2DSideScrollerExampleMap.2DSideScrollerExampleMap:PersistentLevel' has LevelScriptBlueprint '/Game/cxd/Maps/2DSideScrollerExampleMap.2DSideScrollerExampleMap:PersistentLevel.2DSideScrollerExampleMap' with GeneratedClass '/Game/cxd/Maps/2DSideScrollerExampleMap.2DSideScrollerExampleMap_C' with ClassGeneratedBy '/Game/cxd/Maps/2DSideScrollerExampleMap.2DSideScrollerExampleMap:PersistentLevel.2DSideScrollerExampleMap'
[2018.11.23-10.57.49:421][745]LogSlate: Updating window title bar state: overlay mode, drag disabled, window buttons hidden, title bar hidden
[2018.11.23-10.57.49:490][745]LogPlayLevel: Display: Shutting down PIE online subsystems
[2018.11.23-10.57.49:490][745]LogBlueprintUserMessages: Late EndPlayMap Detection: Level '/Game/cxd/Maps/2DSideScrollerExampleMap.2DSideScrollerExampleMap:PersistentLevel' has LevelScriptBlueprint '/Game/cxd/Maps/2DSideScrollerExampleMap.2DSideScrollerExampleMap:PersistentLevel.2DSideScrollerExampleMap' with GeneratedClass '/Game/cxd/Maps/2DSideScrollerExampleMap.2DSideScrollerExampleMap_C' with ClassGeneratedBy '/Game/cxd/Maps/2DSideScrollerExampleMap.2DSideScrollerExampleMap:PersistentLevel.2DSideScrollerExampleMap'
[2018.11.23-10.57.49:542][745]LogSlate: Updating window title bar state: overlay mode, drag disabled, window buttons hidden, title bar hidden
[2018.11.23-10.57.49:563][746]LogPlayLevel: Display: Destroying online subsystem :Context_7
[2018.11.23-10.57.53:118][948]LogSlate: FSceneViewport::OnFocusLost() reason 0
[2018.11.23-10.58.18:809][ 74]LogSlate: FSceneViewport::OnFocusLost() reason 0
[2018.11.23-10.59.08:899][939]LogEditorViewport: Clicking on Actor (LMB): MirrorBlock_C (MirrorBlock)
[2018.11.23-10.59.10:437][ 27]LogSlate: FSceneViewport::OnFocusLost() reason 0
[2018.11.23-10.59.26:643][964]LogTemp: Repeating last play command: Selected Viewport
[2018.11.23-10.59.26:677][964]LogBlueprintUserMessages: Early PlayInEditor Detection: Level '/Game/cxd/Maps/2DSideScrollerExampleMap.2DSideScrollerExampleMap:PersistentLevel' has LevelScriptBlueprint '/Game/cxd/Maps/2DSideScrollerExampleMap.2DSideScrollerExampleMap:PersistentLevel.2DSideScrollerExampleMap' with GeneratedClass '/Game/cxd/Maps/2DSideScrollerExampleMap.2DSideScrollerExampleMap_C' with ClassGeneratedBy '/Game/cxd/Maps/2DSideScrollerExampleMap.2DSideScrollerExampleMap:PersistentLevel.2DSideScrollerExampleMap'
[2018.11.23-10.59.26:677][964]LogPlayLevel: PlayLevel: No blueprints needed recompiling
[2018.11.23-10.59.26:677][964]PIE: New page: PIE session: 2DSideScrollerExampleMap (Nov 24, 2018, 2:59:26 AM)
[2018.11.23-10.59.26:678][964]LogPlayLevel: Creating play world package: /Game/cxd/Maps/UEDPIE_0_2DSideScrollerExampleMap
[2018.11.23-10.59.26:693][964]LogPlayLevel: PIE: StaticDuplicateObject took: (0.014722s)
[2018.11.23-10.59.26:694][964]LogAIModule: Creating AISystem for world 2DSideScrollerExampleMap
[2018.11.23-10.59.26:694][964]LogPlayLevel: PIE: World Init took: (0.001058s)
[2018.11.23-10.59.26:694][964]LogPlayLevel: PIE: Created PIE world by copying editor world from /Game/cxd/Maps/2DSideScrollerExampleMap.2DSideScrollerExampleMap to /Game/cxd/Maps/UEDPIE_0_2DSideScrollerExampleMap.2DSideScrollerExampleMap (0.016026s)
[2018.11.23-10.59.26:741][964]LogScript: Warning: Accessed None trying to read property CallFunc_GetPlayerController_ReturnValue
	GameINS_C /Engine/Transient.UnrealEdEngine_0:GameINS_C_2
	Function /Game/LRJ/GameINS.GameINS_C:ExecuteUbergraph_GameINS:0D2D
[2018.11.23-10.59.26:746][964]LogInit: XAudio2 using '喇叭/耳机 (Realtek High Definition Audio)' : 2 channels at 48 kHz using 32 bits per sample (channel mask 0x3)
[2018.11.23-10.59.26:771][964]LogInit: FAudioDevice initialized.
[2018.11.23-10.59.26:785][964]LogSlate: Updating window title bar state: overlay mode, drag disabled, window buttons hidden, title bar hidden
[2018.11.23-10.59.26:878][964]LogLoad: Game class is '2DSideScrollerGameMode_C'
[2018.11.23-10.59.26:887][964]LogWorld: Bringing World /Game/cxd/Maps/UEDPIE_0_2DSideScrollerExampleMap.2DSideScrollerExampleMap up for play (max tick rate 60) at 2018.11.23-18.59.26
[2018.11.23-10.59.26:889][964]LogWorld: Bringing up level for play took: 0.010295
[2018.11.23-10.59.26:903][964]LogGameMode: FindPlayerStart: PATHS NOT DEFINED or NO PLAYERSTART with positive rating
[2018.11.23-10.59.26:911][964]PIE: Play in editor start time for /Game/cxd/Maps/UEDPIE_0_2DSideScrollerExampleMap -0.523
[2018.11.23-10.59.26:912][964]LogBlueprintUserMessages: Late PlayInEditor Detection: Level '/Game/cxd/Maps/2DSideScrollerExampleMap.2DSideScrollerExampleMap:PersistentLevel' has LevelScriptBlueprint '/Game/cxd/Maps/2DSideScrollerExampleMap.2DSideScrollerExampleMap:PersistentLevel.2DSideScrollerExampleMap' with GeneratedClass '/Game/cxd/Maps/2DSideScrollerExampleMap.2DSideScrollerExampleMap_C' with ClassGeneratedBy '/Game/cxd/Maps/2DSideScrollerExampleMap.2DSideScrollerExampleMap:PersistentLevel.2DSideScrollerExampleMap'
[2018.11.23-10.59.28:114][ 22]LogSlate: Window 'MyFirst2DProject Game Preview Standalone (64-bit/PCD3D_SM5)' being destroyed
[2018.11.23-10.59.28:128][ 22]LogBlueprintUserMessages: Early EndPlayMap Detection: Level '/Game/cxd/Maps/2DSideScrollerExampleMap.2DSideScrollerExampleMap:PersistentLevel' has LevelScriptBlueprint '/Game/cxd/Maps/2DSideScrollerExampleMap.2DSideScrollerExampleMap:PersistentLevel.2DSideScrollerExampleMap' with GeneratedClass '/Game/cxd/Maps/2DSideScrollerExampleMap.2DSideScrollerExampleMap_C' with ClassGeneratedBy '/Game/cxd/Maps/2DSideScrollerExampleMap.2DSideScrollerExampleMap:PersistentLevel.2DSideScrollerExampleMap'
[2018.11.23-10.59.28:257][ 22]LogPlayLevel: Display: Shutting down PIE online subsystems
[2018.11.23-10.59.28:257][ 22]LogBlueprintUserMessages: Late EndPlayMap Detection: Level '/Game/cxd/Maps/2DSideScrollerExampleMap.2DSideScrollerExampleMap:PersistentLevel' has LevelScriptBlueprint '/Game/cxd/Maps/2DSideScrollerExampleMap.2DSideScrollerExampleMap:PersistentLevel.2DSideScrollerExampleMap' with GeneratedClass '/Game/cxd/Maps/2DSideScrollerExampleMap.2DSideScrollerExampleMap_C' with ClassGeneratedBy '/Game/cxd/Maps/2DSideScrollerExampleMap.2DSideScrollerExampleMap:PersistentLevel.2DSideScrollerExampleMap'
[2018.11.23-10.59.28:324][ 23]LogPlayLevel: Display: Destroying online subsystem :Context_8
[2018.11.23-10.59.30:324][132]LogEditorViewport: Clicking on Actor (LMB): MirrorBlock_C (MirrorBlock)
[2018.11.23-10.59.32:872][268]LogSlate: FSceneViewport::OnFocusLost() reason 0
[2018.11.23-10.59.33:605][272]LogSavePackage: Moving '../../../../../../unreal projects/JiuSeLu-master1118/JiuSeLu-master1112/JiuSeLu-master1112/Saved/2DSideScrollerExampleMap6FD434F74583A9B10B79A3ABABED4E92.tmp' to '../../../../../../unreal projects/JiuSeLu-master1118/JiuSeLu-master1112/JiuSeLu-master1112/Content/cxd/Maps/2DSideScrollerExampleMap.umap'
[2018.11.23-10.59.33:744][272]LogSavePackage: Moving '../../../../../../unreal projects/JiuSeLu-master1118/JiuSeLu-master1112/JiuSeLu-master1112/Saved/2DSideScrollerExampleMap_BuiltDaC31C80B74953A9B9F6673B89B9DC34AC.tmp' to '../../../../../../unreal projects/JiuSeLu-master1118/JiuSeLu-master1112/JiuSeLu-master1112/Content/cxd/Maps/2DSideScrollerExampleMap_BuiltData.uasset'
[2018.11.23-10.59.35:581][362]LogSlate: FSceneViewport::OnFocusLost() reason 0
[2018.11.23-10.59.42:579][716]LogEditorViewport: Clicking on Actor (LMB): Block_C (Block14)
[2018.11.23-10.59.43:637][773]LogEditorViewport: Clicking on Actor (LMB): MirrorBlock_C (MirrorBlock)
[2018.11.23-10.59.44:929][834]LogEditorViewport: Clicking on Actor (LMB): Block_C (Block14)
[2018.11.23-10.59.46:153][902]LogEditorViewport: Clicking on Actor (LMB): MirrorBlock_C (MirrorBlock)
[2018.11.23-10.59.46:737][934]LogEditorViewport: Clicking on Actor (LMB): Block_C (0)
[2018.11.23-10.59.48:643][ 25]LogEditorViewport: Clicking on Actor (LMB): MirrorBlock_C (MirrorBlock)
[2018.11.23-10.59.50:993][148]LogEditorViewport: Clicking Background
[2018.11.23-10.59.53:333][268]LogEditorViewport: Clicking on Actor (LMB): MirrorBlock_C (MirrorBlock)
[2018.11.23-10.59.53:745][290]LogEditorViewport: Clicking Background
[2018.11.23-10.59.54:256][317]LogSlate: FSceneViewport::OnFocusLost() reason 0
[2018.11.23-11.00.10:507][172]LogSlate: Window 'Save Content' being destroyed
[2018.11.23-11.00.10:695][172]LogSavePackage: Moving '../../../../../../unreal projects/JiuSeLu-master1118/JiuSeLu-master1112/JiuSeLu-master1112/Saved/2DSideScrollerCharacter0C9345D2468F0D71DBAC098FFB87CE1B.tmp' to '../../../../../../unreal projects/JiuSeLu-master1118/JiuSeLu-master1112/JiuSeLu-master1112/Content/2DSideScrollerBP/Blueprints/2DSideScrollerCharacter.uasset'
[2018.11.23-11.00.11:285][172]LogSavePackage: Moving '../../../../../../unreal projects/JiuSeLu-master1118/JiuSeLu-master1112/JiuSeLu-master1112/Saved/2DSideScrollerExampleMapFAAF6D8D463294E3EB80EDB3545C89FD.tmp' to '../../../../../../unreal projects/JiuSeLu-master1118/JiuSeLu-master1112/JiuSeLu-master1112/Content/cxd/Maps/2DSideScrollerExampleMap.umap'
[2018.11.23-11.00.11:339][172]LogFileHelpers: Saving map '2DSideScrollerExampleMap' took 0.619
[2018.11.23-11.00.11:346][172]Cmd: OBJ SAVEPACKAGE PACKAGE="/Game/LRJ/Block" FILE="../../../../../../unreal projects/JiuSeLu-master1118/JiuSeLu-master1112/JiuSeLu-master1112/Content/LRJ/Block.uasset" SILENT=true
[2018.11.23-11.00.11:549][172]LogSavePackage: Moving '../../../../../../unreal projects/JiuSeLu-master1118/JiuSeLu-master1112/JiuSeLu-master1112/Saved/BlockB4A9BDCA4FB3601C09BA98AAB6BBF7FD.tmp' to '../../../../../../unreal projects/JiuSeLu-master1118/JiuSeLu-master1112/JiuSeLu-master1112/Content/LRJ/Block.uasset'
[2018.11.23-11.00.11:572][172]Cmd: OBJ SAVEPACKAGE PACKAGE="/Game/LRJ/GameINS" FILE="../../../../../../unreal projects/JiuSeLu-master1118/JiuSeLu-master1112/JiuSeLu-master1112/Content/LRJ/GameINS.uasset" SILENT=true
[2018.11.23-11.00.11:732][172]LogSavePackage: Moving '../../../../../../unreal projects/JiuSeLu-master1118/JiuSeLu-master1112/JiuSeLu-master1112/Saved/GameINS69A6E67A48A5CE1F69E6CA9495662250.tmp' to '../../../../../../unreal projects/JiuSeLu-master1118/JiuSeLu-master1112/JiuSeLu-master1112/Content/LRJ/GameINS.uasset'
[2018.11.23-11.00.11:750][172]Cmd: OBJ SAVEPACKAGE PACKAGE="/Game/LRJ/MirrorBlock" FILE="../../../../../../unreal projects/JiuSeLu-master1118/JiuSeLu-master1112/JiuSeLu-master1112/Content/LRJ/MirrorBlock.uasset" SILENT=true
[2018.11.23-11.00.11:825][172]LogSavePackage: Moving '../../../../../../unreal projects/JiuSeLu-master1118/JiuSeLu-master1112/JiuSeLu-master1112/Saved/MirrorBlock751A343C42A35503D1F9489C816F0666.tmp' to '../../../../../../unreal projects/JiuSeLu-master1118/JiuSeLu-master1112/JiuSeLu-master1112/Content/LRJ/MirrorBlock.uasset'
[2018.11.23-11.00.12:336][172]LogActorComponent: UnregisterComponent: (/Engine/Transient.EditorFloorComp) Not registered. Aborting.
[2018.11.23-11.00.12:424][172]LogActorComponent: UnregisterComponent: (/Engine/Transient.EditorFloorComp) Not registered. Aborting.
[2018.11.23-11.00.12:522][172]LogActorComponent: UnregisterComponent: (/Engine/Transient.EditorFloorComp) Not registered. Aborting.
[2018.11.23-11.00.12:681][172]LogSlate: Window 'MyFirst2DProject - Unreal Editor' being destroyed
[2018.11.23-11.00.13:120][173]Cmd: QUIT_EDITOR
[2018.11.23-11.00.13:807][173]LogWindowsTextInputMethodSystem: Display: IME system now activated using TSF (搜狗拼音输入法).
[2018.11.23-11.00.13:885][173]LogExit: Preparing to exit.
[2018.11.23-11.00.15:584][173]LogDirectoryWatcher: A directory notification failed for 'D:/unreal projects/JiuSeLu-master1118/JiuSeLu-master1112/JiuSeLu-master1112/Content/', and we were unable to create a new request.
[2018.11.23-11.00.16:118][173]LogExit: Editor shut down
[2018.11.23-11.00.16:119][173]LogExit: Transaction tracking system shut down
[2018.11.23-11.00.20:667][173]LogExit: Object subsystem successfully closed.
[2018.11.23-11.00.21:094][173]LogShaderCompilers: Display: Shaders left to compile 0
[2018.11.23-11.00.21:121][173]LogD3D11RHI: Shutdown
[2018.11.23-11.00.21:121][173]LogD3D11RHI: CleanupD3DDevice
[2018.11.23-11.00.21:220][173]LogD3D11RHI: ~FD3D11DynamicRHI
[2018.11.23-11.00.22:319][173]LogModuleManager: Shutting down and abandoning module MovieSceneCapture (616)
[2018.11.23-11.00.22:319][173]LogModuleManager: Shutting down and abandoning module Voice (614)
[2018.11.23-11.00.22:330][173]LogModuleManager: Shutting down and abandoning module BlueprintGraph (612)
[2018.11.23-11.00.22:331][173]LogModuleManager: Shutting down and abandoning module HierarchicalLODOutliner (610)
[2018.11.23-11.00.22:331][173]LogModuleManager: Shutting down and abandoning module SceneOutliner (608)
[2018.11.23-11.00.22:331][173]LogModuleManager: Shutting down and abandoning module AddContentDialog (606)
[2018.11.23-11.00.22:345][173]LogModuleManager: Shutting down and abandoning module WidgetCarousel (605)
[2018.11.23-11.00.22:345][173]LogModuleManager: Shutting down and abandoning module EditorWidgets (602)
[2018.11.23-11.00.22:345][173]LogModuleManager: Shutting down and abandoning module CollectionManager (600)
[2018.11.23-11.00.22:350][173]LogModuleManager: Shutting down and abandoning module StatsViewer (598)
[2018.11.23-11.00.22:359][173]LogModuleManager: Shutting down and abandoning module FoliageEdit (596)
[2018.11.23-11.00.22:363][173]LogModuleManager: Shutting down and abandoning module LandscapeEditor (594)
[2018.11.23-11.00.22:398][173]LogModuleManager: Shutting down and abandoning module MeshPaintMode (592)
[2018.11.23-11.00.22:404][173]LogModuleManager: Shutting down and abandoning module SceneDepthPickerMode (590)
[2018.11.23-11.00.22:404][173]LogModuleManager: Shutting down and abandoning module ActorPickerMode (588)
[2018.11.23-11.00.22:404][173]LogModuleManager: Shutting down and abandoning module GeometryMode (586)
[2018.11.23-11.00.22:404][173]LogModuleManager: Shutting down and abandoning module TextureAlignMode (584)
[2018.11.23-11.00.22:404][173]LogModuleManager: Shutting down and abandoning module BspMode (582)
[2018.11.23-11.00.22:404][173]LogModuleManager: Shutting down and abandoning module PIEPreviewDeviceProfileSelector (580)
[2018.11.23-11.00.22:416][173]LogModuleManager: Shutting down and abandoning module SequenceRecorderSections (578)
[2018.11.23-11.00.22:420][173]LogModuleManager: Shutting down and abandoning module AutomationWorker (576)
[2018.11.23-11.00.22:420][173]LogModuleManager: Shutting down and abandoning module AudioCaptureEditor (574)
[2018.11.23-11.00.22:420][173]LogModuleManager: Shutting down and abandoning module SequenceRecorder (573)
[2018.11.23-11.00.22:456][173]LogModuleManager: Shutting down and abandoning module MatineeToLevelSequence (570)
[2018.11.23-11.00.22:471][173]LogModuleManager: Shutting down and abandoning module LevelSequenceEditor (568)
[2018.11.23-11.00.22:482][173]LogModuleManager: Shutting down and abandoning module PlacementMode (567)
[2018.11.23-11.00.22:482][173]LogModuleManager: Shutting down and abandoning module MaterialEditor (566)
[2018.11.23-11.00.22:518][173]LogModuleManager: Shutting down and abandoning module WmfMediaFactory (562)
[2018.11.23-11.00.22:518][173]LogModuleManager: Shutting down and abandoning module WmfMediaEditor (560)
[2018.11.23-11.00.22:518][173]LogModuleManager: Shutting down and abandoning module MediaPlayerEditor (558)
[2018.11.23-11.00.22:536][173]LogModuleManager: Shutting down and abandoning module OpenExrWrapper (556)
[2018.11.23-11.00.22:536][173]LogModuleManager: Shutting down and abandoning module ImgMediaFactory (554)
[2018.11.23-11.00.22:536][173]LogModuleManager: Shutting down and abandoning module ImgMediaEditor (552)
[2018.11.23-11.00.22:536][173]LogModuleManager: Shutting down and abandoning module AvfMediaFactory (550)
[2018.11.23-11.00.22:536][173]LogModuleManager: Shutting down and abandoning module AvfMediaEditor (548)
[2018.11.23-11.00.22:536][173]LogModuleManager: Shutting down and abandoning module AndroidMediaFactory (546)
[2018.11.23-11.00.22:537][173]LogModuleManager: Shutting down and abandoning module AndroidMediaEditor (544)
[2018.11.23-11.00.22:537][173]LogModuleManager: Shutting down and abandoning module MagicLeapCameraPreviewFactory (542)
[2018.11.23-11.00.22:537][173]LogModuleManager: Shutting down and abandoning module MagicLeapMediaFactory (540)
[2018.11.23-11.00.22:537][173]LogModuleManager: Shutting down and abandoning module MagicLeapMediaEditor (538)
[2018.11.23-11.00.22:537][173]LogModuleManager: Shutting down and abandoning module CharacterAI (536)
[2018.11.23-11.00.22:537][173]LogModuleManager: Shutting down and abandoning module SmartSnapping (534)
[2018.11.23-11.00.22:537][173]LogModuleManager: Shutting down and abandoning module SessionServices (532)
[2018.11.23-11.00.22:537][173]LogModuleManager: Shutting down and abandoning module ViewportSnapping (530)
[2018.11.23-11.00.22:537][173]LogModuleManager: Shutting down and abandoning module ViewportInteraction (528)
[2018.11.23-11.00.22:537][173]LogModuleManager: Shutting down and abandoning module ClothPainter (526)
[2018.11.23-11.00.22:559][173]LogModuleManager: Shutting down and abandoning module SkeletalMeshEditor (525)
[2018.11.23-11.00.22:575][173]LogModuleManager: Shutting down and abandoning module LogVisualizer (522)
[2018.11.23-11.00.22:593][173]LogModuleManager: Shutting down and abandoning module IntroTutorials (520)
[2018.11.23-11.00.22:620][173]LogModuleManager: Shutting down and abandoning module GameProjectGeneration (519)
[2018.11.23-11.00.22:641][173]LogModuleManager: Shutting down and abandoning module LuminPlatformEditor (516)
[2018.11.23-11.00.22:641][173]LogModuleManager: Shutting down and abandoning module IOSPlatformEditor (514)
[2018.11.23-11.00.22:647][173]LogModuleManager: Shutting down and abandoning module HTML5PlatformEditor (512)
[2018.11.23-11.00.22:647][173]LogModuleManager: Shutting down and abandoning module AndroidPlatformEditor (510)
[2018.11.23-11.00.22:647][173]LogModuleManager: Shutting down and abandoning module AndroidDeviceDetection (509)
[2018.11.23-11.00.23:283][173]LogModuleManager: Shutting down and abandoning module WindowsPlatformEditor (506)
[2018.11.23-11.00.23:284][173]LogModuleManager: Shutting down and abandoning module LuminRuntimeSettings (504)
[2018.11.23-11.00.23:284][173]LogModuleManager: Shutting down and abandoning module IOSRuntimeSettings (502)
[2018.11.23-11.00.23:284][173]LogModuleManager: Shutting down and abandoning module AndroidRuntimeSettings (500)
[2018.11.23-11.00.23:284][173]LogModuleManager: Shutting down and abandoning module InputBindingEditor (498)
[2018.11.23-11.00.23:312][173]LogModuleManager: Shutting down and abandoning module MergeActors (496)
[2018.11.23-11.00.23:342][173]LogModuleManager: Shutting down and abandoning module LocalizationDashboard (494)
[2018.11.23-11.00.23:408][173]LogModuleManager: Shutting down and abandoning module LocalizationService (493)
[2018.11.23-11.00.23:417][173]LogModuleManager: Shutting down and abandoning module HardwareTargeting (490)
[2018.11.23-11.00.23:417][173]LogModuleManager: Shutting down and abandoning module DeviceProfileEditor (488)
[2018.11.23-11.00.23:417][173]LogModuleManager: Shutting down and abandoning module UndoHistory (486)
[2018.11.23-11.00.23:427][173]LogModuleManager: Shutting down and abandoning module XmlParser (484)
[2018.11.23-11.00.23:427][173]LogModuleManager: Shutting down and abandoning module Blutility (482)
[2018.11.23-11.00.23:439][173]LogModuleManager: Shutting down and abandoning module ProjectSettingsViewer (480)
[2018.11.23-11.00.23:439][173]LogModuleManager: Shutting down and abandoning module ProjectTargetPlatformEditor (479)
[2018.11.23-11.00.23:439][173]LogModuleManager: Shutting down and abandoning module EditorSettingsViewer (476)
[2018.11.23-11.00.23:439][173]LogModuleManager: Shutting down and abandoning module SettingsEditor (474)
[2018.11.23-11.00.23:506][173]LogModuleManager: Shutting down and abandoning module ProjectLauncher (472)
[2018.11.23-11.00.23:523][173]LogModuleManager: Shutting down and abandoning module SessionFrontend (470)
[2018.11.23-11.00.23:528][173]LogModuleManager: Shutting down and abandoning module ProfilerClient (468)
[2018.11.23-11.00.23:531][173]LogModuleManager: Shutting down and abandoning module DeviceManager (466)
[2018.11.23-11.00.23:543][173]LogModuleManager: Shutting down and abandoning module TargetDeviceServices (465)
[2018.11.23-11.00.23:668][173]LogModuleManager: Shutting down and abandoning module AutomationController (462)
[2018.11.23-11.00.23:690][173]LogModuleManager: Shutting down and abandoning module AutomationWindow (460)
[2018.11.23-11.00.23:739][173]LogModuleManager: Shutting down and abandoning module Layers (458)
[2018.11.23-11.00.23:880][173]LogModuleManager: Shutting down and abandoning module ComponentVisualizers (456)
[2018.11.23-11.00.23:880][173]LogModuleManager: Shutting down and abandoning module DetailCustomizations (454)
[2018.11.23-11.00.24:139][173]LogModuleManager: Shutting down and abandoning module PackagesDialog (452)
[2018.11.23-11.00.24:139][173]LogModuleManager: Shutting down and abandoning module Persona (450)
[2018.11.23-11.00.24:192][173]LogModuleManager: Shutting down and abandoning module AdvancedPreviewScene (449)
[2018.11.23-11.00.24:192][173]LogModuleManager: Shutting down and abandoning module AnimGraph (447)
[2018.11.23-11.00.24:204][173]LogModuleManager: Shutting down and abandoning module Kismet (444)
[2018.11.23-11.00.24:220][173]LogModuleManager: Shutting down and abandoning module GraphEditor (442)
[2018.11.23-11.00.24:220][173]LogModuleManager: Shutting down and abandoning module ClassViewer (440)
[2018.11.23-11.00.24:220][173]LogModuleManager: Shutting down and abandoning module Toolbox (438)
[2018.11.23-11.00.24:220][173]LogModuleManager: Shutting down and abandoning module ModuleUI (436)
[2018.11.23-11.00.24:225][173]LogModuleManager: Shutting down and abandoning module MovieSceneTools (434)
[2018.11.23-11.00.24:244][173]LogModuleManager: Shutting down and abandoning module OutputLog (432)
[2018.11.23-11.00.24:245][173]LogModuleManager: Shutting down and abandoning module GammaUI (430)
[2018.11.23-11.00.24:252][173]LogModuleManager: Shutting down and abandoning module Documentation (428)
[2018.11.23-11.00.24:252][173]LogModuleManager: Shutting down and abandoning module MovieSceneTracks (426)
[2018.11.23-11.00.24:252][173]LogModuleManager: Shutting down and abandoning module MovieScene (424)
[2018.11.23-11.00.24:263][173]LogModuleManager: Shutting down and abandoning module StreamingPauseRendering (422)
[2018.11.23-11.00.24:270][173]LogModuleManager: Shutting down and abandoning module LauncherPlatform (420)
[2018.11.23-11.00.24:270][173]LogModuleManager: Shutting down and abandoning module AnalyticsET (418)
[2018.11.23-11.00.24:270][173]LogModuleManager: Shutting down and abandoning module PortalServices (416)
[2018.11.23-11.00.24:270][173]LogModuleManager: Shutting down and abandoning module PortalRpc (414)
[2018.11.23-11.00.24:270][173]LogModuleManager: Shutting down and abandoning module MessagingRpc (412)
[2018.11.23-11.00.24:270][173]LogModuleManager: Shutting down and abandoning module AIModule (410)
[2018.11.23-11.00.24:303][173]LogModuleManager: Shutting down and abandoning module GameplayDebugger (409)
[2018.11.23-11.00.24:334][173]LogModuleManager: Shutting down and abandoning module AITestSuite (407)
[2018.11.23-11.00.24:366][173]LogModuleManager: Shutting down and abandoning module NavigationSystem (405)
[2018.11.23-11.00.24:366][173]LogModuleManager: Shutting down and abandoning module DesktopPlatform (402)
[2018.11.23-11.00.24:366][173]LogModuleManager: Shutting down and abandoning module ProfilerService (400)
[2018.11.23-11.00.24:518][173]LogModuleManager: Shutting down and abandoning module TaskGraph (398)
[2018.11.23-11.00.24:538][173]LogModuleManager: Shutting down and abandoning module SteamVRController (396)
[2018.11.23-11.00.24:538][173]LogModuleManager: Shutting down and abandoning module ProceduralMeshComponentEditor (394)
[2018.11.23-11.00.24:538][173]LogModuleManager: Shutting down and abandoning module ProceduralMeshComponent (392)
[2018.11.23-11.00.24:552][173]LogModuleManager: Shutting down and abandoning module OculusInput (390)
[2018.11.23-11.00.24:552][173]LogModuleManager: Shutting down and abandoning module MobilePatchingUtils (388)
[2018.11.23-11.00.24:552][173]LogModuleManager: Shutting down and abandoning module EditableMesh (386)
[2018.11.23-11.00.24:559][173]LogModuleManager: Shutting down and abandoning module CustomMeshComponent (384)
[2018.11.23-11.00.24:559][173]LogModuleManager: Shutting down and abandoning module CableComponent (382)
[2018.11.23-11.00.24:559][173]LogModuleManager: Shutting down and abandoning module AudioCapture (380)
[2018.11.23-11.00.24:559][173]LogModuleManager: Shutting down and abandoning module ArchVisCharacter (378)
[2018.11.23-11.00.24:559][173]LogModuleManager: Shutting down and abandoning module AndroidPermission (376)
[2018.11.23-11.00.24:559][173]LogModuleManager: Shutting down and abandoning module NUTUnrealEngine4 (374)
[2018.11.23-11.00.24:559][173]LogModuleManager: Shutting down and abandoning module NetcodeUnitTest (372)
[2018.11.23-11.00.24:584][173]LogModuleManager: Shutting down and abandoning module MediaCompositingEditor (370)
[2018.11.23-11.00.24:584][173]LogModuleManager: Shutting down and abandoning module MediaCompositing (368)
[2018.11.23-11.00.24:584][173]LogModuleManager: Shutting down and abandoning module LinearTimecode (366)
[2018.11.23-11.00.24:584][173]LogModuleManager: Shutting down and abandoning module ImgMedia (364)
[2018.11.23-11.00.24:598][173]LogModuleManager: Shutting down and abandoning module HTML5Networking (362)
[2018.11.23-11.00.24:598][173]LogModuleManager: Shutting down and abandoning module GeometryCacheTracks (360)
[2018.11.23-11.00.24:598][173]LogModuleManager: Shutting down and abandoning module GeometryCacheSequencer (358)
[2018.11.23-11.00.24:598][173]LogModuleManager: Shutting down and abandoning module BackChannel (356)
[2018.11.23-11.00.24:610][173]LogModuleManager: Shutting down and abandoning module AppleVision (354)
[2018.11.23-11.00.24:610][173]LogModuleManager: Shutting down and abandoning module AppleImageUtils (352)
[2018.11.23-11.00.24:611][173]LogModuleManager: Shutting down and abandoning module AlembicImporter (350)
[2018.11.23-11.00.24:611][173]LogModuleManager: Shutting down and abandoning module AlembicLibrary (349)
[2018.11.23-11.00.24:611][173]LogModuleManager: Shutting down and abandoning module GeometryCache (348)
[2018.11.23-11.00.24:611][173]LogModuleManager: Shutting down and abandoning module GeometryCacheEd (347)
[2018.11.23-11.00.24:611][173]LogModuleManager: Shutting down and abandoning module DatasmithContentEditor (342)
[2018.11.23-11.00.24:615][173]LogModuleManager: Shutting down and abandoning module DatasmithContent (340)
[2018.11.23-11.00.24:617][173]LogModuleManager: Shutting down and abandoning module SpeedTreeImporter (338)
[2018.11.23-11.00.24:617][173]LogModuleManager: Shutting down and abandoning module PluginBrowser (336)
[2018.11.23-11.00.24:631][173]LogModuleManager: Shutting down and abandoning module MobileLauncherProfileWizard (334)
[2018.11.23-11.00.24:637][173]LogModuleManager: Shutting down and abandoning module PolygonModeling (332)
[2018.11.23-11.00.24:637][173]LogModuleManager: Shutting down and abandoning module MeshEditor (330)
[2018.11.23-11.00.24:643][173]LogModuleManager: Shutting down and abandoning module CryptoKeysOpenSSL (328)
[2018.11.23-11.00.24:648][173]LogModuleManager: Shutting down and abandoning module CryptoKeys (326)
[2018.11.23-11.00.24:648][173]LogModuleManager: Shutting down and abandoning module VisualStudioSourceCodeAccess (324)
[2018.11.23-11.00.24:648][173]LogModuleManager: Shutting down and abandoning module VisualStudioCodeSourceCodeAccess (322)
[2018.11.23-11.00.24:648][173]LogModuleManager: Shutting down and abandoning module UObjectPlugin (320)
[2018.11.23-11.00.24:648][173]LogModuleManager: Shutting down and abandoning module SubversionSourceControl (318)
[2018.11.23-11.00.24:653][173]LogModuleManager: Shutting down and abandoning module PerforceSourceControl (316)
[2018.11.23-11.00.24:662][173]LogModuleManager: Shutting down and abandoning module GitSourceControl (314)
[2018.11.23-11.00.24:670][173]LogModuleManager: Shutting down and abandoning module SourceControl (313)
[2018.11.23-11.00.24:680][173]LogModuleManager: Shutting down and abandoning module CLionSourceCodeAccess (310)
[2018.11.23-11.00.24:680][173]LogModuleManager: Shutting down and abandoning module LightPropagationVolumeEditor (308)
[2018.11.23-11.00.24:680][173]LogModuleManager: Shutting down and abandoning module PaperTiledImporter (306)
[2018.11.23-11.00.24:680][173]LogModuleManager: Shutting down and abandoning module PaperSpriteSheetImporter (304)
[2018.11.23-11.00.24:680][173]LogModuleManager: Shutting down and abandoning module Paper2DEditor (302)
[2018.11.23-11.00.24:704][173]LogModuleManager: Shutting down and abandoning module MeshPaint (301)
[2018.11.23-11.00.24:712][173]LogModuleManager: Shutting down and abandoning module RuntimePhysXCooking (298)
[2018.11.23-11.00.24:712][173]LogModuleManager: Shutting down and abandoning module PhysXVehiclesEditor (296)
[2018.11.23-11.00.24:712][173]LogModuleManager: Shutting down and abandoning module PhysXVehicles (294)
[2018.11.23-11.00.24:712][173]LogModuleManager: Shutting down and abandoning module OculusEditor (292)
[2018.11.23-11.00.24:719][173]LogModuleManager: Shutting down and abandoning module LocationServicesBPLibrary (290)
[2018.11.23-11.00.24:719][173]LogModuleManager: Shutting down and abandoning module ImmediatePhysicsEditor (288)
[2018.11.23-11.00.24:719][173]LogModuleManager: Shutting down and abandoning module ImmediatePhysics (286)
[2018.11.23-11.00.24:726][173]LogModuleManager: Shutting down and abandoning module ActorSequence (284)
[2018.11.23-11.00.24:726][173]LogModuleManager: Shutting down and abandoning module UdpMessaging (282)
[2018.11.23-11.00.24:827][173]LogModuleManager: Shutting down and abandoning module TcpMessaging (280)
[2018.11.23-11.00.24:938][173]LogModuleManager: Shutting down and abandoning module MagicLeapAudio (278)
[2018.11.23-11.00.24:938][173]LogModuleManager: Shutting down and abandoning module GameplayTagsEditor (276)
[2018.11.23-11.00.24:981][173]LogModuleManager: Shutting down and abandoning module FacialAnimationEditor (274)
[2018.11.23-11.00.24:981][173]LogModuleManager: Shutting down and abandoning module FacialAnimation (272)
[2018.11.23-11.00.24:981][173]LogModuleManager: Shutting down and abandoning module DataValidation (270)
[2018.11.23-11.00.24:981][173]LogModuleManager: Shutting down and abandoning module AssetManagerEditor (268)
[2018.11.23-11.00.25:044][173]LogModuleManager: Shutting down and abandoning module LevelEditor (267)
[2018.11.23-11.00.25:081][173]LogModuleManager: Shutting down and abandoning module PixelInspectorModule (266)
[2018.11.23-11.00.25:106][173]LogModuleManager: Shutting down and abandoning module CommonMenuExtensions (264)
[2018.11.23-11.00.25:107][173]LogModuleManager: Shutting down and abandoning module MainFrame (262)
[2018.11.23-11.00.25:133][173]LogModuleManager: Shutting down and abandoning module HotReload (261)
[2018.11.23-11.00.25:163][173]LogModuleManager: Shutting down and abandoning module ContentBrowser (257)
[2018.11.23-11.00.25:165][173]LogModuleManager: Shutting down and abandoning module TreeMap (255)
[2018.11.23-11.00.25:176][173]LogModuleManager: Shutting down and abandoning module LightPropagationVolumeRuntime (252)
[2018.11.23-11.00.25:176][173]LogModuleManager: Shutting down and abandoning module AISupportModule (250)
[2018.11.23-11.00.25:176][173]LogModuleManager: Shutting down and abandoning module Paper2D (248)
[2018.11.23-11.00.25:176][173]LogModuleManager: Shutting down and abandoning module WindowsMoviePlayer (246)
[2018.11.23-11.00.25:188][173]LogModuleManager: Shutting down and abandoning module WmfMedia (244)
[2018.11.23-11.00.25:215][173]LogModuleManager: Shutting down and abandoning module Media (243)
[2018.11.23-11.00.25:223][173]LogModuleManager: Shutting down and abandoning module PacketHandler (240)
[2018.11.23-11.00.25:223][173]LogModuleManager: Shutting down and abandoning module ClothingSystemEditor (238)
[2018.11.23-11.00.25:223][173]LogModuleManager: Shutting down and abandoning module ClothingSystemRuntime (236)
[2018.11.23-11.00.25:236][173]LogModuleManager: Shutting down and abandoning module MediaAssets (234)
[2018.11.23-11.00.25:236][173]LogModuleManager: Shutting down and abandoning module Overlay (232)
[2018.11.23-11.00.25:236][173]LogModuleManager: Shutting down and abandoning module OverlayEditor (231)
[2018.11.23-11.00.25:236][173]LogModuleManager: Shutting down and abandoning module VREditor (228)
[2018.11.23-11.00.25:244][173]LogModuleManager: Shutting down and abandoning module StringTableEditor (226)
[2018.11.23-11.00.25:255][173]LogModuleManager: Shutting down and abandoning module GameplayTasksEditor (224)
[2018.11.23-11.00.25:255][173]LogModuleManager: Shutting down and abandoning module BehaviorTreeEditor (222)
[2018.11.23-11.00.25:368][173]LogModuleManager: Shutting down and abandoning module FunctionalTesting (220)
[2018.11.23-11.00.25:426][173]LogModuleManager: Shutting down and abandoning module CollisionAnalyzer (218)
[2018.11.23-11.00.25:445][173]LogModuleManager: Shutting down and abandoning module WorkspaceMenuStructure (217)
[2018.11.23-11.00.25:446][173]LogModuleManager: Shutting down and abandoning module UMG (214)
[2018.11.23-11.00.25:455][173]LogModuleManager: Shutting down and abandoning module UMGEditor (213)
[2018.11.23-11.00.25:509][173]LogModuleManager: Shutting down and abandoning module Sequencer (212)
[2018.11.23-11.00.25:636][173]LogModuleManager: Shutting down and abandoning module MessageLog (209)
[2018.11.23-11.00.25:636][173]LogModuleManager: Shutting down and abandoning module SlateReflector (204)
[2018.11.23-11.00.25:666][173]LogModuleManager: Shutting down and abandoning module Slate (202)
[2018.11.23-11.00.25:666][173]LogModuleManager: Shutting down and abandoning module EditorStyle (200)
[2018.11.23-11.00.25:669][173]LogModuleManager: Shutting down and abandoning module MRMesh (198)
[2018.11.23-11.00.25:679][173]LogModuleManager: Shutting down and abandoning module SourceCodeAccess (196)
[2018.11.23-11.00.25:679][173]LogModuleManager: Shutting down and abandoning module HeadMountedDisplay (194)
[2018.11.23-11.00.25:679][173]LogModuleManager: Shutting down and abandoning module XAudio2 (192)
[2018.11.23-11.00.25:679][173]LogModuleManager: Shutting down and abandoning module Networking (190)
[2018.11.23-11.00.25:679][173]LogModuleManager: Shutting down and abandoning module Core (188)
[2018.11.23-11.00.25:679][173]LogModuleManager: Shutting down and abandoning module LevelSequence (186)
[2018.11.23-11.00.25:679][173]LogModuleManager: Shutting down and abandoning module KismetCompiler (184)
[2018.11.23-11.00.25:680][173]LogModuleManager: Shutting down and abandoning module MeshUtilities (182)
[2018.11.23-11.00.25:729][173]LogModuleManager: Shutting down and abandoning module MeshMergeUtilities (181)
[2018.11.23-11.00.25:746][173]LogModuleManager: Shutting down and abandoning module MeshReductionInterface (180)
[2018.11.23-11.00.25:746][173]LogModuleManager: Shutting down and abandoning module SimplygonSwarm (179)
[2018.11.23-11.00.25:756][173]LogModuleManager: Shutting down and abandoning module ProxyLODMeshReduction (177)
[2018.11.23-11.00.25:783][173]LogModuleManager: Shutting down and abandoning module SimplygonMeshReduction (175)
[2018.11.23-11.00.25:783][173]LogModuleManager: Shutting down and abandoning module QuadricMeshReduction (173)
[2018.11.23-11.00.25:795][173]LogModuleManager: Shutting down and abandoning module MaterialBaking (169)
[2018.11.23-11.00.25:804][173]LogModuleManager: Shutting down and abandoning module DirectoryWatcher (165)
[2018.11.23-11.00.25:804][173]LogModuleManager: Shutting down and abandoning module DerivedDataCache (162)
[2018.11.23-11.00.25:885][173]LogDerivedDataCache: Shutdown
[2018.11.23-11.00.25:885][173]LogModuleManager: Shutting down and abandoning module XGEController (160)
[2018.11.23-11.00.25:885][173]LogXGEController: Cleaning working directory: C:/Users/李仁杰/AppData/Local/Temp/UnrealXGEWorkingDir/
[2018.11.23-11.00.25:904][173]LogModuleManager: Shutting down and abandoning module TargetPlatform (158)
[2018.11.23-11.00.25:904][173]LogModuleManager: Shutting down and abandoning module VulkanShaderFormat (157)
[2018.11.23-11.00.25:910][173]LogModuleManager: Shutting down and abandoning module ShaderFormatVectorVM (155)
[2018.11.23-11.00.25:919][173]LogModuleManager: Shutting down and abandoning module ShaderFormatOpenGL (153)
[2018.11.23-11.00.25:921][173]LogModuleManager: Shutting down and abandoning module ShaderFormatD3D (151)
[2018.11.23-11.00.25:921][173]LogModuleManager: Shutting down and abandoning module MetalShaderFormat (149)
[2018.11.23-11.00.25:932][173]LogModuleManager: Shutting down and abandoning module TextureFormatUncompressed (147)
[2018.11.23-11.00.25:932][173]LogModuleManager: Shutting down and abandoning module TextureFormatPVR (145)
[2018.11.23-11.00.25:932][173]LogModuleManager: Shutting down and abandoning module TextureFormatDXT (143)
[2018.11.23-11.00.25:943][173]LogModuleManager: Shutting down and abandoning module TextureFormatIntelISPCTexComp (141)
[2018.11.23-11.00.25:953][173]LogModuleManager: Shutting down and abandoning module TextureFormatASTC (139)
[2018.11.23-11.00.25:953][173]LogModuleManager: Shutting down and abandoning module ImageWrapper (138)
[2018.11.23-11.00.25:953][173]LogModuleManager: Shutting down and abandoning module TextureFormatAndroid (135)
[2018.11.23-11.00.25:953][173]LogModuleManager: Shutting down and abandoning module AudioFormatOpus (133)
[2018.11.23-11.00.25:953][173]LogModuleManager: Shutting down and abandoning module AudioFormatOgg (131)
[2018.11.23-11.00.25:953][173]LogModuleManager: Shutting down and abandoning module AudioFormatADPCM (129)
[2018.11.23-11.00.25:953][173]LogModuleManager: Shutting down and abandoning module LuminTargetPlatform (127)
[2018.11.23-11.00.25:953][173]LogModuleManager: Shutting down and abandoning module LinuxTargetPlatform (125)
[2018.11.23-11.00.25:953][173]LogModuleManager: Shutting down and abandoning module LinuxServerTargetPlatform (123)
[2018.11.23-11.00.25:953][173]LogModuleManager: Shutting down and abandoning module LinuxNoEditorTargetPlatform (121)
[2018.11.23-11.00.25:961][173]LogModuleManager: Shutting down and abandoning module LinuxClientTargetPlatform (119)
[2018.11.23-11.00.25:961][173]LogModuleManager: Shutting down and abandoning module TVOSTargetPlatform (117)
[2018.11.23-11.00.25:963][173]LogModuleManager: Shutting down and abandoning module Messaging (115)
[2018.11.23-11.00.25:963][173]LogModuleManager: Shutting down and abandoning module IOSTargetPlatform (113)
[2018.11.23-11.00.25:964][173]LogModuleManager: Shutting down and abandoning module HTML5TargetPlatform (111)
[2018.11.23-11.00.25:964][173]LogModuleManager: Shutting down and abandoning module AndroidTargetPlatform (109)
[2018.11.23-11.00.25:985][173]LogModuleManager: Shutting down and abandoning module WindowsTargetPlatform (107)
[2018.11.23-11.00.25:985][173]LogModuleManager: Shutting down and abandoning module WindowsServerTargetPlatform (105)
[2018.11.23-11.00.25:985][173]LogModuleManager: Shutting down and abandoning module WindowsNoEditorTargetPlatform (103)
[2018.11.23-11.00.25:985][173]LogModuleManager: Shutting down and abandoning module WindowsClientTargetPlatform (101)
[2018.11.23-11.00.25:985][173]LogModuleManager: Shutting down and abandoning module MacTargetPlatform (99)
[2018.11.23-11.00.25:985][173]LogModuleManager: Shutting down and abandoning module MacServerTargetPlatform (97)
[2018.11.23-11.00.25:985][173]LogModuleManager: Shutting down and abandoning module MacNoEditorTargetPlatform (95)
[2018.11.23-11.00.25:985][173]LogModuleManager: Shutting down and abandoning module MacClientTargetPlatform (93)
[2018.11.23-11.00.25:985][173]LogModuleManager: Shutting down and abandoning module AllDesktopTargetPlatform (91)
[2018.11.23-11.00.25:985][173]LogModuleManager: Shutting down and abandoning module InputCore (88)
[2018.11.23-11.00.25:985][173]LogModuleManager: Shutting down and abandoning module Settings (86)
[2018.11.23-11.00.25:985][173]LogModuleManager: Shutting down and abandoning module PhysXCooking (84)
[2018.11.23-11.00.25:985][173]LogModuleManager: Shutting down and abandoning module SteamVR (82)
[2018.11.23-11.00.26:016][173]LogModuleManager: Shutting down and abandoning module OculusHMD (80)
[2018.11.23-11.00.26:076][173]LogModuleManager: Shutting down and abandoning module ExampleDeviceProfileSelector (78)
[2018.11.23-11.00.26:076][173]LogModuleManager: Shutting down and abandoning module LauncherChunkInstaller (76)
[2018.11.23-11.00.26:076][173]LogModuleManager: Shutting down and abandoning module OnlineBlueprintSupport (74)
[2018.11.23-11.00.26:076][173]LogModuleManager: Shutting down and abandoning module OnlineSubsystem (70)
[2018.11.23-11.00.26:118][173]LogModuleManager: Shutting down and abandoning module XMPP (65)
[2018.11.23-11.00.26:135][173]LogModuleManager: Shutting down and abandoning module WebSockets (64)
[2018.11.23-11.00.26:194][173]LogModuleManager: Shutting down and abandoning module HTTP (61)
[2018.11.23-11.00.26:224][173]LogHttp: Display: Http module shutting down, but needs to wait on 2 outstanding Http requests:
[2018.11.23-11.00.26:224][173]LogHttp: Display: 	verb=[POST] url=[https://datarouter.ol.epicgames.com/datarouter/api/v1/public/data?SessionID=%7B0B1354F4-49B4-AE5E-7E57-21B5B509E434%7D&AppID=UEEditor.Rocket.Release&AppVersion=4.20.2-4302132%2B%2B%2BUE4%2BRelease-4.20&UserID=13d9fa7b41c1559305e9a79df4d54a11%7C96a361a4deaf442095fbbdfc4237100f%7C55280819-2524-4757-bde6-a0477dea7ea0&AppEnvironment=datacollector-binary&UploadType=eteventstream] status=Processing
[2018.11.23-11.00.26:224][173]LogHttp: Display: 	verb=[POST] url=[https://datarouter.ol.epicgames.com/datarouter/api/v1/public/data?SessionID=%7B0B1354F4-49B4-AE5E-7E57-21B5B509E434%7D&AppID=UEEditor.Rocket.Release&AppVersion=4.20.2-4302132%2B%2B%2BUE4%2BRelease-4.20&UserID=13d9fa7b41c1559305e9a79df4d54a11%7C96a361a4deaf442095fbbdfc4237100f%7C55280819-2524-4757-bde6-a0477dea7ea0&AppEnvironment=datacollector-binary&UploadType=eteventstream] status=Processing
[2018.11.23-11.00.26:249][173]LogModuleManager: Shutting down and abandoning module SSL (60)
[2018.11.23-11.00.26:268][173]LogModuleManager: Shutting down and abandoning module MagicLeapEmulator (56)
[2018.11.23-11.00.26:268][173]LogModuleManager: Shutting down and abandoning module MagicLeapPrivileges (54)
[2018.11.23-11.00.26:268][173]LogModuleManager: Shutting down and abandoning module MagicLeapIdentity (52)
[2018.11.23-11.00.26:268][173]LogModuleManager: Shutting down and abandoning module MagicLeapHelperVulkan (50)
[2018.11.23-11.00.26:268][173]LogModuleManager: Shutting down and abandoning module MagicLeapHelperOpenGL (48)
[2018.11.23-11.00.26:268][173]LogModuleManager: Shutting down and abandoning module MagicLeapSecureStorage (46)
[2018.11.23-11.00.26:268][173]LogModuleManager: Shutting down and abandoning module MagicLeapGestures (44)
[2018.11.23-11.00.26:268][173]LogModuleManager: Shutting down and abandoning module MagicLeapEyeTracker (42)
[2018.11.23-11.00.26:268][173]LogModuleManager: Shutting down and abandoning module MagicLeapController (40)
[2018.11.23-11.00.26:269][173]LogSlate: Slate User Destroyed.  User Index 0, Is Virtual User: 0
[2018.11.23-11.00.26:269][173]LogModuleManager: Shutting down and abandoning module MagicLeap (38)
[2018.11.23-11.00.26:306][173]LogModuleManager: Shutting down and abandoning module AnimationModifiers (36)
[2018.11.23-11.00.26:324][173]LogModuleManager: Shutting down and abandoning module PropertyEditor (35)
[2018.11.23-11.00.26:330][173]LogModuleManager: Shutting down and abandoning module AudioEditor (32)
[2018.11.23-11.00.26:451][173]LogModuleManager: Shutting down and abandoning module TextureCompressor (30)
[2018.11.23-11.00.26:477][173]LogModuleManager: Shutting down and abandoning module ShaderCore (28)
[2018.11.23-11.00.26:477][173]LogModuleManager: Shutting down and abandoning module Landscape (26)
[2018.11.23-11.00.26:477][173]LogModuleManager: Shutting down and abandoning module SlateRHIRenderer (24)
[2018.11.23-11.00.26:575][173]LogModuleManager: Shutting down and abandoning module OpenGLDrv (22)
[2018.11.23-11.00.26:596][173]LogModuleManager: Shutting down and abandoning module D3D11RHI (20)
[2018.11.23-11.00.26:596][173]LogModuleManager: Shutting down and abandoning module AnimGraphRuntime (18)
[2018.11.23-11.00.26:617][173]LogModuleManager: Shutting down and abandoning module Renderer (16)
[2018.11.23-11.00.26:617][173]LogModuleManager: Shutting down and abandoning module Engine (14)
[2018.11.23-11.00.26:617][173]LogModuleManager: Shutting down and abandoning module CoreUObject (12)
[2018.11.23-11.00.26:617][173]LogModuleManager: Shutting down and abandoning module NetworkFile (10)
[2018.11.23-11.00.26:653][173]LogModuleManager: Shutting down and abandoning module CookedIterativeFile (8)
[2018.11.23-11.00.26:653][173]LogModuleManager: Shutting down and abandoning module StreamingFile (6)
[2018.11.23-11.00.26:656][173]LogModuleManager: Shutting down and abandoning module SandboxFile (4)
[2018.11.23-11.00.26:656][173]LogModuleManager: Shutting down and abandoning module PakFile (2)
[2018.11.23-11.00.26:686][173]LogExit: Exiting.
[2018.11.23-11.00.26:693][173]Log file closed, 11/23/18 19:00:26
